<?xml version="1.0" encoding="UTF-8"?>
<coverage generated="1681291916889" clover="3.2.0">
  <project timestamp="1681291916889" name="All files">
    <metrics statements="388" coveredstatements="236" conditionals="164" coveredconditionals="109" methods="99" coveredmethods="69" elements="651" coveredelements="414" complexity="0" loc="388" ncloc="388" packages="1" files="3" classes="3"/>
    <file name="cacheStatus.ts" path="/Users/bibianapprd/Desktop/code/react-native-tappay-hook/src/cacheStatus.ts">
      <metrics statements="36" coveredstatements="36" conditionals="0" coveredconditionals="0" methods="24" coveredmethods="24"/>
      <line num="1" count="3" type="stmt"/>
      <line num="2" count="3" type="stmt"/>
      <line num="3" count="3" type="stmt"/>
      <line num="4" count="3" type="stmt"/>
      <line num="5" count="3" type="stmt"/>
      <line num="6" count="3" type="stmt"/>
      <line num="7" count="3" type="stmt"/>
      <line num="8" count="3" type="stmt"/>
      <line num="9" count="3" type="stmt"/>
      <line num="10" count="3" type="stmt"/>
      <line num="11" count="3" type="stmt"/>
      <line num="12" count="3" type="stmt"/>
      <line num="15" count="2" type="stmt"/>
      <line num="18" count="30" type="stmt"/>
      <line num="22" count="79" type="stmt"/>
      <line num="25" count="76" type="stmt"/>
      <line num="29" count="16" type="stmt"/>
      <line num="32" count="37" type="stmt"/>
      <line num="36" count="4" type="stmt"/>
      <line num="39" count="27" type="stmt"/>
      <line num="43" count="4" type="stmt"/>
      <line num="46" count="27" type="stmt"/>
      <line num="50" count="8" type="stmt"/>
      <line num="53" count="27" type="stmt"/>
      <line num="57" count="5" type="stmt"/>
      <line num="60" count="27" type="stmt"/>
      <line num="64" count="11" type="stmt"/>
      <line num="67" count="27" type="stmt"/>
      <line num="71" count="11" type="stmt"/>
      <line num="74" count="27" type="stmt"/>
      <line num="78" count="11" type="stmt"/>
      <line num="81" count="27" type="stmt"/>
      <line num="85" count="11" type="stmt"/>
      <line num="88" count="27" type="stmt"/>
      <line num="92" count="11" type="stmt"/>
      <line num="95" count="27" type="stmt"/>
    </file>
    <file name="fp.ts" path="/Users/bibianapprd/Desktop/code/react-native-tappay-hook/src/fp.ts">
      <metrics statements="187" coveredstatements="187" conditionals="107" coveredconditionals="107" methods="42" coveredmethods="42"/>
      <line num="34" count="10" type="cond" truecount="2" falsecount="0"/>
      <line num="35" count="4" type="stmt"/>
      <line num="38" count="6" type="stmt"/>
      <line num="40" count="6" type="stmt"/>
      <line num="41" count="6" type="stmt"/>
      <line num="42" count="6" type="stmt"/>
      <line num="43" count="5" type="stmt"/>
      <line num="44" count="5" type="stmt"/>
      <line num="46" count="1" type="stmt"/>
      <line num="47" count="1" type="stmt"/>
      <line num="48" count="1" type="stmt"/>
      <line num="50" count="1" type="stmt"/>
      <line num="54" count="6" type="stmt"/>
      <line num="58" count="8" type="stmt"/>
      <line num="59" count="8" type="cond" truecount="2" falsecount="0"/>
      <line num="60" count="2" type="stmt"/>
      <line num="62" count="6" type="stmt"/>
      <line num="63" count="6" type="stmt"/>
      <line num="64" count="6" type="stmt"/>
      <line num="73" count="5" type="stmt"/>
      <line num="79" count="5" type="stmt"/>
      <line num="81" count="5" type="stmt"/>
      <line num="88" count="3" type="stmt"/>
      <line num="91" count="3" type="stmt"/>
      <line num="95" count="3" type="cond" truecount="2" falsecount="0"/>
      <line num="96" count="1" type="stmt"/>
      <line num="98" count="2" type="stmt"/>
      <line num="101" count="2" type="stmt"/>
      <line num="102" count="2" type="stmt"/>
      <line num="109" count="4" type="cond" truecount="2" falsecount="0"/>
      <line num="110" count="1" type="stmt"/>
      <line num="112" count="3" type="cond" truecount="2" falsecount="0"/>
      <line num="113" count="1" type="stmt"/>
      <line num="115" count="2" type="cond" truecount="2" falsecount="0"/>
      <line num="116" count="1" type="stmt"/>
      <line num="118" count="1" type="stmt"/>
      <line num="122" count="1" type="stmt"/>
      <line num="126" count="3" type="cond" truecount="2" falsecount="0"/>
      <line num="127" count="1" type="stmt"/>
      <line num="129" count="2" type="stmt"/>
      <line num="138" count="3" type="cond" truecount="2" falsecount="0"/>
      <line num="139" count="1" type="stmt"/>
      <line num="142" count="2" type="stmt"/>
      <line num="148" count="2" type="stmt"/>
      <line num="149" count="2" type="cond" truecount="2" falsecount="0"/>
      <line num="153" count="4" type="cond" truecount="2" falsecount="0"/>
      <line num="154" count="2" type="stmt"/>
      <line num="156" count="2" type="cond" truecount="2" falsecount="0"/>
      <line num="157" count="1" type="stmt"/>
      <line num="159" count="1" type="stmt"/>
      <line num="160" count="1" type="stmt"/>
      <line num="164" count="3" type="cond" truecount="2" falsecount="0"/>
      <line num="165" count="1" type="stmt"/>
      <line num="168" count="2" type="stmt"/>
      <line num="172" count="3" type="cond" truecount="2" falsecount="0"/>
      <line num="173" count="1" type="stmt"/>
      <line num="175" count="2" type="stmt"/>
      <line num="176" count="2" type="stmt"/>
      <line num="180" count="3" type="cond" truecount="2" falsecount="0"/>
      <line num="181" count="1" type="stmt"/>
      <line num="184" count="2" type="stmt"/>
      <line num="187" count="2" type="stmt"/>
      <line num="188" count="2" type="cond" truecount="2" falsecount="0"/>
      <line num="192" count="3" type="cond" truecount="2" falsecount="0"/>
      <line num="193" count="1" type="stmt"/>
      <line num="195" count="2" type="stmt"/>
      <line num="196" count="2" type="stmt"/>
      <line num="200" count="3" type="cond" truecount="2" falsecount="0"/>
      <line num="201" count="1" type="stmt"/>
      <line num="203" count="2" type="stmt"/>
      <line num="206" count="2" type="stmt"/>
      <line num="215" count="3" type="cond" truecount="2" falsecount="0"/>
      <line num="216" count="1" type="stmt"/>
      <line num="218" count="2" type="stmt"/>
      <line num="224" count="2" type="stmt"/>
      <line num="225" count="2" type="cond" truecount="2" falsecount="0"/>
      <line num="234" count="4" type="cond" truecount="2" falsecount="0"/>
      <line num="235" count="1" type="stmt"/>
      <line num="237" count="3" type="cond" truecount="2" falsecount="0"/>
      <line num="238" count="2" type="stmt"/>
      <line num="240" count="1" type="stmt"/>
      <line num="246" count="1" type="stmt"/>
      <line num="250" count="3" type="cond" truecount="2" falsecount="0"/>
      <line num="251" count="1" type="stmt"/>
      <line num="253" count="2" type="stmt"/>
      <line num="254" count="2" type="stmt"/>
      <line num="258" count="3" type="cond" truecount="2" falsecount="0"/>
      <line num="259" count="1" type="stmt"/>
      <line num="261" count="2" type="stmt"/>
      <line num="264" count="2" type="stmt"/>
      <line num="265" count="2" type="cond" truecount="2" falsecount="0"/>
      <line num="269" count="3" type="cond" truecount="2" falsecount="0"/>
      <line num="270" count="1" type="stmt"/>
      <line num="272" count="2" type="stmt"/>
      <line num="273" count="2" type="stmt"/>
      <line num="277" count="3" type="cond" truecount="2" falsecount="0"/>
      <line num="278" count="1" type="stmt"/>
      <line num="280" count="2" type="stmt"/>
      <line num="283" count="2" type="stmt"/>
      <line num="287" count="3" type="cond" truecount="2" falsecount="0"/>
      <line num="288" count="1" type="stmt"/>
      <line num="290" count="2" type="stmt"/>
      <line num="293" count="2" type="stmt"/>
      <line num="297" count="3" type="cond" truecount="2" falsecount="0"/>
      <line num="298" count="1" type="stmt"/>
      <line num="300" count="2" type="stmt"/>
      <line num="301" count="2" type="stmt"/>
      <line num="305" count="3" type="cond" truecount="2" falsecount="0"/>
      <line num="306" count="1" type="stmt"/>
      <line num="308" count="2" type="stmt"/>
      <line num="311" count="2" type="stmt"/>
      <line num="312" count="2" type="cond" truecount="2" falsecount="0"/>
      <line num="316" count="3" type="cond" truecount="2" falsecount="0"/>
      <line num="317" count="1" type="stmt"/>
      <line num="319" count="2" type="stmt"/>
      <line num="320" count="2" type="stmt"/>
      <line num="324" count="3" type="cond" truecount="2" falsecount="0"/>
      <line num="325" count="1" type="stmt"/>
      <line num="327" count="2" type="stmt"/>
      <line num="330" count="2" type="stmt"/>
      <line num="334" count="3" type="cond" truecount="2" falsecount="0"/>
      <line num="335" count="1" type="stmt"/>
      <line num="338" count="2" type="stmt"/>
      <line num="339" count="2" type="stmt"/>
      <line num="343" count="3" type="cond" truecount="2" falsecount="0"/>
      <line num="344" count="1" type="stmt"/>
      <line num="346" count="2" type="stmt"/>
      <line num="347" count="2" type="stmt"/>
      <line num="351" count="3" type="cond" truecount="2" falsecount="0"/>
      <line num="352" count="1" type="stmt"/>
      <line num="354" count="2" type="stmt"/>
      <line num="357" count="2" type="stmt"/>
      <line num="358" count="2" type="cond" truecount="2" falsecount="0"/>
      <line num="362" count="3" type="cond" truecount="2" falsecount="0"/>
      <line num="363" count="1" type="stmt"/>
      <line num="365" count="2" type="stmt"/>
      <line num="366" count="2" type="stmt"/>
      <line num="370" count="3" type="cond" truecount="2" falsecount="0"/>
      <line num="371" count="1" type="stmt"/>
      <line num="373" count="2" type="stmt"/>
      <line num="376" count="2" type="stmt"/>
      <line num="380" count="3" type="cond" truecount="2" falsecount="0"/>
      <line num="381" count="1" type="stmt"/>
      <line num="384" count="2" type="stmt"/>
      <line num="385" count="2" type="stmt"/>
      <line num="389" count="3" type="cond" truecount="2" falsecount="0"/>
      <line num="390" count="1" type="stmt"/>
      <line num="392" count="2" type="stmt"/>
      <line num="393" count="2" type="stmt"/>
      <line num="397" count="3" type="cond" truecount="2" falsecount="0"/>
      <line num="398" count="1" type="stmt"/>
      <line num="400" count="2" type="stmt"/>
      <line num="403" count="2" type="stmt"/>
      <line num="404" count="2" type="cond" truecount="2" falsecount="0"/>
      <line num="408" count="3" type="cond" truecount="2" falsecount="0"/>
      <line num="409" count="1" type="stmt"/>
      <line num="411" count="2" type="stmt"/>
      <line num="412" count="2" type="stmt"/>
      <line num="416" count="3" type="cond" truecount="2" falsecount="0"/>
      <line num="417" count="1" type="stmt"/>
      <line num="419" count="2" type="stmt"/>
      <line num="422" count="2" type="stmt"/>
      <line num="426" count="3" type="cond" truecount="2" falsecount="0"/>
      <line num="427" count="1" type="stmt"/>
      <line num="430" count="2" type="stmt"/>
      <line num="431" count="2" type="stmt"/>
      <line num="435" count="3" type="cond" truecount="2" falsecount="0"/>
      <line num="436" count="1" type="stmt"/>
      <line num="438" count="2" type="stmt"/>
      <line num="439" count="2" type="stmt"/>
      <line num="443" count="3" type="cond" truecount="2" falsecount="0"/>
      <line num="444" count="1" type="stmt"/>
      <line num="446" count="2" type="stmt"/>
      <line num="449" count="2" type="stmt"/>
      <line num="450" count="2" type="cond" truecount="2" falsecount="0"/>
      <line num="454" count="3" type="cond" truecount="2" falsecount="0"/>
      <line num="455" count="1" type="stmt"/>
      <line num="457" count="2" type="stmt"/>
      <line num="458" count="2" type="stmt"/>
      <line num="462" count="3" type="cond" truecount="2" falsecount="0"/>
      <line num="463" count="1" type="stmt"/>
      <line num="465" count="2" type="stmt"/>
      <line num="468" count="2" type="stmt"/>
      <line num="472" count="3" type="cond" truecount="2" falsecount="0"/>
      <line num="473" count="1" type="stmt"/>
      <line num="475" count="2" type="stmt"/>
      <line num="478" count="2" type="stmt"/>
    </file>
    <file name="hooks.ts" path="/Users/bibianapprd/Desktop/code/react-native-tappay-hook/src/hooks.ts">
      <metrics statements="165" coveredstatements="13" conditionals="57" coveredconditionals="2" methods="33" coveredmethods="3"/>
      <line num="26" count="1" type="stmt"/>
      <line num="40" count="4" type="stmt"/>
      <line num="42" count="4" type="stmt"/>
      <line num="43" count="2" type="stmt"/>
      <line num="44" count="2" type="stmt"/>
      <line num="45" count="2" type="stmt"/>
      <line num="46" count="2" type="cond" truecount="1" falsecount="1"/>
      <line num="47" count="0" type="stmt"/>
      <line num="49" count="2" type="cond" truecount="1" falsecount="1"/>
      <line num="50" count="2" type="stmt"/>
      <line num="52" count="2" type="stmt"/>
      <line num="64" count="2" type="stmt"/>
      <line num="66" count="2" type="stmt"/>
      <line num="74" count="0" type="stmt"/>
      <line num="75" count="0" type="stmt"/>
      <line num="80" count="4" type="stmt"/>
      <line num="84" count="0" type="stmt"/>
      <line num="85" count="0" type="stmt"/>
      <line num="86" count="0" type="stmt"/>
      <line num="87" count="0" type="stmt"/>
      <line num="88" count="0" type="stmt"/>
      <line num="89" count="0" type="cond" truecount="0" falsecount="2"/>
      <line num="90" count="0" type="stmt"/>
      <line num="92" count="0" type="cond" truecount="0" falsecount="2"/>
      <line num="93" count="0" type="stmt"/>
      <line num="95" count="0" type="stmt"/>
      <line num="96" count="0" type="stmt"/>
      <line num="98" count="0" type="stmt"/>
      <line num="103" count="0" type="stmt"/>
      <line num="107" count="0" type="stmt"/>
      <line num="108" count="0" type="stmt"/>
      <line num="110" count="0" type="stmt"/>
      <line num="111" count="0" type="stmt"/>
      <line num="112" count="0" type="stmt"/>
      <line num="113" count="0" type="stmt"/>
      <line num="114" count="0" type="cond" truecount="0" falsecount="2"/>
      <line num="115" count="0" type="stmt"/>
      <line num="117" count="0" type="cond" truecount="0" falsecount="2"/>
      <line num="118" count="0" type="stmt"/>
      <line num="121" count="0" type="stmt"/>
      <line num="123" count="0" type="stmt"/>
      <line num="124" count="0" type="stmt"/>
      <line num="126" count="0" type="stmt"/>
      <line num="131" count="0" type="stmt"/>
      <line num="140" count="0" type="stmt"/>
      <line num="141" count="0" type="stmt"/>
      <line num="143" count="0" type="stmt"/>
      <line num="144" count="0" type="stmt"/>
      <line num="145" count="0" type="stmt"/>
      <line num="146" count="0" type="stmt"/>
      <line num="147" count="0" type="cond" truecount="0" falsecount="2"/>
      <line num="148" count="0" type="stmt"/>
      <line num="150" count="0" type="cond" truecount="0" falsecount="2"/>
      <line num="151" count="0" type="stmt"/>
      <line num="154" count="0" type="stmt"/>
      <line num="161" count="0" type="stmt"/>
      <line num="162" count="0" type="stmt"/>
      <line num="164" count="0" type="stmt"/>
      <line num="169" count="0" type="stmt"/>
      <line num="173" count="0" type="stmt"/>
      <line num="174" count="0" type="stmt"/>
      <line num="176" count="0" type="stmt"/>
      <line num="177" count="0" type="stmt"/>
      <line num="178" count="0" type="stmt"/>
      <line num="179" count="0" type="stmt"/>
      <line num="180" count="0" type="cond" truecount="0" falsecount="2"/>
      <line num="181" count="0" type="stmt"/>
      <line num="183" count="0" type="cond" truecount="0" falsecount="2"/>
      <line num="184" count="0" type="stmt"/>
      <line num="187" count="0" type="stmt"/>
      <line num="189" count="0" type="stmt"/>
      <line num="190" count="0" type="stmt"/>
      <line num="192" count="0" type="stmt"/>
      <line num="197" count="0" type="stmt"/>
      <line num="206" count="0" type="stmt"/>
      <line num="207" count="0" type="stmt"/>
      <line num="209" count="0" type="stmt"/>
      <line num="210" count="0" type="stmt"/>
      <line num="211" count="0" type="stmt"/>
      <line num="212" count="0" type="stmt"/>
      <line num="213" count="0" type="cond" truecount="0" falsecount="2"/>
      <line num="214" count="0" type="stmt"/>
      <line num="216" count="0" type="cond" truecount="0" falsecount="2"/>
      <line num="217" count="0" type="stmt"/>
      <line num="220" count="0" type="stmt"/>
      <line num="227" count="0" type="stmt"/>
      <line num="228" count="0" type="stmt"/>
      <line num="230" count="0" type="stmt"/>
      <line num="231" count="0" type="stmt"/>
      <line num="236" count="0" type="stmt"/>
      <line num="240" count="0" type="stmt"/>
      <line num="241" count="0" type="stmt"/>
      <line num="243" count="0" type="stmt"/>
      <line num="244" count="0" type="stmt"/>
      <line num="245" count="0" type="stmt"/>
      <line num="246" count="0" type="stmt"/>
      <line num="247" count="0" type="cond" truecount="0" falsecount="2"/>
      <line num="248" count="0" type="stmt"/>
      <line num="250" count="0" type="cond" truecount="0" falsecount="2"/>
      <line num="251" count="0" type="stmt"/>
      <line num="254" count="0" type="stmt"/>
      <line num="256" count="0" type="stmt"/>
      <line num="257" count="0" type="stmt"/>
      <line num="259" count="0" type="stmt"/>
      <line num="264" count="0" type="stmt"/>
      <line num="268" count="0" type="stmt"/>
      <line num="269" count="0" type="stmt"/>
      <line num="271" count="0" type="stmt"/>
      <line num="272" count="0" type="stmt"/>
      <line num="273" count="0" type="stmt"/>
      <line num="274" count="0" type="stmt"/>
      <line num="275" count="0" type="cond" truecount="0" falsecount="2"/>
      <line num="276" count="0" type="stmt"/>
      <line num="278" count="0" type="cond" truecount="0" falsecount="2"/>
      <line num="279" count="0" type="stmt"/>
      <line num="282" count="0" type="stmt"/>
      <line num="284" count="0" type="stmt"/>
      <line num="285" count="0" type="stmt"/>
      <line num="287" count="0" type="stmt"/>
      <line num="292" count="0" type="stmt"/>
      <line num="296" count="0" type="stmt"/>
      <line num="297" count="0" type="stmt"/>
      <line num="299" count="0" type="stmt"/>
      <line num="300" count="0" type="stmt"/>
      <line num="301" count="0" type="stmt"/>
      <line num="302" count="0" type="stmt"/>
      <line num="303" count="0" type="cond" truecount="0" falsecount="2"/>
      <line num="304" count="0" type="stmt"/>
      <line num="306" count="0" type="cond" truecount="0" falsecount="2"/>
      <line num="307" count="0" type="stmt"/>
      <line num="310" count="0" type="stmt"/>
      <line num="312" count="0" type="stmt"/>
      <line num="313" count="0" type="stmt"/>
      <line num="315" count="0" type="stmt"/>
      <line num="320" count="0" type="stmt"/>
      <line num="324" count="0" type="stmt"/>
      <line num="325" count="0" type="stmt"/>
      <line num="327" count="0" type="stmt"/>
      <line num="328" count="0" type="stmt"/>
      <line num="329" count="0" type="stmt"/>
      <line num="330" count="0" type="stmt"/>
      <line num="331" count="0" type="cond" truecount="0" falsecount="2"/>
      <line num="332" count="0" type="stmt"/>
      <line num="334" count="0" type="cond" truecount="0" falsecount="2"/>
      <line num="335" count="0" type="stmt"/>
      <line num="338" count="0" type="stmt"/>
      <line num="340" count="0" type="stmt"/>
      <line num="341" count="0" type="stmt"/>
      <line num="343" count="0" type="stmt"/>
      <line num="348" count="0" type="stmt"/>
      <line num="352" count="0" type="stmt"/>
      <line num="353" count="0" type="stmt"/>
      <line num="355" count="0" type="stmt"/>
      <line num="356" count="0" type="stmt"/>
      <line num="357" count="0" type="stmt"/>
      <line num="358" count="0" type="stmt"/>
      <line num="359" count="0" type="cond" truecount="0" falsecount="2"/>
      <line num="360" count="0" type="stmt"/>
      <line num="362" count="0" type="cond" truecount="0" falsecount="2"/>
      <line num="363" count="0" type="stmt"/>
      <line num="366" count="0" type="stmt"/>
      <line num="368" count="0" type="stmt"/>
      <line num="369" count="0" type="stmt"/>
      <line num="371" count="0" type="stmt"/>
      <line num="376" count="0" type="stmt"/>
    </file>
  </project>
</coverage>
