{"/Users/bibianapprd/Desktop/code/react-native-tappay-hook/src/cacheStatus.ts": {"path":"/Users/bibianapprd/Desktop/code/react-native-tappay-hook/src/cacheStatus.ts","statementMap":{"0":{"start":{"line":1,"column":20},"end":{"line":1,"column":25}},"1":{"start":{"line":2,"column":23},"end":{"line":2,"column":27}},"2":{"start":{"line":3,"column":23},"end":{"line":3,"column":25}},"3":{"start":{"line":4,"column":33},"end":{"line":4,"column":38}},"4":{"start":{"line":5,"column":32},"end":{"line":5,"column":37}},"5":{"start":{"line":6,"column":31},"end":{"line":6,"column":36}},"6":{"start":{"line":7,"column":33},"end":{"line":7,"column":38}},"7":{"start":{"line":8,"column":29},"end":{"line":8,"column":34}},"8":{"start":{"line":9,"column":33},"end":{"line":9,"column":38}},"9":{"start":{"line":10,"column":31},"end":{"line":10,"column":36}},"10":{"start":{"line":11,"column":30},"end":{"line":11,"column":35}},"11":{"start":{"line":12,"column":28},"end":{"line":12,"column":33}},"12":{"start":{"line":15,"column":2},"end":{"line":15,"column":14}},"13":{"start":{"line":18,"column":2},"end":{"line":18,"column":17}},"14":{"start":{"line":22,"column":2},"end":{"line":22,"column":21}},"15":{"start":{"line":25,"column":2},"end":{"line":25,"column":31}},"16":{"start":{"line":29,"column":2},"end":{"line":29,"column":18}},"17":{"start":{"line":32,"column":2},"end":{"line":32,"column":25}},"18":{"start":{"line":36,"column":2},"end":{"line":36,"column":27}},"19":{"start":{"line":39,"column":2},"end":{"line":39,"column":43}},"20":{"start":{"line":43,"column":2},"end":{"line":43,"column":26}},"21":{"start":{"line":46,"column":2},"end":{"line":46,"column":41}},"22":{"start":{"line":50,"column":2},"end":{"line":50,"column":25}},"23":{"start":{"line":53,"column":2},"end":{"line":53,"column":39}},"24":{"start":{"line":57,"column":2},"end":{"line":57,"column":27}},"25":{"start":{"line":60,"column":2},"end":{"line":60,"column":43}},"26":{"start":{"line":64,"column":2},"end":{"line":64,"column":23}},"27":{"start":{"line":67,"column":2},"end":{"line":67,"column":35}},"28":{"start":{"line":71,"column":2},"end":{"line":71,"column":27}},"29":{"start":{"line":74,"column":2},"end":{"line":74,"column":43}},"30":{"start":{"line":78,"column":2},"end":{"line":78,"column":25}},"31":{"start":{"line":81,"column":2},"end":{"line":81,"column":39}},"32":{"start":{"line":85,"column":2},"end":{"line":85,"column":24}},"33":{"start":{"line":88,"column":2},"end":{"line":88,"column":37}},"34":{"start":{"line":92,"column":2},"end":{"line":92,"column":22}},"35":{"start":{"line":95,"column":2},"end":{"line":95,"column":33}}},"fnMap":{"0":{"name":"getProd","decl":{"start":{"line":14,"column":16},"end":{"line":14,"column":23}},"loc":{"start":{"line":14,"column":26},"end":{"line":16,"column":1}},"line":14},"1":{"name":"setProd","decl":{"start":{"line":17,"column":16},"end":{"line":17,"column":23}},"loc":{"start":{"line":17,"column":42},"end":{"line":19,"column":1}},"line":17},"2":{"name":"getInitPromise","decl":{"start":{"line":21,"column":16},"end":{"line":21,"column":30}},"loc":{"start":{"line":21,"column":33},"end":{"line":23,"column":1}},"line":21},"3":{"name":"setInitPromise","decl":{"start":{"line":24,"column":16},"end":{"line":24,"column":30}},"loc":{"start":{"line":24,"column":52},"end":{"line":26,"column":1}},"line":24},"4":{"name":"getStatusDeviceId","decl":{"start":{"line":28,"column":16},"end":{"line":28,"column":33}},"loc":{"start":{"line":28,"column":36},"end":{"line":30,"column":1}},"line":28},"5":{"name":"setStatusDeviceId","decl":{"start":{"line":31,"column":16},"end":{"line":31,"column":33}},"loc":{"start":{"line":31,"column":55},"end":{"line":33,"column":1}},"line":31},"6":{"name":"getGooglePlayIsReady","decl":{"start":{"line":35,"column":16},"end":{"line":35,"column":36}},"loc":{"start":{"line":35,"column":39},"end":{"line":37,"column":1}},"line":35},"7":{"name":"setGooglePlayIsReady","decl":{"start":{"line":38,"column":16},"end":{"line":38,"column":36}},"loc":{"start":{"line":38,"column":68},"end":{"line":40,"column":1}},"line":38},"8":{"name":"getApplePlayIsReady","decl":{"start":{"line":42,"column":16},"end":{"line":42,"column":35}},"loc":{"start":{"line":42,"column":38},"end":{"line":44,"column":1}},"line":42},"9":{"name":"setApplePlayIsReady","decl":{"start":{"line":45,"column":16},"end":{"line":45,"column":35}},"loc":{"start":{"line":45,"column":66},"end":{"line":47,"column":1}},"line":45},"10":{"name":"getLinePlayIsReady","decl":{"start":{"line":49,"column":16},"end":{"line":49,"column":34}},"loc":{"start":{"line":49,"column":37},"end":{"line":51,"column":1}},"line":49},"11":{"name":"setLinePlayIsReady","decl":{"start":{"line":52,"column":16},"end":{"line":52,"column":34}},"loc":{"start":{"line":52,"column":64},"end":{"line":54,"column":1}},"line":52},"12":{"name":"getSamsungPayIsReady","decl":{"start":{"line":56,"column":16},"end":{"line":56,"column":36}},"loc":{"start":{"line":56,"column":39},"end":{"line":58,"column":1}},"line":56},"13":{"name":"setSamsungPayIsReady","decl":{"start":{"line":59,"column":16},"end":{"line":59,"column":36}},"loc":{"start":{"line":59,"column":68},"end":{"line":61,"column":1}},"line":59},"14":{"name":"getJkoPayIsReady","decl":{"start":{"line":63,"column":16},"end":{"line":63,"column":32}},"loc":{"start":{"line":63,"column":35},"end":{"line":65,"column":1}},"line":63},"15":{"name":"setJkoPayIsReady","decl":{"start":{"line":66,"column":16},"end":{"line":66,"column":32}},"loc":{"start":{"line":66,"column":60},"end":{"line":68,"column":1}},"line":66},"16":{"name":"getEasyWalletIsReady","decl":{"start":{"line":70,"column":16},"end":{"line":70,"column":36}},"loc":{"start":{"line":70,"column":39},"end":{"line":72,"column":1}},"line":70},"17":{"name":"setEasyWalletIsReady","decl":{"start":{"line":73,"column":16},"end":{"line":73,"column":36}},"loc":{"start":{"line":73,"column":68},"end":{"line":75,"column":1}},"line":73},"18":{"name":"getPiWalletIsReady","decl":{"start":{"line":77,"column":16},"end":{"line":77,"column":34}},"loc":{"start":{"line":77,"column":37},"end":{"line":79,"column":1}},"line":77},"19":{"name":"setPiWalletIsReady","decl":{"start":{"line":80,"column":16},"end":{"line":80,"column":34}},"loc":{"start":{"line":80,"column":64},"end":{"line":82,"column":1}},"line":80},"20":{"name":"getPlusPayIsReady","decl":{"start":{"line":84,"column":16},"end":{"line":84,"column":33}},"loc":{"start":{"line":84,"column":36},"end":{"line":86,"column":1}},"line":84},"21":{"name":"setPlusPayIsReady","decl":{"start":{"line":87,"column":16},"end":{"line":87,"column":33}},"loc":{"start":{"line":87,"column":62},"end":{"line":89,"column":1}},"line":87},"22":{"name":"getAtomeIsReady","decl":{"start":{"line":91,"column":16},"end":{"line":91,"column":31}},"loc":{"start":{"line":91,"column":34},"end":{"line":93,"column":1}},"line":91},"23":{"name":"setAtomeIsReady","decl":{"start":{"line":94,"column":16},"end":{"line":94,"column":31}},"loc":{"start":{"line":94,"column":58},"end":{"line":96,"column":1}},"line":94}},"branchMap":{},"s":{"0":3,"1":3,"2":3,"3":3,"4":3,"5":3,"6":3,"7":3,"8":3,"9":3,"10":3,"11":3,"12":2,"13":30,"14":79,"15":76,"16":16,"17":37,"18":4,"19":27,"20":4,"21":27,"22":8,"23":27,"24":5,"25":27,"26":11,"27":27,"28":11,"29":27,"30":11,"31":27,"32":11,"33":27,"34":11,"35":27},"f":{"0":2,"1":30,"2":79,"3":76,"4":16,"5":37,"6":4,"7":27,"8":4,"9":27,"10":8,"11":27,"12":5,"13":27,"14":11,"15":27,"16":11,"17":27,"18":11,"19":27,"20":11,"21":27,"22":11,"23":27},"b":{},"_coverageSchema":"1a1c01bbd47fc00a2c39e90264f33305004495a9","hash":"2e69c15cba498b08c2b9e5d135bb974bea223c8b"}
,"/Users/bibianapprd/Desktop/code/react-native-tappay-hook/src/fp.ts": {"path":"/Users/bibianapprd/Desktop/code/react-native-tappay-hook/src/fp.ts","statementMap":{"0":{"start":{"line":34,"column":2},"end":{"line":36,"column":3}},"1":{"start":{"line":35,"column":4},"end":{"line":35,"column":28}},"2":{"start":{"line":38,"column":2},"end":{"line":52,"column":4}},"3":{"start":{"line":40,"column":6},"end":{"line":40,"column":28}},"4":{"start":{"line":41,"column":6},"end":{"line":49,"column":7}},"5":{"start":{"line":42,"column":8},"end":{"line":42,"column":79}},"6":{"start":{"line":43,"column":8},"end":{"line":43,"column":22}},"7":{"start":{"line":44,"column":8},"end":{"line":44,"column":35}},"8":{"start":{"line":46,"column":8},"end":{"line":46,"column":29}},"9":{"start":{"line":47,"column":8},"end":{"line":47,"column":34}},"10":{"start":{"line":48,"column":8},"end":{"line":48,"column":29}},"11":{"start":{"line":50,"column":6},"end":{"line":50,"column":16}},"12":{"start":{"line":54,"column":2},"end":{"line":54,"column":26}},"13":{"start":{"line":58,"column":19},"end":{"line":58,"column":38}},"14":{"start":{"line":59,"column":2},"end":{"line":61,"column":3}},"15":{"start":{"line":60,"column":4},"end":{"line":60,"column":20}},"16":{"start":{"line":62,"column":20},"end":{"line":62,"column":70}},"17":{"start":{"line":63,"column":2},"end":{"line":63,"column":31}},"18":{"start":{"line":64,"column":2},"end":{"line":64,"column":29}},"19":{"start":{"line":73,"column":27},"end":{"line":78,"column":3}},"20":{"start":{"line":79,"column":63},"end":{"line":79,"column":79}},"21":{"start":{"line":81,"column":2},"end":{"line":84,"column":4}},"22":{"start":{"line":88,"column":17},"end":{"line":90,"column":3}},"23":{"start":{"line":91,"column":2},"end":{"line":91,"column":16}},"24":{"start":{"line":95,"column":2},"end":{"line":97,"column":3}},"25":{"start":{"line":96,"column":4},"end":{"line":96,"column":56}},"26":{"start":{"line":98,"column":17},"end":{"line":100,"column":3}},"27":{"start":{"line":101,"column":2},"end":{"line":101,"column":44}},"28":{"start":{"line":102,"column":2},"end":{"line":102,"column":16}},"29":{"start":{"line":109,"column":2},"end":{"line":111,"column":3}},"30":{"start":{"line":110,"column":4},"end":{"line":110,"column":56}},"31":{"start":{"line":112,"column":2},"end":{"line":114,"column":3}},"32":{"start":{"line":113,"column":4},"end":{"line":113,"column":11}},"33":{"start":{"line":115,"column":2},"end":{"line":117,"column":3}},"34":{"start":{"line":116,"column":4},"end":{"line":116,"column":53}},"35":{"start":{"line":118,"column":17},"end":{"line":121,"column":3}},"36":{"start":{"line":122,"column":2},"end":{"line":122,"column":16}},"37":{"start":{"line":126,"column":2},"end":{"line":128,"column":3}},"38":{"start":{"line":127,"column":4},"end":{"line":127,"column":56}},"39":{"start":{"line":129,"column":2},"end":{"line":129,"column":68}},"40":{"start":{"line":138,"column":2},"end":{"line":140,"column":3}},"41":{"start":{"line":139,"column":4},"end":{"line":139,"column":56}},"42":{"start":{"line":142,"column":17},"end":{"line":147,"column":3}},"43":{"start":{"line":148,"column":2},"end":{"line":148,"column":43}},"44":{"start":{"line":149,"column":2},"end":{"line":149,"column":46}},"45":{"start":{"line":153,"column":2},"end":{"line":155,"column":3}},"46":{"start":{"line":154,"column":4},"end":{"line":154,"column":11}},"47":{"start":{"line":156,"column":2},"end":{"line":158,"column":3}},"48":{"start":{"line":157,"column":4},"end":{"line":157,"column":52}},"49":{"start":{"line":159,"column":17},"end":{"line":159,"column":78}},"50":{"start":{"line":160,"column":2},"end":{"line":160,"column":16}},"51":{"start":{"line":164,"column":2},"end":{"line":166,"column":3}},"52":{"start":{"line":165,"column":4},"end":{"line":165,"column":56}},"53":{"start":{"line":168,"column":2},"end":{"line":168,"column":72}},"54":{"start":{"line":172,"column":2},"end":{"line":174,"column":3}},"55":{"start":{"line":173,"column":4},"end":{"line":173,"column":56}},"56":{"start":{"line":175,"column":17},"end":{"line":175,"column":74}},"57":{"start":{"line":176,"column":2},"end":{"line":176,"column":16}},"58":{"start":{"line":180,"column":2},"end":{"line":182,"column":3}},"59":{"start":{"line":181,"column":4},"end":{"line":181,"column":56}},"60":{"start":{"line":184,"column":17},"end":{"line":186,"column":3}},"61":{"start":{"line":187,"column":2},"end":{"line":187,"column":42}},"62":{"start":{"line":188,"column":2},"end":{"line":188,"column":46}},"63":{"start":{"line":192,"column":2},"end":{"line":194,"column":3}},"64":{"start":{"line":193,"column":4},"end":{"line":193,"column":51}},"65":{"start":{"line":195,"column":17},"end":{"line":195,"column":71}},"66":{"start":{"line":196,"column":2},"end":{"line":196,"column":16}},"67":{"start":{"line":200,"column":2},"end":{"line":202,"column":3}},"68":{"start":{"line":201,"column":4},"end":{"line":201,"column":51}},"69":{"start":{"line":203,"column":17},"end":{"line":205,"column":3}},"70":{"start":{"line":206,"column":2},"end":{"line":206,"column":16}},"71":{"start":{"line":215,"column":2},"end":{"line":217,"column":3}},"72":{"start":{"line":216,"column":4},"end":{"line":216,"column":56}},"73":{"start":{"line":218,"column":17},"end":{"line":223,"column":3}},"74":{"start":{"line":224,"column":2},"end":{"line":224,"column":44}},"75":{"start":{"line":225,"column":2},"end":{"line":225,"column":46}},"76":{"start":{"line":234,"column":2},"end":{"line":236,"column":3}},"77":{"start":{"line":235,"column":4},"end":{"line":235,"column":11}},"78":{"start":{"line":237,"column":2},"end":{"line":239,"column":3}},"79":{"start":{"line":238,"column":4},"end":{"line":238,"column":54}},"80":{"start":{"line":240,"column":17},"end":{"line":245,"column":3}},"81":{"start":{"line":246,"column":2},"end":{"line":246,"column":16}},"82":{"start":{"line":250,"column":2},"end":{"line":252,"column":3}},"83":{"start":{"line":251,"column":4},"end":{"line":251,"column":56}},"84":{"start":{"line":253,"column":17},"end":{"line":253,"column":73}},"85":{"start":{"line":254,"column":2},"end":{"line":254,"column":16}},"86":{"start":{"line":258,"column":2},"end":{"line":260,"column":3}},"87":{"start":{"line":259,"column":4},"end":{"line":259,"column":56}},"88":{"start":{"line":261,"column":17},"end":{"line":263,"column":3}},"89":{"start":{"line":264,"column":2},"end":{"line":264,"column":40}},"90":{"start":{"line":265,"column":2},"end":{"line":265,"column":46}},"91":{"start":{"line":269,"column":2},"end":{"line":271,"column":3}},"92":{"start":{"line":270,"column":4},"end":{"line":270,"column":50}},"93":{"start":{"line":272,"column":17},"end":{"line":272,"column":70}},"94":{"start":{"line":273,"column":2},"end":{"line":273,"column":16}},"95":{"start":{"line":277,"column":2},"end":{"line":279,"column":3}},"96":{"start":{"line":278,"column":4},"end":{"line":278,"column":50}},"97":{"start":{"line":280,"column":17},"end":{"line":282,"column":3}},"98":{"start":{"line":283,"column":2},"end":{"line":283,"column":16}},"99":{"start":{"line":287,"column":2},"end":{"line":289,"column":3}},"100":{"start":{"line":288,"column":4},"end":{"line":288,"column":50}},"101":{"start":{"line":290,"column":17},"end":{"line":292,"column":3}},"102":{"start":{"line":293,"column":2},"end":{"line":293,"column":16}},"103":{"start":{"line":297,"column":2},"end":{"line":299,"column":3}},"104":{"start":{"line":298,"column":4},"end":{"line":298,"column":56}},"105":{"start":{"line":300,"column":17},"end":{"line":300,"column":77}},"106":{"start":{"line":301,"column":2},"end":{"line":301,"column":16}},"107":{"start":{"line":305,"column":2},"end":{"line":307,"column":3}},"108":{"start":{"line":306,"column":4},"end":{"line":306,"column":56}},"109":{"start":{"line":308,"column":17},"end":{"line":310,"column":3}},"110":{"start":{"line":311,"column":2},"end":{"line":311,"column":44}},"111":{"start":{"line":312,"column":2},"end":{"line":312,"column":46}},"112":{"start":{"line":316,"column":2},"end":{"line":318,"column":3}},"113":{"start":{"line":317,"column":4},"end":{"line":317,"column":54}},"114":{"start":{"line":319,"column":17},"end":{"line":319,"column":74}},"115":{"start":{"line":320,"column":2},"end":{"line":320,"column":16}},"116":{"start":{"line":324,"column":2},"end":{"line":326,"column":3}},"117":{"start":{"line":325,"column":4},"end":{"line":325,"column":54}},"118":{"start":{"line":327,"column":17},"end":{"line":329,"column":3}},"119":{"start":{"line":330,"column":2},"end":{"line":330,"column":16}},"120":{"start":{"line":334,"column":2},"end":{"line":336,"column":3}},"121":{"start":{"line":335,"column":4},"end":{"line":335,"column":54}},"122":{"start":{"line":338,"column":4},"end":{"line":338,"column":75}},"123":{"start":{"line":339,"column":2},"end":{"line":339,"column":16}},"124":{"start":{"line":343,"column":2},"end":{"line":345,"column":3}},"125":{"start":{"line":344,"column":4},"end":{"line":344,"column":56}},"126":{"start":{"line":346,"column":17},"end":{"line":346,"column":75}},"127":{"start":{"line":347,"column":2},"end":{"line":347,"column":16}},"128":{"start":{"line":351,"column":2},"end":{"line":353,"column":3}},"129":{"start":{"line":352,"column":4},"end":{"line":352,"column":56}},"130":{"start":{"line":354,"column":17},"end":{"line":356,"column":3}},"131":{"start":{"line":357,"column":2},"end":{"line":357,"column":42}},"132":{"start":{"line":358,"column":2},"end":{"line":358,"column":46}},"133":{"start":{"line":362,"column":2},"end":{"line":364,"column":3}},"134":{"start":{"line":363,"column":4},"end":{"line":363,"column":52}},"135":{"start":{"line":365,"column":17},"end":{"line":365,"column":72}},"136":{"start":{"line":366,"column":2},"end":{"line":366,"column":16}},"137":{"start":{"line":370,"column":2},"end":{"line":372,"column":3}},"138":{"start":{"line":371,"column":4},"end":{"line":371,"column":52}},"139":{"start":{"line":373,"column":17},"end":{"line":375,"column":3}},"140":{"start":{"line":376,"column":2},"end":{"line":376,"column":16}},"141":{"start":{"line":380,"column":2},"end":{"line":382,"column":3}},"142":{"start":{"line":381,"column":4},"end":{"line":381,"column":52}},"143":{"start":{"line":384,"column":4},"end":{"line":384,"column":73}},"144":{"start":{"line":385,"column":2},"end":{"line":385,"column":16}},"145":{"start":{"line":389,"column":2},"end":{"line":391,"column":3}},"146":{"start":{"line":390,"column":4},"end":{"line":390,"column":56}},"147":{"start":{"line":392,"column":17},"end":{"line":392,"column":74}},"148":{"start":{"line":393,"column":2},"end":{"line":393,"column":16}},"149":{"start":{"line":397,"column":2},"end":{"line":399,"column":3}},"150":{"start":{"line":398,"column":4},"end":{"line":398,"column":56}},"151":{"start":{"line":400,"column":17},"end":{"line":402,"column":3}},"152":{"start":{"line":403,"column":2},"end":{"line":403,"column":41}},"153":{"start":{"line":404,"column":2},"end":{"line":404,"column":46}},"154":{"start":{"line":408,"column":2},"end":{"line":410,"column":3}},"155":{"start":{"line":409,"column":4},"end":{"line":409,"column":51}},"156":{"start":{"line":411,"column":17},"end":{"line":411,"column":71}},"157":{"start":{"line":412,"column":2},"end":{"line":412,"column":16}},"158":{"start":{"line":416,"column":2},"end":{"line":418,"column":3}},"159":{"start":{"line":417,"column":4},"end":{"line":417,"column":51}},"160":{"start":{"line":419,"column":17},"end":{"line":421,"column":3}},"161":{"start":{"line":422,"column":2},"end":{"line":422,"column":16}},"162":{"start":{"line":426,"column":2},"end":{"line":428,"column":3}},"163":{"start":{"line":427,"column":4},"end":{"line":427,"column":51}},"164":{"start":{"line":430,"column":4},"end":{"line":430,"column":72}},"165":{"start":{"line":431,"column":2},"end":{"line":431,"column":16}},"166":{"start":{"line":435,"column":2},"end":{"line":437,"column":3}},"167":{"start":{"line":436,"column":4},"end":{"line":436,"column":56}},"168":{"start":{"line":438,"column":17},"end":{"line":438,"column":72}},"169":{"start":{"line":439,"column":2},"end":{"line":439,"column":16}},"170":{"start":{"line":443,"column":2},"end":{"line":445,"column":3}},"171":{"start":{"line":444,"column":4},"end":{"line":444,"column":56}},"172":{"start":{"line":446,"column":17},"end":{"line":448,"column":3}},"173":{"start":{"line":449,"column":2},"end":{"line":449,"column":39}},"174":{"start":{"line":450,"column":2},"end":{"line":450,"column":46}},"175":{"start":{"line":454,"column":2},"end":{"line":456,"column":3}},"176":{"start":{"line":455,"column":4},"end":{"line":455,"column":49}},"177":{"start":{"line":457,"column":17},"end":{"line":457,"column":69}},"178":{"start":{"line":458,"column":2},"end":{"line":458,"column":16}},"179":{"start":{"line":462,"column":2},"end":{"line":464,"column":3}},"180":{"start":{"line":463,"column":4},"end":{"line":463,"column":49}},"181":{"start":{"line":465,"column":17},"end":{"line":467,"column":3}},"182":{"start":{"line":468,"column":2},"end":{"line":468,"column":16}},"183":{"start":{"line":472,"column":2},"end":{"line":474,"column":3}},"184":{"start":{"line":473,"column":4},"end":{"line":473,"column":49}},"185":{"start":{"line":475,"column":17},"end":{"line":477,"column":3}},"186":{"start":{"line":478,"column":2},"end":{"line":478,"column":16}}},"fnMap":{"0":{"name":"tappayInitialization","decl":{"start":{"line":29,"column":16},"end":{"line":29,"column":36}},"loc":{"start":{"line":33,"column":2},"end":{"line":55,"column":1}},"line":33},"1":{"name":"(anonymous_1)","decl":{"start":{"line":39,"column":5},"end":{"line":39,"column":6}},"loc":{"start":{"line":39,"column":17},"end":{"line":51,"column":5}},"line":39},"2":{"name":"getDeviceId","decl":{"start":{"line":57,"column":22},"end":{"line":57,"column":33}},"loc":{"start":{"line":57,"column":36},"end":{"line":65,"column":1}},"line":57},"3":{"name":"setDirectPayTPDCard","decl":{"start":{"line":67,"column":22},"end":{"line":67,"column":41}},"loc":{"start":{"line":72,"column":2},"end":{"line":85,"column":1}},"line":72},"4":{"name":"getDirectPayPrime","decl":{"start":{"line":87,"column":22},"end":{"line":87,"column":39}},"loc":{"start":{"line":87,"column":73},"end":{"line":92,"column":1}},"line":87},"5":{"name":"googlePayInit","decl":{"start":{"line":94,"column":22},"end":{"line":94,"column":35}},"loc":{"start":{"line":94,"column":58},"end":{"line":103,"column":1}},"line":94},"6":{"name":"getGooglePayPrime","decl":{"start":{"line":105,"column":22},"end":{"line":105,"column":39}},"loc":{"start":{"line":108,"column":2},"end":{"line":123,"column":1}},"line":108},"7":{"name":"isApplePayAvailable","decl":{"start":{"line":125,"column":22},"end":{"line":125,"column":41}},"loc":{"start":{"line":125,"column":44},"end":{"line":130,"column":1}},"line":125},"8":{"name":"applePayInit","decl":{"start":{"line":132,"column":22},"end":{"line":132,"column":34}},"loc":{"start":{"line":137,"column":2},"end":{"line":150,"column":1}},"line":137},"9":{"name":"getApplePayPrime","decl":{"start":{"line":152,"column":22},"end":{"line":152,"column":38}},"loc":{"start":{"line":152,"column":55},"end":{"line":161,"column":1}},"line":152},"10":{"name":"linePayHandleURL","decl":{"start":{"line":163,"column":22},"end":{"line":163,"column":38}},"loc":{"start":{"line":163,"column":56},"end":{"line":169,"column":1}},"line":163},"11":{"name":"isLinePayAvailable","decl":{"start":{"line":171,"column":22},"end":{"line":171,"column":40}},"loc":{"start":{"line":171,"column":43},"end":{"line":177,"column":1}},"line":171},"12":{"name":"linePayInit","decl":{"start":{"line":179,"column":22},"end":{"line":179,"column":33}},"loc":{"start":{"line":179,"column":62},"end":{"line":189,"column":1}},"line":179},"13":{"name":"getLinePayPrime","decl":{"start":{"line":191,"column":22},"end":{"line":191,"column":37}},"loc":{"start":{"line":191,"column":40},"end":{"line":197,"column":1}},"line":191},"14":{"name":"linePayRedirectWithUrl","decl":{"start":{"line":199,"column":22},"end":{"line":199,"column":44}},"loc":{"start":{"line":199,"column":65},"end":{"line":207,"column":1}},"line":199},"15":{"name":"samsungPayInit","decl":{"start":{"line":209,"column":22},"end":{"line":209,"column":36}},"loc":{"start":{"line":214,"column":2},"end":{"line":226,"column":1}},"line":214},"16":{"name":"getSamsungPayPrime","decl":{"start":{"line":228,"column":22},"end":{"line":228,"column":40}},"loc":{"start":{"line":233,"column":2},"end":{"line":247,"column":1}},"line":233},"17":{"name":"isJkoPayAvailable","decl":{"start":{"line":249,"column":22},"end":{"line":249,"column":39}},"loc":{"start":{"line":249,"column":42},"end":{"line":255,"column":1}},"line":249},"18":{"name":"jkoPayInit","decl":{"start":{"line":257,"column":22},"end":{"line":257,"column":32}},"loc":{"start":{"line":257,"column":63},"end":{"line":266,"column":1}},"line":257},"19":{"name":"getJkoPayPrime","decl":{"start":{"line":268,"column":22},"end":{"line":268,"column":36}},"loc":{"start":{"line":268,"column":39},"end":{"line":274,"column":1}},"line":268},"20":{"name":"jkoPayRedirectWithUrl","decl":{"start":{"line":276,"column":22},"end":{"line":276,"column":43}},"loc":{"start":{"line":276,"column":64},"end":{"line":284,"column":1}},"line":276},"21":{"name":"jkoPayHandleUniversalLink","decl":{"start":{"line":286,"column":22},"end":{"line":286,"column":47}},"loc":{"start":{"line":286,"column":61},"end":{"line":294,"column":1}},"line":286},"22":{"name":"isEasyWalletAvailable","decl":{"start":{"line":296,"column":22},"end":{"line":296,"column":43}},"loc":{"start":{"line":296,"column":46},"end":{"line":302,"column":1}},"line":296},"23":{"name":"easyWalletInit","decl":{"start":{"line":304,"column":22},"end":{"line":304,"column":36}},"loc":{"start":{"line":304,"column":71},"end":{"line":313,"column":1}},"line":304},"24":{"name":"getEasyWalletPrime","decl":{"start":{"line":315,"column":22},"end":{"line":315,"column":40}},"loc":{"start":{"line":315,"column":43},"end":{"line":321,"column":1}},"line":315},"25":{"name":"easyWalletRedirectWithUrl","decl":{"start":{"line":323,"column":22},"end":{"line":323,"column":47}},"loc":{"start":{"line":323,"column":68},"end":{"line":331,"column":1}},"line":323},"26":{"name":"easyWalletHandleUniversalLink","decl":{"start":{"line":333,"column":22},"end":{"line":333,"column":51}},"loc":{"start":{"line":333,"column":65},"end":{"line":340,"column":1}},"line":333},"27":{"name":"isPiWalletAvailable","decl":{"start":{"line":342,"column":22},"end":{"line":342,"column":41}},"loc":{"start":{"line":342,"column":44},"end":{"line":348,"column":1}},"line":342},"28":{"name":"piWalletInit","decl":{"start":{"line":350,"column":22},"end":{"line":350,"column":34}},"loc":{"start":{"line":350,"column":67},"end":{"line":359,"column":1}},"line":350},"29":{"name":"getPiWalletPrime","decl":{"start":{"line":361,"column":22},"end":{"line":361,"column":38}},"loc":{"start":{"line":361,"column":41},"end":{"line":367,"column":1}},"line":361},"30":{"name":"piWalletRedirectWithUrl","decl":{"start":{"line":369,"column":22},"end":{"line":369,"column":45}},"loc":{"start":{"line":369,"column":66},"end":{"line":377,"column":1}},"line":369},"31":{"name":"piWalletHandleUniversalLink","decl":{"start":{"line":379,"column":22},"end":{"line":379,"column":49}},"loc":{"start":{"line":379,"column":63},"end":{"line":386,"column":1}},"line":379},"32":{"name":"isPlusPayAvailable","decl":{"start":{"line":388,"column":22},"end":{"line":388,"column":40}},"loc":{"start":{"line":388,"column":43},"end":{"line":394,"column":1}},"line":388},"33":{"name":"plusPayInit","decl":{"start":{"line":396,"column":22},"end":{"line":396,"column":33}},"loc":{"start":{"line":396,"column":65},"end":{"line":405,"column":1}},"line":396},"34":{"name":"getPlusPayPrime","decl":{"start":{"line":407,"column":22},"end":{"line":407,"column":37}},"loc":{"start":{"line":407,"column":40},"end":{"line":413,"column":1}},"line":407},"35":{"name":"plusPayRedirectWithUrl","decl":{"start":{"line":415,"column":22},"end":{"line":415,"column":44}},"loc":{"start":{"line":415,"column":65},"end":{"line":423,"column":1}},"line":415},"36":{"name":"plusPayhandleUniversalLink","decl":{"start":{"line":425,"column":22},"end":{"line":425,"column":48}},"loc":{"start":{"line":425,"column":62},"end":{"line":432,"column":1}},"line":425},"37":{"name":"isAtomeAvailable","decl":{"start":{"line":434,"column":22},"end":{"line":434,"column":38}},"loc":{"start":{"line":434,"column":41},"end":{"line":440,"column":1}},"line":434},"38":{"name":"atomeInit","decl":{"start":{"line":442,"column":22},"end":{"line":442,"column":31}},"loc":{"start":{"line":442,"column":61},"end":{"line":451,"column":1}},"line":442},"39":{"name":"getAtomePrime","decl":{"start":{"line":453,"column":22},"end":{"line":453,"column":35}},"loc":{"start":{"line":453,"column":38},"end":{"line":459,"column":1}},"line":453},"40":{"name":"atomeRedirectWithUrl","decl":{"start":{"line":461,"column":22},"end":{"line":461,"column":42}},"loc":{"start":{"line":461,"column":63},"end":{"line":469,"column":1}},"line":461},"41":{"name":"atomehandleUniversalLink","decl":{"start":{"line":471,"column":22},"end":{"line":471,"column":46}},"loc":{"start":{"line":471,"column":60},"end":{"line":479,"column":1}},"line":471}},"branchMap":{"0":{"loc":{"start":{"line":34,"column":2},"end":{"line":36,"column":3}},"type":"if","locations":[{"start":{"line":34,"column":2},"end":{"line":36,"column":3}},{"start":{},"end":{}}],"line":34},"1":{"loc":{"start":{"line":59,"column":2},"end":{"line":61,"column":3}},"type":"if","locations":[{"start":{"line":59,"column":2},"end":{"line":61,"column":3}},{"start":{},"end":{}}],"line":59},"2":{"loc":{"start":{"line":83,"column":13},"end":{"line":83,"column":65}},"type":"binary-expr","locations":[{"start":{"line":83,"column":13},"end":{"line":83,"column":30}},{"start":{"line":83,"column":34},"end":{"line":83,"column":51}},{"start":{"line":83,"column":55},"end":{"line":83,"column":65}}],"line":83},"3":{"loc":{"start":{"line":87,"column":40},"end":{"line":87,"column":71}},"type":"default-arg","locations":[{"start":{"line":87,"column":62},"end":{"line":87,"column":71}}],"line":87},"4":{"loc":{"start":{"line":95,"column":2},"end":{"line":97,"column":3}},"type":"if","locations":[{"start":{"line":95,"column":2},"end":{"line":97,"column":3}},{"start":{},"end":{}}],"line":95},"5":{"loc":{"start":{"line":107,"column":2},"end":{"line":107,"column":30}},"type":"default-arg","locations":[{"start":{"line":107,"column":25},"end":{"line":107,"column":30}}],"line":107},"6":{"loc":{"start":{"line":109,"column":2},"end":{"line":111,"column":3}},"type":"if","locations":[{"start":{"line":109,"column":2},"end":{"line":111,"column":3}},{"start":{},"end":{}}],"line":109},"7":{"loc":{"start":{"line":112,"column":2},"end":{"line":114,"column":3}},"type":"if","locations":[{"start":{"line":112,"column":2},"end":{"line":114,"column":3}},{"start":{},"end":{}}],"line":112},"8":{"loc":{"start":{"line":115,"column":2},"end":{"line":117,"column":3}},"type":"if","locations":[{"start":{"line":115,"column":2},"end":{"line":117,"column":3}},{"start":{},"end":{}}],"line":115},"9":{"loc":{"start":{"line":126,"column":2},"end":{"line":128,"column":3}},"type":"if","locations":[{"start":{"line":126,"column":2},"end":{"line":128,"column":3}},{"start":{},"end":{}}],"line":126},"10":{"loc":{"start":{"line":138,"column":2},"end":{"line":140,"column":3}},"type":"if","locations":[{"start":{"line":138,"column":2},"end":{"line":140,"column":3}},{"start":{},"end":{}}],"line":138},"11":{"loc":{"start":{"line":149,"column":27},"end":{"line":149,"column":43}},"type":"binary-expr","locations":[{"start":{"line":149,"column":27},"end":{"line":149,"column":37}},{"start":{"line":149,"column":41},"end":{"line":149,"column":43}}],"line":149},"12":{"loc":{"start":{"line":153,"column":2},"end":{"line":155,"column":3}},"type":"if","locations":[{"start":{"line":153,"column":2},"end":{"line":155,"column":3}},{"start":{},"end":{}}],"line":153},"13":{"loc":{"start":{"line":156,"column":2},"end":{"line":158,"column":3}},"type":"if","locations":[{"start":{"line":156,"column":2},"end":{"line":158,"column":3}},{"start":{},"end":{}}],"line":156},"14":{"loc":{"start":{"line":164,"column":2},"end":{"line":166,"column":3}},"type":"if","locations":[{"start":{"line":164,"column":2},"end":{"line":166,"column":3}},{"start":{},"end":{}}],"line":164},"15":{"loc":{"start":{"line":172,"column":2},"end":{"line":174,"column":3}},"type":"if","locations":[{"start":{"line":172,"column":2},"end":{"line":174,"column":3}},{"start":{},"end":{}}],"line":172},"16":{"loc":{"start":{"line":180,"column":2},"end":{"line":182,"column":3}},"type":"if","locations":[{"start":{"line":180,"column":2},"end":{"line":182,"column":3}},{"start":{},"end":{}}],"line":180},"17":{"loc":{"start":{"line":188,"column":27},"end":{"line":188,"column":43}},"type":"binary-expr","locations":[{"start":{"line":188,"column":27},"end":{"line":188,"column":37}},{"start":{"line":188,"column":41},"end":{"line":188,"column":43}}],"line":188},"18":{"loc":{"start":{"line":192,"column":2},"end":{"line":194,"column":3}},"type":"if","locations":[{"start":{"line":192,"column":2},"end":{"line":194,"column":3}},{"start":{},"end":{}}],"line":192},"19":{"loc":{"start":{"line":200,"column":2},"end":{"line":202,"column":3}},"type":"if","locations":[{"start":{"line":200,"column":2},"end":{"line":202,"column":3}},{"start":{},"end":{}}],"line":200},"20":{"loc":{"start":{"line":215,"column":2},"end":{"line":217,"column":3}},"type":"if","locations":[{"start":{"line":215,"column":2},"end":{"line":217,"column":3}},{"start":{},"end":{}}],"line":215},"21":{"loc":{"start":{"line":225,"column":27},"end":{"line":225,"column":43}},"type":"binary-expr","locations":[{"start":{"line":225,"column":27},"end":{"line":225,"column":37}},{"start":{"line":225,"column":41},"end":{"line":225,"column":43}}],"line":225},"22":{"loc":{"start":{"line":234,"column":2},"end":{"line":236,"column":3}},"type":"if","locations":[{"start":{"line":234,"column":2},"end":{"line":236,"column":3}},{"start":{},"end":{}}],"line":234},"23":{"loc":{"start":{"line":237,"column":2},"end":{"line":239,"column":3}},"type":"if","locations":[{"start":{"line":237,"column":2},"end":{"line":239,"column":3}},{"start":{},"end":{}}],"line":237},"24":{"loc":{"start":{"line":250,"column":2},"end":{"line":252,"column":3}},"type":"if","locations":[{"start":{"line":250,"column":2},"end":{"line":252,"column":3}},{"start":{},"end":{}}],"line":250},"25":{"loc":{"start":{"line":258,"column":2},"end":{"line":260,"column":3}},"type":"if","locations":[{"start":{"line":258,"column":2},"end":{"line":260,"column":3}},{"start":{},"end":{}}],"line":258},"26":{"loc":{"start":{"line":265,"column":27},"end":{"line":265,"column":43}},"type":"binary-expr","locations":[{"start":{"line":265,"column":27},"end":{"line":265,"column":37}},{"start":{"line":265,"column":41},"end":{"line":265,"column":43}}],"line":265},"27":{"loc":{"start":{"line":269,"column":2},"end":{"line":271,"column":3}},"type":"if","locations":[{"start":{"line":269,"column":2},"end":{"line":271,"column":3}},{"start":{},"end":{}}],"line":269},"28":{"loc":{"start":{"line":277,"column":2},"end":{"line":279,"column":3}},"type":"if","locations":[{"start":{"line":277,"column":2},"end":{"line":279,"column":3}},{"start":{},"end":{}}],"line":277},"29":{"loc":{"start":{"line":287,"column":2},"end":{"line":289,"column":3}},"type":"if","locations":[{"start":{"line":287,"column":2},"end":{"line":289,"column":3}},{"start":{},"end":{}}],"line":287},"30":{"loc":{"start":{"line":297,"column":2},"end":{"line":299,"column":3}},"type":"if","locations":[{"start":{"line":297,"column":2},"end":{"line":299,"column":3}},{"start":{},"end":{}}],"line":297},"31":{"loc":{"start":{"line":305,"column":2},"end":{"line":307,"column":3}},"type":"if","locations":[{"start":{"line":305,"column":2},"end":{"line":307,"column":3}},{"start":{},"end":{}}],"line":305},"32":{"loc":{"start":{"line":312,"column":27},"end":{"line":312,"column":43}},"type":"binary-expr","locations":[{"start":{"line":312,"column":27},"end":{"line":312,"column":37}},{"start":{"line":312,"column":41},"end":{"line":312,"column":43}}],"line":312},"33":{"loc":{"start":{"line":316,"column":2},"end":{"line":318,"column":3}},"type":"if","locations":[{"start":{"line":316,"column":2},"end":{"line":318,"column":3}},{"start":{},"end":{}}],"line":316},"34":{"loc":{"start":{"line":324,"column":2},"end":{"line":326,"column":3}},"type":"if","locations":[{"start":{"line":324,"column":2},"end":{"line":326,"column":3}},{"start":{},"end":{}}],"line":324},"35":{"loc":{"start":{"line":334,"column":2},"end":{"line":336,"column":3}},"type":"if","locations":[{"start":{"line":334,"column":2},"end":{"line":336,"column":3}},{"start":{},"end":{}}],"line":334},"36":{"loc":{"start":{"line":343,"column":2},"end":{"line":345,"column":3}},"type":"if","locations":[{"start":{"line":343,"column":2},"end":{"line":345,"column":3}},{"start":{},"end":{}}],"line":343},"37":{"loc":{"start":{"line":351,"column":2},"end":{"line":353,"column":3}},"type":"if","locations":[{"start":{"line":351,"column":2},"end":{"line":353,"column":3}},{"start":{},"end":{}}],"line":351},"38":{"loc":{"start":{"line":358,"column":27},"end":{"line":358,"column":43}},"type":"binary-expr","locations":[{"start":{"line":358,"column":27},"end":{"line":358,"column":37}},{"start":{"line":358,"column":41},"end":{"line":358,"column":43}}],"line":358},"39":{"loc":{"start":{"line":362,"column":2},"end":{"line":364,"column":3}},"type":"if","locations":[{"start":{"line":362,"column":2},"end":{"line":364,"column":3}},{"start":{},"end":{}}],"line":362},"40":{"loc":{"start":{"line":370,"column":2},"end":{"line":372,"column":3}},"type":"if","locations":[{"start":{"line":370,"column":2},"end":{"line":372,"column":3}},{"start":{},"end":{}}],"line":370},"41":{"loc":{"start":{"line":380,"column":2},"end":{"line":382,"column":3}},"type":"if","locations":[{"start":{"line":380,"column":2},"end":{"line":382,"column":3}},{"start":{},"end":{}}],"line":380},"42":{"loc":{"start":{"line":389,"column":2},"end":{"line":391,"column":3}},"type":"if","locations":[{"start":{"line":389,"column":2},"end":{"line":391,"column":3}},{"start":{},"end":{}}],"line":389},"43":{"loc":{"start":{"line":397,"column":2},"end":{"line":399,"column":3}},"type":"if","locations":[{"start":{"line":397,"column":2},"end":{"line":399,"column":3}},{"start":{},"end":{}}],"line":397},"44":{"loc":{"start":{"line":404,"column":27},"end":{"line":404,"column":43}},"type":"binary-expr","locations":[{"start":{"line":404,"column":27},"end":{"line":404,"column":37}},{"start":{"line":404,"column":41},"end":{"line":404,"column":43}}],"line":404},"45":{"loc":{"start":{"line":408,"column":2},"end":{"line":410,"column":3}},"type":"if","locations":[{"start":{"line":408,"column":2},"end":{"line":410,"column":3}},{"start":{},"end":{}}],"line":408},"46":{"loc":{"start":{"line":416,"column":2},"end":{"line":418,"column":3}},"type":"if","locations":[{"start":{"line":416,"column":2},"end":{"line":418,"column":3}},{"start":{},"end":{}}],"line":416},"47":{"loc":{"start":{"line":426,"column":2},"end":{"line":428,"column":3}},"type":"if","locations":[{"start":{"line":426,"column":2},"end":{"line":428,"column":3}},{"start":{},"end":{}}],"line":426},"48":{"loc":{"start":{"line":435,"column":2},"end":{"line":437,"column":3}},"type":"if","locations":[{"start":{"line":435,"column":2},"end":{"line":437,"column":3}},{"start":{},"end":{}}],"line":435},"49":{"loc":{"start":{"line":443,"column":2},"end":{"line":445,"column":3}},"type":"if","locations":[{"start":{"line":443,"column":2},"end":{"line":445,"column":3}},{"start":{},"end":{}}],"line":443},"50":{"loc":{"start":{"line":450,"column":27},"end":{"line":450,"column":43}},"type":"binary-expr","locations":[{"start":{"line":450,"column":27},"end":{"line":450,"column":37}},{"start":{"line":450,"column":41},"end":{"line":450,"column":43}}],"line":450},"51":{"loc":{"start":{"line":454,"column":2},"end":{"line":456,"column":3}},"type":"if","locations":[{"start":{"line":454,"column":2},"end":{"line":456,"column":3}},{"start":{},"end":{}}],"line":454},"52":{"loc":{"start":{"line":462,"column":2},"end":{"line":464,"column":3}},"type":"if","locations":[{"start":{"line":462,"column":2},"end":{"line":464,"column":3}},{"start":{},"end":{}}],"line":462},"53":{"loc":{"start":{"line":472,"column":2},"end":{"line":474,"column":3}},"type":"if","locations":[{"start":{"line":472,"column":2},"end":{"line":474,"column":3}},{"start":{},"end":{}}],"line":472}},"s":{"0":10,"1":4,"2":6,"3":6,"4":6,"5":6,"6":5,"7":5,"8":1,"9":1,"10":1,"11":1,"12":6,"13":8,"14":8,"15":2,"16":6,"17":6,"18":6,"19":5,"20":5,"21":5,"22":3,"23":3,"24":3,"25":1,"26":2,"27":2,"28":2,"29":4,"30":1,"31":3,"32":1,"33":2,"34":1,"35":1,"36":1,"37":3,"38":1,"39":2,"40":3,"41":1,"42":2,"43":2,"44":2,"45":4,"46":2,"47":2,"48":1,"49":1,"50":1,"51":3,"52":1,"53":2,"54":3,"55":1,"56":2,"57":2,"58":3,"59":1,"60":2,"61":2,"62":2,"63":3,"64":1,"65":2,"66":2,"67":3,"68":1,"69":2,"70":2,"71":3,"72":1,"73":2,"74":2,"75":2,"76":4,"77":1,"78":3,"79":2,"80":1,"81":1,"82":3,"83":1,"84":2,"85":2,"86":3,"87":1,"88":2,"89":2,"90":2,"91":3,"92":1,"93":2,"94":2,"95":3,"96":1,"97":2,"98":2,"99":3,"100":1,"101":2,"102":2,"103":3,"104":1,"105":2,"106":2,"107":3,"108":1,"109":2,"110":2,"111":2,"112":3,"113":1,"114":2,"115":2,"116":3,"117":1,"118":2,"119":2,"120":3,"121":1,"122":2,"123":2,"124":3,"125":1,"126":2,"127":2,"128":3,"129":1,"130":2,"131":2,"132":2,"133":3,"134":1,"135":2,"136":2,"137":3,"138":1,"139":2,"140":2,"141":3,"142":1,"143":2,"144":2,"145":3,"146":1,"147":2,"148":2,"149":3,"150":1,"151":2,"152":2,"153":2,"154":3,"155":1,"156":2,"157":2,"158":3,"159":1,"160":2,"161":2,"162":3,"163":1,"164":2,"165":2,"166":3,"167":1,"168":2,"169":2,"170":3,"171":1,"172":2,"173":2,"174":2,"175":3,"176":1,"177":2,"178":2,"179":3,"180":1,"181":2,"182":2,"183":3,"184":1,"185":2,"186":2},"f":{"0":10,"1":6,"2":8,"3":5,"4":3,"5":3,"6":4,"7":3,"8":3,"9":4,"10":3,"11":3,"12":3,"13":3,"14":3,"15":3,"16":4,"17":3,"18":3,"19":3,"20":3,"21":3,"22":3,"23":3,"24":3,"25":3,"26":3,"27":3,"28":3,"29":3,"30":3,"31":3,"32":3,"33":3,"34":3,"35":3,"36":3,"37":3,"38":3,"39":3,"40":3,"41":3},"b":{"0":[4,6],"1":[2,6],"2":[5,4,4],"3":[3],"4":[1,2],"5":[1],"6":[1,3],"7":[1,2],"8":[1,1],"9":[1,2],"10":[1,2],"11":[2,2],"12":[2,2],"13":[1,1],"14":[1,2],"15":[1,2],"16":[1,2],"17":[2,2],"18":[1,2],"19":[1,2],"20":[1,2],"21":[2,2],"22":[1,3],"23":[2,1],"24":[1,2],"25":[1,2],"26":[2,2],"27":[1,2],"28":[1,2],"29":[1,2],"30":[1,2],"31":[1,2],"32":[2,2],"33":[1,2],"34":[1,2],"35":[1,2],"36":[1,2],"37":[1,2],"38":[2,2],"39":[1,2],"40":[1,2],"41":[1,2],"42":[1,2],"43":[1,2],"44":[2,2],"45":[1,2],"46":[1,2],"47":[1,2],"48":[1,2],"49":[1,2],"50":[2,2],"51":[1,2],"52":[1,2],"53":[1,2]},"_coverageSchema":"1a1c01bbd47fc00a2c39e90264f33305004495a9","hash":"5186b7e7f3ab98245adcf006c31131de6ecbf137"}
,"/Users/bibianapprd/Desktop/code/react-native-tappay-hook/src/hooks.ts": {"path":"/Users/bibianapprd/Desktop/code/react-native-tappay-hook/src/hooks.ts","statementMap":{"0":{"start":{"line":26,"column":21},"end":{"line":32,"column":1}},"1":{"start":{"line":40,"column":40},"end":{"line":40,"column":76}},"2":{"start":{"line":42,"column":2},"end":{"line":78,"column":43}},"3":{"start":{"line":43,"column":4},"end":{"line":77,"column":9}},"4":{"start":{"line":44,"column":6},"end":{"line":76,"column":7}},"5":{"start":{"line":45,"column":28},"end":{"line":45,"column":44}},"6":{"start":{"line":46,"column":8},"end":{"line":48,"column":9}},"7":{"start":{"line":47,"column":10},"end":{"line":47,"column":62}},"8":{"start":{"line":49,"column":8},"end":{"line":51,"column":9}},"9":{"start":{"line":50,"column":10},"end":{"line":50,"column":28}},"10":{"start":{"line":52,"column":29},"end":{"line":57,"column":9}},"11":{"start":{"line":64,"column":12},"end":{"line":64,"column":24}},"12":{"start":{"line":66,"column":8},"end":{"line":72,"column":11}},"13":{"start":{"line":74,"column":8},"end":{"line":74,"column":66}},"14":{"start":{"line":75,"column":8},"end":{"line":75,"column":27}},"15":{"start":{"line":80,"column":2},"end":{"line":80,"column":21}},"16":{"start":{"line":84,"column":34},"end":{"line":84,"column":46}},"17":{"start":{"line":85,"column":2},"end":{"line":101,"column":9}},"18":{"start":{"line":86,"column":4},"end":{"line":100,"column":9}},"19":{"start":{"line":87,"column":6},"end":{"line":99,"column":7}},"20":{"start":{"line":88,"column":28},"end":{"line":88,"column":44}},"21":{"start":{"line":89,"column":8},"end":{"line":91,"column":9}},"22":{"start":{"line":90,"column":10},"end":{"line":90,"column":62}},"23":{"start":{"line":92,"column":8},"end":{"line":94,"column":9}},"24":{"start":{"line":93,"column":10},"end":{"line":93,"column":28}},"25":{"start":{"line":95,"column":26},"end":{"line":95,"column":45}},"26":{"start":{"line":96,"column":8},"end":{"line":96,"column":31}},"27":{"start":{"line":98,"column":8},"end":{"line":98,"column":61}},"28":{"start":{"line":103,"column":2},"end":{"line":103,"column":18}},"29":{"start":{"line":107,"column":32},"end":{"line":107,"column":47}},"30":{"start":{"line":108,"column":24},"end":{"line":108,"column":36}},"31":{"start":{"line":110,"column":2},"end":{"line":129,"column":9}},"32":{"start":{"line":111,"column":4},"end":{"line":128,"column":9}},"33":{"start":{"line":112,"column":6},"end":{"line":127,"column":7}},"34":{"start":{"line":113,"column":28},"end":{"line":113,"column":44}},"35":{"start":{"line":114,"column":8},"end":{"line":116,"column":9}},"36":{"start":{"line":115,"column":10},"end":{"line":115,"column":62}},"37":{"start":{"line":117,"column":8},"end":{"line":119,"column":9}},"38":{"start":{"line":118,"column":10},"end":{"line":118,"column":28}},"39":{"start":{"line":121,"column":10},"end":{"line":121,"column":43}},"40":{"start":{"line":123,"column":8},"end":{"line":123,"column":34}},"41":{"start":{"line":124,"column":8},"end":{"line":124,"column":21}},"42":{"start":{"line":126,"column":8},"end":{"line":126,"column":59}},"43":{"start":{"line":131,"column":2},"end":{"line":131,"column":24}},"44":{"start":{"line":140,"column":32},"end":{"line":140,"column":47}},"45":{"start":{"line":141,"column":24},"end":{"line":141,"column":36}},"46":{"start":{"line":143,"column":2},"end":{"line":167,"column":9}},"47":{"start":{"line":144,"column":4},"end":{"line":166,"column":9}},"48":{"start":{"line":145,"column":6},"end":{"line":165,"column":7}},"49":{"start":{"line":146,"column":28},"end":{"line":146,"column":44}},"50":{"start":{"line":147,"column":8},"end":{"line":149,"column":9}},"51":{"start":{"line":148,"column":10},"end":{"line":148,"column":62}},"52":{"start":{"line":150,"column":8},"end":{"line":152,"column":9}},"53":{"start":{"line":151,"column":10},"end":{"line":151,"column":28}},"54":{"start":{"line":154,"column":10},"end":{"line":159,"column":11}},"55":{"start":{"line":161,"column":8},"end":{"line":161,"column":34}},"56":{"start":{"line":162,"column":8},"end":{"line":162,"column":21}},"57":{"start":{"line":164,"column":8},"end":{"line":164,"column":58}},"58":{"start":{"line":169,"column":2},"end":{"line":169,"column":24}},"59":{"start":{"line":173,"column":32},"end":{"line":173,"column":47}},"60":{"start":{"line":174,"column":24},"end":{"line":174,"column":36}},"61":{"start":{"line":176,"column":2},"end":{"line":195,"column":27}},"62":{"start":{"line":177,"column":4},"end":{"line":194,"column":9}},"63":{"start":{"line":178,"column":6},"end":{"line":193,"column":7}},"64":{"start":{"line":179,"column":28},"end":{"line":179,"column":44}},"65":{"start":{"line":180,"column":8},"end":{"line":182,"column":9}},"66":{"start":{"line":181,"column":10},"end":{"line":181,"column":62}},"67":{"start":{"line":183,"column":8},"end":{"line":185,"column":9}},"68":{"start":{"line":184,"column":10},"end":{"line":184,"column":28}},"69":{"start":{"line":187,"column":10},"end":{"line":187,"column":47}},"70":{"start":{"line":189,"column":8},"end":{"line":189,"column":34}},"71":{"start":{"line":190,"column":8},"end":{"line":190,"column":21}},"72":{"start":{"line":192,"column":8},"end":{"line":192,"column":57}},"73":{"start":{"line":197,"column":2},"end":{"line":197,"column":24}},"74":{"start":{"line":206,"column":32},"end":{"line":206,"column":47}},"75":{"start":{"line":207,"column":24},"end":{"line":207,"column":36}},"76":{"start":{"line":209,"column":2},"end":{"line":234,"column":58}},"77":{"start":{"line":210,"column":4},"end":{"line":233,"column":9}},"78":{"start":{"line":211,"column":6},"end":{"line":232,"column":7}},"79":{"start":{"line":212,"column":28},"end":{"line":212,"column":44}},"80":{"start":{"line":213,"column":8},"end":{"line":215,"column":9}},"81":{"start":{"line":214,"column":10},"end":{"line":214,"column":62}},"82":{"start":{"line":216,"column":8},"end":{"line":218,"column":9}},"83":{"start":{"line":217,"column":10},"end":{"line":217,"column":28}},"84":{"start":{"line":220,"column":10},"end":{"line":225,"column":11}},"85":{"start":{"line":227,"column":8},"end":{"line":227,"column":34}},"86":{"start":{"line":228,"column":8},"end":{"line":228,"column":21}},"87":{"start":{"line":230,"column":8},"end":{"line":230,"column":27}},"88":{"start":{"line":231,"column":8},"end":{"line":231,"column":60}},"89":{"start":{"line":236,"column":2},"end":{"line":236,"column":24}},"90":{"start":{"line":240,"column":32},"end":{"line":240,"column":47}},"91":{"start":{"line":241,"column":24},"end":{"line":241,"column":36}},"92":{"start":{"line":243,"column":2},"end":{"line":262,"column":29}},"93":{"start":{"line":244,"column":4},"end":{"line":261,"column":9}},"94":{"start":{"line":245,"column":6},"end":{"line":260,"column":7}},"95":{"start":{"line":246,"column":28},"end":{"line":246,"column":44}},"96":{"start":{"line":247,"column":8},"end":{"line":249,"column":9}},"97":{"start":{"line":248,"column":10},"end":{"line":248,"column":62}},"98":{"start":{"line":250,"column":8},"end":{"line":252,"column":9}},"99":{"start":{"line":251,"column":10},"end":{"line":251,"column":28}},"100":{"start":{"line":254,"column":10},"end":{"line":254,"column":48}},"101":{"start":{"line":256,"column":8},"end":{"line":256,"column":34}},"102":{"start":{"line":257,"column":8},"end":{"line":257,"column":21}},"103":{"start":{"line":259,"column":8},"end":{"line":259,"column":56}},"104":{"start":{"line":264,"column":2},"end":{"line":264,"column":24}},"105":{"start":{"line":268,"column":32},"end":{"line":268,"column":47}},"106":{"start":{"line":269,"column":24},"end":{"line":269,"column":36}},"107":{"start":{"line":271,"column":2},"end":{"line":290,"column":33}},"108":{"start":{"line":272,"column":4},"end":{"line":289,"column":9}},"109":{"start":{"line":273,"column":6},"end":{"line":288,"column":7}},"110":{"start":{"line":274,"column":28},"end":{"line":274,"column":44}},"111":{"start":{"line":275,"column":8},"end":{"line":277,"column":9}},"112":{"start":{"line":276,"column":10},"end":{"line":276,"column":62}},"113":{"start":{"line":278,"column":8},"end":{"line":280,"column":9}},"114":{"start":{"line":279,"column":10},"end":{"line":279,"column":28}},"115":{"start":{"line":282,"column":10},"end":{"line":282,"column":56}},"116":{"start":{"line":284,"column":8},"end":{"line":284,"column":34}},"117":{"start":{"line":285,"column":8},"end":{"line":285,"column":21}},"118":{"start":{"line":287,"column":8},"end":{"line":287,"column":60}},"119":{"start":{"line":292,"column":2},"end":{"line":292,"column":24}},"120":{"start":{"line":296,"column":32},"end":{"line":296,"column":47}},"121":{"start":{"line":297,"column":24},"end":{"line":297,"column":36}},"122":{"start":{"line":299,"column":2},"end":{"line":318,"column":31}},"123":{"start":{"line":300,"column":4},"end":{"line":317,"column":9}},"124":{"start":{"line":301,"column":6},"end":{"line":316,"column":7}},"125":{"start":{"line":302,"column":28},"end":{"line":302,"column":44}},"126":{"start":{"line":303,"column":8},"end":{"line":305,"column":9}},"127":{"start":{"line":304,"column":10},"end":{"line":304,"column":62}},"128":{"start":{"line":306,"column":8},"end":{"line":308,"column":9}},"129":{"start":{"line":307,"column":10},"end":{"line":307,"column":28}},"130":{"start":{"line":310,"column":10},"end":{"line":310,"column":52}},"131":{"start":{"line":312,"column":8},"end":{"line":312,"column":34}},"132":{"start":{"line":313,"column":8},"end":{"line":313,"column":21}},"133":{"start":{"line":315,"column":8},"end":{"line":315,"column":58}},"134":{"start":{"line":320,"column":2},"end":{"line":320,"column":24}},"135":{"start":{"line":324,"column":32},"end":{"line":324,"column":47}},"136":{"start":{"line":325,"column":24},"end":{"line":325,"column":36}},"137":{"start":{"line":327,"column":2},"end":{"line":346,"column":30}},"138":{"start":{"line":328,"column":4},"end":{"line":345,"column":9}},"139":{"start":{"line":329,"column":6},"end":{"line":344,"column":7}},"140":{"start":{"line":330,"column":28},"end":{"line":330,"column":44}},"141":{"start":{"line":331,"column":8},"end":{"line":333,"column":9}},"142":{"start":{"line":332,"column":10},"end":{"line":332,"column":62}},"143":{"start":{"line":334,"column":8},"end":{"line":336,"column":9}},"144":{"start":{"line":335,"column":10},"end":{"line":335,"column":28}},"145":{"start":{"line":338,"column":10},"end":{"line":338,"column":50}},"146":{"start":{"line":340,"column":8},"end":{"line":340,"column":34}},"147":{"start":{"line":341,"column":8},"end":{"line":341,"column":21}},"148":{"start":{"line":343,"column":8},"end":{"line":343,"column":57}},"149":{"start":{"line":348,"column":2},"end":{"line":348,"column":24}},"150":{"start":{"line":352,"column":32},"end":{"line":352,"column":47}},"151":{"start":{"line":353,"column":24},"end":{"line":353,"column":36}},"152":{"start":{"line":355,"column":2},"end":{"line":374,"column":28}},"153":{"start":{"line":356,"column":4},"end":{"line":373,"column":9}},"154":{"start":{"line":357,"column":6},"end":{"line":372,"column":7}},"155":{"start":{"line":358,"column":28},"end":{"line":358,"column":44}},"156":{"start":{"line":359,"column":8},"end":{"line":361,"column":9}},"157":{"start":{"line":360,"column":10},"end":{"line":360,"column":62}},"158":{"start":{"line":362,"column":8},"end":{"line":364,"column":9}},"159":{"start":{"line":363,"column":10},"end":{"line":363,"column":28}},"160":{"start":{"line":366,"column":10},"end":{"line":366,"column":46}},"161":{"start":{"line":368,"column":8},"end":{"line":368,"column":34}},"162":{"start":{"line":369,"column":8},"end":{"line":369,"column":21}},"163":{"start":{"line":371,"column":8},"end":{"line":371,"column":55}},"164":{"start":{"line":376,"column":2},"end":{"line":376,"column":24}}},"fnMap":{"0":{"name":"useSetDirectPayTPDCard","decl":{"start":{"line":34,"column":16},"end":{"line":34,"column":38}},"loc":{"start":{"line":39,"column":2},"end":{"line":81,"column":1}},"line":39},"1":{"name":"(anonymous_1)","decl":{"start":{"line":42,"column":12},"end":{"line":42,"column":13}},"loc":{"start":{"line":42,"column":18},"end":{"line":78,"column":3}},"line":42},"2":{"name":"(anonymous_2)","decl":{"start":{"line":43,"column":5},"end":{"line":43,"column":6}},"loc":{"start":{"line":43,"column":17},"end":{"line":77,"column":5}},"line":43},"3":{"name":"useTPDGetDeviceId","decl":{"start":{"line":83,"column":16},"end":{"line":83,"column":33}},"loc":{"start":{"line":83,"column":36},"end":{"line":104,"column":1}},"line":83},"4":{"name":"(anonymous_4)","decl":{"start":{"line":85,"column":12},"end":{"line":85,"column":13}},"loc":{"start":{"line":85,"column":18},"end":{"line":101,"column":3}},"line":85},"5":{"name":"(anonymous_5)","decl":{"start":{"line":86,"column":5},"end":{"line":86,"column":6}},"loc":{"start":{"line":86,"column":17},"end":{"line":100,"column":5}},"line":86},"6":{"name":"useTPDGooglePay","decl":{"start":{"line":106,"column":16},"end":{"line":106,"column":31}},"loc":{"start":{"line":106,"column":54},"end":{"line":132,"column":1}},"line":106},"7":{"name":"(anonymous_7)","decl":{"start":{"line":110,"column":12},"end":{"line":110,"column":13}},"loc":{"start":{"line":110,"column":18},"end":{"line":129,"column":3}},"line":110},"8":{"name":"(anonymous_8)","decl":{"start":{"line":111,"column":5},"end":{"line":111,"column":6}},"loc":{"start":{"line":111,"column":17},"end":{"line":128,"column":5}},"line":111},"9":{"name":"useTPDApplePay","decl":{"start":{"line":134,"column":16},"end":{"line":134,"column":30}},"loc":{"start":{"line":139,"column":2},"end":{"line":170,"column":1}},"line":139},"10":{"name":"(anonymous_10)","decl":{"start":{"line":143,"column":12},"end":{"line":143,"column":13}},"loc":{"start":{"line":143,"column":18},"end":{"line":167,"column":3}},"line":143},"11":{"name":"(anonymous_11)","decl":{"start":{"line":144,"column":5},"end":{"line":144,"column":6}},"loc":{"start":{"line":144,"column":17},"end":{"line":166,"column":5}},"line":144},"12":{"name":"useTPDLinePay","decl":{"start":{"line":172,"column":16},"end":{"line":172,"column":29}},"loc":{"start":{"line":172,"column":58},"end":{"line":198,"column":1}},"line":172},"13":{"name":"(anonymous_13)","decl":{"start":{"line":176,"column":12},"end":{"line":176,"column":13}},"loc":{"start":{"line":176,"column":18},"end":{"line":195,"column":3}},"line":176},"14":{"name":"(anonymous_14)","decl":{"start":{"line":177,"column":5},"end":{"line":177,"column":6}},"loc":{"start":{"line":177,"column":17},"end":{"line":194,"column":5}},"line":177},"15":{"name":"useTPDSamsungPay","decl":{"start":{"line":200,"column":16},"end":{"line":200,"column":32}},"loc":{"start":{"line":205,"column":2},"end":{"line":237,"column":1}},"line":205},"16":{"name":"(anonymous_16)","decl":{"start":{"line":209,"column":12},"end":{"line":209,"column":13}},"loc":{"start":{"line":209,"column":18},"end":{"line":234,"column":3}},"line":209},"17":{"name":"(anonymous_17)","decl":{"start":{"line":210,"column":5},"end":{"line":210,"column":6}},"loc":{"start":{"line":210,"column":17},"end":{"line":233,"column":5}},"line":210},"18":{"name":"useTPDJkoPay","decl":{"start":{"line":239,"column":16},"end":{"line":239,"column":28}},"loc":{"start":{"line":239,"column":59},"end":{"line":265,"column":1}},"line":239},"19":{"name":"(anonymous_19)","decl":{"start":{"line":243,"column":12},"end":{"line":243,"column":13}},"loc":{"start":{"line":243,"column":18},"end":{"line":262,"column":3}},"line":243},"20":{"name":"(anonymous_20)","decl":{"start":{"line":244,"column":5},"end":{"line":244,"column":6}},"loc":{"start":{"line":244,"column":17},"end":{"line":261,"column":5}},"line":244},"21":{"name":"useTPDEasyWallet","decl":{"start":{"line":267,"column":16},"end":{"line":267,"column":32}},"loc":{"start":{"line":267,"column":67},"end":{"line":293,"column":1}},"line":267},"22":{"name":"(anonymous_22)","decl":{"start":{"line":271,"column":12},"end":{"line":271,"column":13}},"loc":{"start":{"line":271,"column":18},"end":{"line":290,"column":3}},"line":271},"23":{"name":"(anonymous_23)","decl":{"start":{"line":272,"column":5},"end":{"line":272,"column":6}},"loc":{"start":{"line":272,"column":17},"end":{"line":289,"column":5}},"line":272},"24":{"name":"useTPDPiWallet","decl":{"start":{"line":295,"column":16},"end":{"line":295,"column":30}},"loc":{"start":{"line":295,"column":63},"end":{"line":321,"column":1}},"line":295},"25":{"name":"(anonymous_25)","decl":{"start":{"line":299,"column":12},"end":{"line":299,"column":13}},"loc":{"start":{"line":299,"column":18},"end":{"line":318,"column":3}},"line":299},"26":{"name":"(anonymous_26)","decl":{"start":{"line":300,"column":5},"end":{"line":300,"column":6}},"loc":{"start":{"line":300,"column":17},"end":{"line":317,"column":5}},"line":300},"27":{"name":"useTPDPlusPay","decl":{"start":{"line":323,"column":16},"end":{"line":323,"column":29}},"loc":{"start":{"line":323,"column":61},"end":{"line":349,"column":1}},"line":323},"28":{"name":"(anonymous_28)","decl":{"start":{"line":327,"column":12},"end":{"line":327,"column":13}},"loc":{"start":{"line":327,"column":18},"end":{"line":346,"column":3}},"line":327},"29":{"name":"(anonymous_29)","decl":{"start":{"line":328,"column":5},"end":{"line":328,"column":6}},"loc":{"start":{"line":328,"column":17},"end":{"line":345,"column":5}},"line":328},"30":{"name":"useTPDAtome","decl":{"start":{"line":351,"column":16},"end":{"line":351,"column":27}},"loc":{"start":{"line":351,"column":57},"end":{"line":377,"column":1}},"line":351},"31":{"name":"(anonymous_31)","decl":{"start":{"line":355,"column":12},"end":{"line":355,"column":13}},"loc":{"start":{"line":355,"column":18},"end":{"line":374,"column":3}},"line":355},"32":{"name":"(anonymous_32)","decl":{"start":{"line":356,"column":5},"end":{"line":356,"column":6}},"loc":{"start":{"line":356,"column":17},"end":{"line":373,"column":5}},"line":356}},"branchMap":{"0":{"loc":{"start":{"line":35,"column":2},"end":{"line":35,"column":25}},"type":"default-arg","locations":[{"start":{"line":35,"column":23},"end":{"line":35,"column":25}}],"line":35},"1":{"loc":{"start":{"line":36,"column":2},"end":{"line":36,"column":23}},"type":"default-arg","locations":[{"start":{"line":36,"column":21},"end":{"line":36,"column":23}}],"line":36},"2":{"loc":{"start":{"line":37,"column":2},"end":{"line":37,"column":22}},"type":"default-arg","locations":[{"start":{"line":37,"column":20},"end":{"line":37,"column":22}}],"line":37},"3":{"loc":{"start":{"line":38,"column":2},"end":{"line":38,"column":18}},"type":"default-arg","locations":[{"start":{"line":38,"column":16},"end":{"line":38,"column":18}}],"line":38},"4":{"loc":{"start":{"line":46,"column":8},"end":{"line":48,"column":9}},"type":"if","locations":[{"start":{"line":46,"column":8},"end":{"line":48,"column":9}},{"start":{},"end":{}}],"line":46},"5":{"loc":{"start":{"line":49,"column":8},"end":{"line":51,"column":9}},"type":"if","locations":[{"start":{"line":49,"column":8},"end":{"line":51,"column":9}},{"start":{},"end":{}}],"line":49},"6":{"loc":{"start":{"line":89,"column":8},"end":{"line":91,"column":9}},"type":"if","locations":[{"start":{"line":89,"column":8},"end":{"line":91,"column":9}},{"start":{},"end":{}}],"line":89},"7":{"loc":{"start":{"line":92,"column":8},"end":{"line":94,"column":9}},"type":"if","locations":[{"start":{"line":92,"column":8},"end":{"line":94,"column":9}},{"start":{},"end":{}}],"line":92},"8":{"loc":{"start":{"line":114,"column":8},"end":{"line":116,"column":9}},"type":"if","locations":[{"start":{"line":114,"column":8},"end":{"line":116,"column":9}},{"start":{},"end":{}}],"line":114},"9":{"loc":{"start":{"line":117,"column":8},"end":{"line":119,"column":9}},"type":"if","locations":[{"start":{"line":117,"column":8},"end":{"line":119,"column":9}},{"start":{},"end":{}}],"line":117},"10":{"loc":{"start":{"line":120,"column":50},"end":{"line":120,"column":59}},"type":"default-arg","locations":[{"start":{"line":120,"column":57},"end":{"line":120,"column":59}}],"line":120},"11":{"loc":{"start":{"line":147,"column":8},"end":{"line":149,"column":9}},"type":"if","locations":[{"start":{"line":147,"column":8},"end":{"line":149,"column":9}},{"start":{},"end":{}}],"line":147},"12":{"loc":{"start":{"line":150,"column":8},"end":{"line":152,"column":9}},"type":"if","locations":[{"start":{"line":150,"column":8},"end":{"line":152,"column":9}},{"start":{},"end":{}}],"line":150},"13":{"loc":{"start":{"line":153,"column":50},"end":{"line":153,"column":59}},"type":"default-arg","locations":[{"start":{"line":153,"column":57},"end":{"line":153,"column":59}}],"line":153},"14":{"loc":{"start":{"line":180,"column":8},"end":{"line":182,"column":9}},"type":"if","locations":[{"start":{"line":180,"column":8},"end":{"line":182,"column":9}},{"start":{},"end":{}}],"line":180},"15":{"loc":{"start":{"line":183,"column":8},"end":{"line":185,"column":9}},"type":"if","locations":[{"start":{"line":183,"column":8},"end":{"line":185,"column":9}},{"start":{},"end":{}}],"line":183},"16":{"loc":{"start":{"line":186,"column":50},"end":{"line":186,"column":59}},"type":"default-arg","locations":[{"start":{"line":186,"column":57},"end":{"line":186,"column":59}}],"line":186},"17":{"loc":{"start":{"line":213,"column":8},"end":{"line":215,"column":9}},"type":"if","locations":[{"start":{"line":213,"column":8},"end":{"line":215,"column":9}},{"start":{},"end":{}}],"line":213},"18":{"loc":{"start":{"line":216,"column":8},"end":{"line":218,"column":9}},"type":"if","locations":[{"start":{"line":216,"column":8},"end":{"line":218,"column":9}},{"start":{},"end":{}}],"line":216},"19":{"loc":{"start":{"line":219,"column":50},"end":{"line":219,"column":59}},"type":"default-arg","locations":[{"start":{"line":219,"column":57},"end":{"line":219,"column":59}}],"line":219},"20":{"loc":{"start":{"line":247,"column":8},"end":{"line":249,"column":9}},"type":"if","locations":[{"start":{"line":247,"column":8},"end":{"line":249,"column":9}},{"start":{},"end":{}}],"line":247},"21":{"loc":{"start":{"line":250,"column":8},"end":{"line":252,"column":9}},"type":"if","locations":[{"start":{"line":250,"column":8},"end":{"line":252,"column":9}},{"start":{},"end":{}}],"line":250},"22":{"loc":{"start":{"line":253,"column":50},"end":{"line":253,"column":59}},"type":"default-arg","locations":[{"start":{"line":253,"column":57},"end":{"line":253,"column":59}}],"line":253},"23":{"loc":{"start":{"line":275,"column":8},"end":{"line":277,"column":9}},"type":"if","locations":[{"start":{"line":275,"column":8},"end":{"line":277,"column":9}},{"start":{},"end":{}}],"line":275},"24":{"loc":{"start":{"line":278,"column":8},"end":{"line":280,"column":9}},"type":"if","locations":[{"start":{"line":278,"column":8},"end":{"line":280,"column":9}},{"start":{},"end":{}}],"line":278},"25":{"loc":{"start":{"line":281,"column":50},"end":{"line":281,"column":59}},"type":"default-arg","locations":[{"start":{"line":281,"column":57},"end":{"line":281,"column":59}}],"line":281},"26":{"loc":{"start":{"line":303,"column":8},"end":{"line":305,"column":9}},"type":"if","locations":[{"start":{"line":303,"column":8},"end":{"line":305,"column":9}},{"start":{},"end":{}}],"line":303},"27":{"loc":{"start":{"line":306,"column":8},"end":{"line":308,"column":9}},"type":"if","locations":[{"start":{"line":306,"column":8},"end":{"line":308,"column":9}},{"start":{},"end":{}}],"line":306},"28":{"loc":{"start":{"line":309,"column":50},"end":{"line":309,"column":59}},"type":"default-arg","locations":[{"start":{"line":309,"column":57},"end":{"line":309,"column":59}}],"line":309},"29":{"loc":{"start":{"line":331,"column":8},"end":{"line":333,"column":9}},"type":"if","locations":[{"start":{"line":331,"column":8},"end":{"line":333,"column":9}},{"start":{},"end":{}}],"line":331},"30":{"loc":{"start":{"line":334,"column":8},"end":{"line":336,"column":9}},"type":"if","locations":[{"start":{"line":334,"column":8},"end":{"line":336,"column":9}},{"start":{},"end":{}}],"line":334},"31":{"loc":{"start":{"line":337,"column":50},"end":{"line":337,"column":59}},"type":"default-arg","locations":[{"start":{"line":337,"column":57},"end":{"line":337,"column":59}}],"line":337},"32":{"loc":{"start":{"line":359,"column":8},"end":{"line":361,"column":9}},"type":"if","locations":[{"start":{"line":359,"column":8},"end":{"line":361,"column":9}},{"start":{},"end":{}}],"line":359},"33":{"loc":{"start":{"line":362,"column":8},"end":{"line":364,"column":9}},"type":"if","locations":[{"start":{"line":362,"column":8},"end":{"line":364,"column":9}},{"start":{},"end":{}}],"line":362},"34":{"loc":{"start":{"line":365,"column":50},"end":{"line":365,"column":59}},"type":"default-arg","locations":[{"start":{"line":365,"column":57},"end":{"line":365,"column":59}}],"line":365}},"s":{"0":1,"1":4,"2":4,"3":2,"4":2,"5":2,"6":2,"7":0,"8":2,"9":2,"10":2,"11":2,"12":2,"13":0,"14":0,"15":4,"16":0,"17":0,"18":0,"19":0,"20":0,"21":0,"22":0,"23":0,"24":0,"25":0,"26":0,"27":0,"28":0,"29":0,"30":0,"31":0,"32":0,"33":0,"34":0,"35":0,"36":0,"37":0,"38":0,"39":0,"40":0,"41":0,"42":0,"43":0,"44":0,"45":0,"46":0,"47":0,"48":0,"49":0,"50":0,"51":0,"52":0,"53":0,"54":0,"55":0,"56":0,"57":0,"58":0,"59":0,"60":0,"61":0,"62":0,"63":0,"64":0,"65":0,"66":0,"67":0,"68":0,"69":0,"70":0,"71":0,"72":0,"73":0,"74":0,"75":0,"76":0,"77":0,"78":0,"79":0,"80":0,"81":0,"82":0,"83":0,"84":0,"85":0,"86":0,"87":0,"88":0,"89":0,"90":0,"91":0,"92":0,"93":0,"94":0,"95":0,"96":0,"97":0,"98":0,"99":0,"100":0,"101":0,"102":0,"103":0,"104":0,"105":0,"106":0,"107":0,"108":0,"109":0,"110":0,"111":0,"112":0,"113":0,"114":0,"115":0,"116":0,"117":0,"118":0,"119":0,"120":0,"121":0,"122":0,"123":0,"124":0,"125":0,"126":0,"127":0,"128":0,"129":0,"130":0,"131":0,"132":0,"133":0,"134":0,"135":0,"136":0,"137":0,"138":0,"139":0,"140":0,"141":0,"142":0,"143":0,"144":0,"145":0,"146":0,"147":0,"148":0,"149":0,"150":0,"151":0,"152":0,"153":0,"154":0,"155":0,"156":0,"157":0,"158":0,"159":0,"160":0,"161":0,"162":0,"163":0,"164":0},"f":{"0":4,"1":2,"2":2,"3":0,"4":0,"5":0,"6":0,"7":0,"8":0,"9":0,"10":0,"11":0,"12":0,"13":0,"14":0,"15":0,"16":0,"17":0,"18":0,"19":0,"20":0,"21":0,"22":0,"23":0,"24":0,"25":0,"26":0,"27":0,"28":0,"29":0,"30":0,"31":0,"32":0},"b":{"0":[0],"1":[0],"2":[0],"3":[0],"4":[0,2],"5":[2,0],"6":[0,0],"7":[0,0],"8":[0,0],"9":[0,0],"10":[0],"11":[0,0],"12":[0,0],"13":[0],"14":[0,0],"15":[0,0],"16":[0],"17":[0,0],"18":[0,0],"19":[0],"20":[0,0],"21":[0,0],"22":[0],"23":[0,0],"24":[0,0],"25":[0],"26":[0,0],"27":[0,0],"28":[0],"29":[0,0],"30":[0,0],"31":[0],"32":[0,0],"33":[0,0],"34":[0]},"_coverageSchema":"1a1c01bbd47fc00a2c39e90264f33305004495a9","hash":"1531625c2fafd0f32f2fb9dd8a87f93ac8dcc447"}
}
