{"/Users/bibianapprd/Desktop/code/react-native-tappay-hook/src/cacheStatus.ts": {"path":"/Users/bibianapprd/Desktop/code/react-native-tappay-hook/src/cacheStatus.ts","statementMap":{"0":{"start":{"line":1,"column":20},"end":{"line":1,"column":22}},"1":{"start":{"line":2,"column":21},"end":{"line":2,"column":23}},"2":{"start":{"line":3,"column":20},"end":{"line":3,"column":25}},"3":{"start":{"line":4,"column":23},"end":{"line":4,"column":27}},"4":{"start":{"line":5,"column":23},"end":{"line":5,"column":25}},"5":{"start":{"line":6,"column":33},"end":{"line":6,"column":38}},"6":{"start":{"line":7,"column":32},"end":{"line":7,"column":37}},"7":{"start":{"line":8,"column":31},"end":{"line":8,"column":36}},"8":{"start":{"line":9,"column":33},"end":{"line":9,"column":38}},"9":{"start":{"line":10,"column":29},"end":{"line":10,"column":34}},"10":{"start":{"line":11,"column":33},"end":{"line":11,"column":38}},"11":{"start":{"line":12,"column":31},"end":{"line":12,"column":36}},"12":{"start":{"line":13,"column":30},"end":{"line":13,"column":35}},"13":{"start":{"line":14,"column":28},"end":{"line":14,"column":33}},"14":{"start":{"line":17,"column":2},"end":{"line":17,"column":15}},"15":{"start":{"line":20,"column":2},"end":{"line":20,"column":19}},"16":{"start":{"line":23,"column":2},"end":{"line":23,"column":16}},"17":{"start":{"line":26,"column":2},"end":{"line":26,"column":21}},"18":{"start":{"line":29,"column":2},"end":{"line":29,"column":14}},"19":{"start":{"line":32,"column":2},"end":{"line":32,"column":17}},"20":{"start":{"line":36,"column":2},"end":{"line":36,"column":21}},"21":{"start":{"line":39,"column":2},"end":{"line":39,"column":31}},"22":{"start":{"line":43,"column":2},"end":{"line":43,"column":18}},"23":{"start":{"line":46,"column":2},"end":{"line":46,"column":25}},"24":{"start":{"line":50,"column":2},"end":{"line":50,"column":27}},"25":{"start":{"line":53,"column":2},"end":{"line":53,"column":43}},"26":{"start":{"line":57,"column":2},"end":{"line":57,"column":26}},"27":{"start":{"line":60,"column":2},"end":{"line":60,"column":41}},"28":{"start":{"line":64,"column":2},"end":{"line":64,"column":25}},"29":{"start":{"line":67,"column":2},"end":{"line":67,"column":39}},"30":{"start":{"line":71,"column":2},"end":{"line":71,"column":27}},"31":{"start":{"line":74,"column":2},"end":{"line":74,"column":43}},"32":{"start":{"line":78,"column":2},"end":{"line":78,"column":23}},"33":{"start":{"line":81,"column":2},"end":{"line":81,"column":35}},"34":{"start":{"line":85,"column":2},"end":{"line":85,"column":27}},"35":{"start":{"line":88,"column":2},"end":{"line":88,"column":43}},"36":{"start":{"line":92,"column":2},"end":{"line":92,"column":25}},"37":{"start":{"line":95,"column":2},"end":{"line":95,"column":39}},"38":{"start":{"line":99,"column":2},"end":{"line":99,"column":24}},"39":{"start":{"line":102,"column":2},"end":{"line":102,"column":37}},"40":{"start":{"line":106,"column":2},"end":{"line":106,"column":22}},"41":{"start":{"line":109,"column":2},"end":{"line":109,"column":33}}},"fnMap":{"0":{"name":"getAppId","decl":{"start":{"line":16,"column":16},"end":{"line":16,"column":24}},"loc":{"start":{"line":16,"column":27},"end":{"line":18,"column":1}},"line":16},"1":{"name":"setAppId","decl":{"start":{"line":19,"column":16},"end":{"line":19,"column":24}},"loc":{"start":{"line":19,"column":43},"end":{"line":21,"column":1}},"line":19},"2":{"name":"getAppKey","decl":{"start":{"line":22,"column":16},"end":{"line":22,"column":25}},"loc":{"start":{"line":22,"column":28},"end":{"line":24,"column":1}},"line":22},"3":{"name":"setAppKey","decl":{"start":{"line":25,"column":16},"end":{"line":25,"column":25}},"loc":{"start":{"line":25,"column":45},"end":{"line":27,"column":1}},"line":25},"4":{"name":"getProd","decl":{"start":{"line":28,"column":16},"end":{"line":28,"column":23}},"loc":{"start":{"line":28,"column":26},"end":{"line":30,"column":1}},"line":28},"5":{"name":"setProd","decl":{"start":{"line":31,"column":16},"end":{"line":31,"column":23}},"loc":{"start":{"line":31,"column":42},"end":{"line":33,"column":1}},"line":31},"6":{"name":"getInitPromise","decl":{"start":{"line":35,"column":16},"end":{"line":35,"column":30}},"loc":{"start":{"line":35,"column":33},"end":{"line":37,"column":1}},"line":35},"7":{"name":"setInitPromise","decl":{"start":{"line":38,"column":16},"end":{"line":38,"column":30}},"loc":{"start":{"line":38,"column":52},"end":{"line":40,"column":1}},"line":38},"8":{"name":"getStatusDeviceId","decl":{"start":{"line":42,"column":16},"end":{"line":42,"column":33}},"loc":{"start":{"line":42,"column":36},"end":{"line":44,"column":1}},"line":42},"9":{"name":"setStatusDeviceId","decl":{"start":{"line":45,"column":16},"end":{"line":45,"column":33}},"loc":{"start":{"line":45,"column":55},"end":{"line":47,"column":1}},"line":45},"10":{"name":"getGooglePlayIsReady","decl":{"start":{"line":49,"column":16},"end":{"line":49,"column":36}},"loc":{"start":{"line":49,"column":39},"end":{"line":51,"column":1}},"line":49},"11":{"name":"setGooglePlayIsReady","decl":{"start":{"line":52,"column":16},"end":{"line":52,"column":36}},"loc":{"start":{"line":52,"column":68},"end":{"line":54,"column":1}},"line":52},"12":{"name":"getApplePlayIsReady","decl":{"start":{"line":56,"column":16},"end":{"line":56,"column":35}},"loc":{"start":{"line":56,"column":38},"end":{"line":58,"column":1}},"line":56},"13":{"name":"setApplePlayIsReady","decl":{"start":{"line":59,"column":16},"end":{"line":59,"column":35}},"loc":{"start":{"line":59,"column":66},"end":{"line":61,"column":1}},"line":59},"14":{"name":"getLinePlayIsReady","decl":{"start":{"line":63,"column":16},"end":{"line":63,"column":34}},"loc":{"start":{"line":63,"column":37},"end":{"line":65,"column":1}},"line":63},"15":{"name":"setLinePlayIsReady","decl":{"start":{"line":66,"column":16},"end":{"line":66,"column":34}},"loc":{"start":{"line":66,"column":64},"end":{"line":68,"column":1}},"line":66},"16":{"name":"getSamsungPayIsReady","decl":{"start":{"line":70,"column":16},"end":{"line":70,"column":36}},"loc":{"start":{"line":70,"column":39},"end":{"line":72,"column":1}},"line":70},"17":{"name":"setSamsungPayIsReady","decl":{"start":{"line":73,"column":16},"end":{"line":73,"column":36}},"loc":{"start":{"line":73,"column":68},"end":{"line":75,"column":1}},"line":73},"18":{"name":"getJkoPayIsReady","decl":{"start":{"line":77,"column":16},"end":{"line":77,"column":32}},"loc":{"start":{"line":77,"column":35},"end":{"line":79,"column":1}},"line":77},"19":{"name":"setJkoPayIsReady","decl":{"start":{"line":80,"column":16},"end":{"line":80,"column":32}},"loc":{"start":{"line":80,"column":60},"end":{"line":82,"column":1}},"line":80},"20":{"name":"getEasyWalletIsReady","decl":{"start":{"line":84,"column":16},"end":{"line":84,"column":36}},"loc":{"start":{"line":84,"column":39},"end":{"line":86,"column":1}},"line":84},"21":{"name":"setEasyWalletIsReady","decl":{"start":{"line":87,"column":16},"end":{"line":87,"column":36}},"loc":{"start":{"line":87,"column":68},"end":{"line":89,"column":1}},"line":87},"22":{"name":"getPiWalletIsReady","decl":{"start":{"line":91,"column":16},"end":{"line":91,"column":34}},"loc":{"start":{"line":91,"column":37},"end":{"line":93,"column":1}},"line":91},"23":{"name":"setPiWalletIsReady","decl":{"start":{"line":94,"column":16},"end":{"line":94,"column":34}},"loc":{"start":{"line":94,"column":64},"end":{"line":96,"column":1}},"line":94},"24":{"name":"getPlusPayIsReady","decl":{"start":{"line":98,"column":16},"end":{"line":98,"column":33}},"loc":{"start":{"line":98,"column":36},"end":{"line":100,"column":1}},"line":98},"25":{"name":"setPlusPayIsReady","decl":{"start":{"line":101,"column":16},"end":{"line":101,"column":33}},"loc":{"start":{"line":101,"column":62},"end":{"line":103,"column":1}},"line":101},"26":{"name":"getAtomeIsReady","decl":{"start":{"line":105,"column":16},"end":{"line":105,"column":31}},"loc":{"start":{"line":105,"column":34},"end":{"line":107,"column":1}},"line":105},"27":{"name":"setAtomeIsReady","decl":{"start":{"line":108,"column":16},"end":{"line":108,"column":31}},"loc":{"start":{"line":108,"column":58},"end":{"line":110,"column":1}},"line":108}},"branchMap":{},"s":{"0":10,"1":10,"2":10,"3":10,"4":10,"5":10,"6":10,"7":10,"8":10,"9":10,"10":10,"11":10,"12":10,"13":10,"14":45,"15":336,"16":27,"17":336,"18":71,"19":63,"20":284,"21":164,"22":36,"23":63,"24":8,"25":53,"26":7,"27":53,"28":15,"29":53,"30":9,"31":53,"32":21,"33":53,"34":21,"35":53,"36":20,"37":53,"38":20,"39":53,"40":20,"41":51},"f":{"0":45,"1":336,"2":27,"3":336,"4":71,"5":63,"6":284,"7":164,"8":36,"9":63,"10":8,"11":53,"12":7,"13":53,"14":15,"15":53,"16":9,"17":53,"18":21,"19":53,"20":21,"21":53,"22":20,"23":53,"24":20,"25":53,"26":20,"27":51},"b":{},"_coverageSchema":"1a1c01bbd47fc00a2c39e90264f33305004495a9","hash":"54c9bdfe21ba65d14804b06c7c847780f80ecbb6"}
,"/Users/bibianapprd/Desktop/code/react-native-tappay-hook/src/fp/applePayInit.ts": {"path":"/Users/bibianapprd/Desktop/code/react-native-tappay-hook/src/fp/applePayInit.ts","statementMap":{"0":{"start":{"line":11,"column":2},"end":{"line":13,"column":3}},"1":{"start":{"line":12,"column":4},"end":{"line":12,"column":56}},"2":{"start":{"line":15,"column":17},"end":{"line":20,"column":3}},"3":{"start":{"line":21,"column":2},"end":{"line":21,"column":43}},"4":{"start":{"line":22,"column":2},"end":{"line":22,"column":16}}},"fnMap":{"0":{"name":"applePayInit","decl":{"start":{"line":5,"column":22},"end":{"line":5,"column":34}},"loc":{"start":{"line":10,"column":2},"end":{"line":23,"column":1}},"line":10}},"branchMap":{"0":{"loc":{"start":{"line":11,"column":2},"end":{"line":13,"column":3}},"type":"if","locations":[{"start":{"line":11,"column":2},"end":{"line":13,"column":3}},{"start":{},"end":{}}],"line":11}},"s":{"0":5,"1":1,"2":4,"3":4,"4":4},"f":{"0":5},"b":{"0":[1,4]},"_coverageSchema":"1a1c01bbd47fc00a2c39e90264f33305004495a9","hash":"d2452442e7477cdb39a7e66aa2ee8a63b8f5c5f4"}
,"/Users/bibianapprd/Desktop/code/react-native-tappay-hook/src/fp/atomeInit.ts": {"path":"/Users/bibianapprd/Desktop/code/react-native-tappay-hook/src/fp/atomeInit.ts","statementMap":{"0":{"start":{"line":6,"column":2},"end":{"line":8,"column":3}},"1":{"start":{"line":7,"column":4},"end":{"line":7,"column":56}},"2":{"start":{"line":9,"column":17},"end":{"line":11,"column":3}},"3":{"start":{"line":12,"column":2},"end":{"line":12,"column":39}},"4":{"start":{"line":13,"column":2},"end":{"line":13,"column":16}}},"fnMap":{"0":{"name":"atomeInit","decl":{"start":{"line":5,"column":22},"end":{"line":5,"column":31}},"loc":{"start":{"line":5,"column":61},"end":{"line":14,"column":1}},"line":5}},"branchMap":{"0":{"loc":{"start":{"line":6,"column":2},"end":{"line":8,"column":3}},"type":"if","locations":[{"start":{"line":6,"column":2},"end":{"line":8,"column":3}},{"start":{},"end":{}}],"line":6}},"s":{"0":5,"1":1,"2":4,"3":4,"4":4},"f":{"0":5},"b":{"0":[1,4]},"_coverageSchema":"1a1c01bbd47fc00a2c39e90264f33305004495a9","hash":"b29209feb6aef45cc784fe677ea92be709f0488f"}
,"/Users/bibianapprd/Desktop/code/react-native-tappay-hook/src/fp/atomeRedirectWithUrl.ts": {"path":"/Users/bibianapprd/Desktop/code/react-native-tappay-hook/src/fp/atomeRedirectWithUrl.ts","statementMap":{"0":{"start":{"line":6,"column":2},"end":{"line":8,"column":3}},"1":{"start":{"line":7,"column":4},"end":{"line":7,"column":49}},"2":{"start":{"line":9,"column":17},"end":{"line":11,"column":3}},"3":{"start":{"line":12,"column":2},"end":{"line":12,"column":16}}},"fnMap":{"0":{"name":"atomeRedirectWithUrl","decl":{"start":{"line":5,"column":22},"end":{"line":5,"column":42}},"loc":{"start":{"line":5,"column":63},"end":{"line":13,"column":1}},"line":5}},"branchMap":{"0":{"loc":{"start":{"line":6,"column":2},"end":{"line":8,"column":3}},"type":"if","locations":[{"start":{"line":6,"column":2},"end":{"line":8,"column":3}},{"start":{},"end":{}}],"line":6}},"s":{"0":3,"1":1,"2":2,"3":2},"f":{"0":3},"b":{"0":[1,2]},"_coverageSchema":"1a1c01bbd47fc00a2c39e90264f33305004495a9","hash":"798bb222e33a0ffb96fd8a435fe67706fa59ab7b"}
,"/Users/bibianapprd/Desktop/code/react-native-tappay-hook/src/fp/atomehandleUniversalLink.ts": {"path":"/Users/bibianapprd/Desktop/code/react-native-tappay-hook/src/fp/atomehandleUniversalLink.ts","statementMap":{"0":{"start":{"line":6,"column":2},"end":{"line":8,"column":3}},"1":{"start":{"line":7,"column":4},"end":{"line":7,"column":49}},"2":{"start":{"line":9,"column":17},"end":{"line":11,"column":3}},"3":{"start":{"line":12,"column":2},"end":{"line":12,"column":16}}},"fnMap":{"0":{"name":"atomehandleUniversalLink","decl":{"start":{"line":5,"column":22},"end":{"line":5,"column":46}},"loc":{"start":{"line":5,"column":60},"end":{"line":13,"column":1}},"line":5}},"branchMap":{"0":{"loc":{"start":{"line":6,"column":2},"end":{"line":8,"column":3}},"type":"if","locations":[{"start":{"line":6,"column":2},"end":{"line":8,"column":3}},{"start":{},"end":{}}],"line":6}},"s":{"0":3,"1":1,"2":2,"3":2},"f":{"0":3},"b":{"0":[1,2]},"_coverageSchema":"1a1c01bbd47fc00a2c39e90264f33305004495a9","hash":"a6a245b5b831c9caea3596e9f1caa320b2f315b5"}
,"/Users/bibianapprd/Desktop/code/react-native-tappay-hook/src/fp/easyWalletHandleUniversalLink.ts": {"path":"/Users/bibianapprd/Desktop/code/react-native-tappay-hook/src/fp/easyWalletHandleUniversalLink.ts","statementMap":{"0":{"start":{"line":6,"column":2},"end":{"line":8,"column":3}},"1":{"start":{"line":7,"column":4},"end":{"line":7,"column":54}},"2":{"start":{"line":10,"column":4},"end":{"line":10,"column":75}},"3":{"start":{"line":11,"column":2},"end":{"line":11,"column":16}}},"fnMap":{"0":{"name":"easyWalletHandleUniversalLink","decl":{"start":{"line":5,"column":22},"end":{"line":5,"column":51}},"loc":{"start":{"line":5,"column":65},"end":{"line":12,"column":1}},"line":5}},"branchMap":{"0":{"loc":{"start":{"line":6,"column":2},"end":{"line":8,"column":3}},"type":"if","locations":[{"start":{"line":6,"column":2},"end":{"line":8,"column":3}},{"start":{},"end":{}}],"line":6}},"s":{"0":3,"1":1,"2":2,"3":2},"f":{"0":3},"b":{"0":[1,2]},"_coverageSchema":"1a1c01bbd47fc00a2c39e90264f33305004495a9","hash":"6e6b432eadb18096b52ec3ad8cead7019ff01156"}
,"/Users/bibianapprd/Desktop/code/react-native-tappay-hook/src/fp/easyWalletInit.ts": {"path":"/Users/bibianapprd/Desktop/code/react-native-tappay-hook/src/fp/easyWalletInit.ts","statementMap":{"0":{"start":{"line":6,"column":2},"end":{"line":8,"column":3}},"1":{"start":{"line":7,"column":4},"end":{"line":7,"column":56}},"2":{"start":{"line":9,"column":17},"end":{"line":11,"column":3}},"3":{"start":{"line":12,"column":2},"end":{"line":12,"column":44}},"4":{"start":{"line":13,"column":2},"end":{"line":13,"column":16}}},"fnMap":{"0":{"name":"easyWalletInit","decl":{"start":{"line":5,"column":22},"end":{"line":5,"column":36}},"loc":{"start":{"line":5,"column":71},"end":{"line":14,"column":1}},"line":5}},"branchMap":{"0":{"loc":{"start":{"line":6,"column":2},"end":{"line":8,"column":3}},"type":"if","locations":[{"start":{"line":6,"column":2},"end":{"line":8,"column":3}},{"start":{},"end":{}}],"line":6}},"s":{"0":5,"1":1,"2":4,"3":4,"4":4},"f":{"0":5},"b":{"0":[1,4]},"_coverageSchema":"1a1c01bbd47fc00a2c39e90264f33305004495a9","hash":"67a91173b840a60856757a697e22deec82ae8b03"}
,"/Users/bibianapprd/Desktop/code/react-native-tappay-hook/src/fp/easyWalletRedirectWithUrl.ts": {"path":"/Users/bibianapprd/Desktop/code/react-native-tappay-hook/src/fp/easyWalletRedirectWithUrl.ts","statementMap":{"0":{"start":{"line":6,"column":2},"end":{"line":8,"column":3}},"1":{"start":{"line":7,"column":4},"end":{"line":7,"column":54}},"2":{"start":{"line":9,"column":17},"end":{"line":11,"column":3}},"3":{"start":{"line":12,"column":2},"end":{"line":12,"column":16}}},"fnMap":{"0":{"name":"easyWalletRedirectWithUrl","decl":{"start":{"line":5,"column":22},"end":{"line":5,"column":47}},"loc":{"start":{"line":5,"column":68},"end":{"line":13,"column":1}},"line":5}},"branchMap":{"0":{"loc":{"start":{"line":6,"column":2},"end":{"line":8,"column":3}},"type":"if","locations":[{"start":{"line":6,"column":2},"end":{"line":8,"column":3}},{"start":{},"end":{}}],"line":6}},"s":{"0":3,"1":1,"2":2,"3":2},"f":{"0":3},"b":{"0":[1,2]},"_coverageSchema":"1a1c01bbd47fc00a2c39e90264f33305004495a9","hash":"146a1eb689140930bb76230f682978c60b9e6b0d"}
,"/Users/bibianapprd/Desktop/code/react-native-tappay-hook/src/fp/getApplePayPrime.ts": {"path":"/Users/bibianapprd/Desktop/code/react-native-tappay-hook/src/fp/getApplePayPrime.ts","statementMap":{"0":{"start":{"line":6,"column":2},"end":{"line":8,"column":3}},"1":{"start":{"line":7,"column":4},"end":{"line":7,"column":56}},"2":{"start":{"line":9,"column":2},"end":{"line":11,"column":3}},"3":{"start":{"line":10,"column":4},"end":{"line":10,"column":11}},"4":{"start":{"line":12,"column":2},"end":{"line":14,"column":3}},"5":{"start":{"line":13,"column":4},"end":{"line":13,"column":52}},"6":{"start":{"line":15,"column":17},"end":{"line":15,"column":78}},"7":{"start":{"line":16,"column":2},"end":{"line":16,"column":16}}},"fnMap":{"0":{"name":"getApplePayPrime","decl":{"start":{"line":5,"column":22},"end":{"line":5,"column":38}},"loc":{"start":{"line":5,"column":55},"end":{"line":17,"column":1}},"line":5}},"branchMap":{"0":{"loc":{"start":{"line":6,"column":2},"end":{"line":8,"column":3}},"type":"if","locations":[{"start":{"line":6,"column":2},"end":{"line":8,"column":3}},{"start":{},"end":{}}],"line":6},"1":{"loc":{"start":{"line":9,"column":2},"end":{"line":11,"column":3}},"type":"if","locations":[{"start":{"line":9,"column":2},"end":{"line":11,"column":3}},{"start":{},"end":{}}],"line":9},"2":{"loc":{"start":{"line":12,"column":2},"end":{"line":14,"column":3}},"type":"if","locations":[{"start":{"line":12,"column":2},"end":{"line":14,"column":3}},{"start":{},"end":{}}],"line":12}},"s":{"0":4,"1":1,"2":3,"3":1,"4":2,"5":1,"6":1,"7":1},"f":{"0":4},"b":{"0":[1,3],"1":[1,2],"2":[1,1]},"_coverageSchema":"1a1c01bbd47fc00a2c39e90264f33305004495a9","hash":"5d35859b14582c437f2aea1b6ea9695258b7e5e0"}
,"/Users/bibianapprd/Desktop/code/react-native-tappay-hook/src/fp/getAtomePrime.ts": {"path":"/Users/bibianapprd/Desktop/code/react-native-tappay-hook/src/fp/getAtomePrime.ts","statementMap":{"0":{"start":{"line":6,"column":2},"end":{"line":8,"column":3}},"1":{"start":{"line":7,"column":4},"end":{"line":7,"column":49}},"2":{"start":{"line":9,"column":17},"end":{"line":9,"column":69}},"3":{"start":{"line":10,"column":2},"end":{"line":10,"column":16}}},"fnMap":{"0":{"name":"getAtomePrime","decl":{"start":{"line":5,"column":22},"end":{"line":5,"column":35}},"loc":{"start":{"line":5,"column":38},"end":{"line":11,"column":1}},"line":5}},"branchMap":{"0":{"loc":{"start":{"line":6,"column":2},"end":{"line":8,"column":3}},"type":"if","locations":[{"start":{"line":6,"column":2},"end":{"line":8,"column":3}},{"start":{},"end":{}}],"line":6}},"s":{"0":3,"1":1,"2":2,"3":2},"f":{"0":3},"b":{"0":[1,2]},"_coverageSchema":"1a1c01bbd47fc00a2c39e90264f33305004495a9","hash":"b0357822f61612e83b487e728a3fc6d358b35f03"}
,"/Users/bibianapprd/Desktop/code/react-native-tappay-hook/src/fp/getDeviceId.ts": {"path":"/Users/bibianapprd/Desktop/code/react-native-tappay-hook/src/fp/getDeviceId.ts","statementMap":{"0":{"start":{"line":10,"column":2},"end":{"line":12,"column":3}},"1":{"start":{"line":11,"column":4},"end":{"line":11,"column":56}},"2":{"start":{"line":13,"column":19},"end":{"line":13,"column":38}},"3":{"start":{"line":14,"column":2},"end":{"line":16,"column":3}},"4":{"start":{"line":15,"column":4},"end":{"line":15,"column":20}},"5":{"start":{"line":17,"column":20},"end":{"line":17,"column":70}},"6":{"start":{"line":18,"column":2},"end":{"line":18,"column":31}},"7":{"start":{"line":19,"column":2},"end":{"line":19,"column":29}}},"fnMap":{"0":{"name":"getDeviceId","decl":{"start":{"line":9,"column":22},"end":{"line":9,"column":33}},"loc":{"start":{"line":9,"column":36},"end":{"line":20,"column":1}},"line":9}},"branchMap":{"0":{"loc":{"start":{"line":10,"column":2},"end":{"line":12,"column":3}},"type":"if","locations":[{"start":{"line":10,"column":2},"end":{"line":12,"column":3}},{"start":{},"end":{}}],"line":10},"1":{"loc":{"start":{"line":14,"column":2},"end":{"line":16,"column":3}},"type":"if","locations":[{"start":{"line":14,"column":2},"end":{"line":16,"column":3}},{"start":{},"end":{}}],"line":14}},"s":{"0":14,"1":1,"2":13,"3":13,"4":4,"5":9,"6":9,"7":9},"f":{"0":14},"b":{"0":[1,13],"1":[4,9]},"_coverageSchema":"1a1c01bbd47fc00a2c39e90264f33305004495a9","hash":"96e08ad54bd3d3cb76752b912a4ee3923cd7d68e"}
,"/Users/bibianapprd/Desktop/code/react-native-tappay-hook/src/fp/getDirectPayPrime.ts": {"path":"/Users/bibianapprd/Desktop/code/react-native-tappay-hook/src/fp/getDirectPayPrime.ts","statementMap":{"0":{"start":{"line":6,"column":2},"end":{"line":8,"column":3}},"1":{"start":{"line":7,"column":4},"end":{"line":7,"column":56}},"2":{"start":{"line":9,"column":17},"end":{"line":11,"column":3}},"3":{"start":{"line":12,"column":2},"end":{"line":12,"column":16}}},"fnMap":{"0":{"name":"getDirectPayPrime","decl":{"start":{"line":5,"column":22},"end":{"line":5,"column":39}},"loc":{"start":{"line":5,"column":73},"end":{"line":13,"column":1}},"line":5}},"branchMap":{"0":{"loc":{"start":{"line":5,"column":40},"end":{"line":5,"column":71}},"type":"default-arg","locations":[{"start":{"line":5,"column":62},"end":{"line":5,"column":71}}],"line":5},"1":{"loc":{"start":{"line":6,"column":2},"end":{"line":8,"column":3}},"type":"if","locations":[{"start":{"line":6,"column":2},"end":{"line":8,"column":3}},{"start":{},"end":{}}],"line":6}},"s":{"0":3,"1":1,"2":2,"3":2},"f":{"0":3},"b":{"0":[3],"1":[1,2]},"_coverageSchema":"1a1c01bbd47fc00a2c39e90264f33305004495a9","hash":"621ad93aae0b40b312883ed9d7426fa94a94ec0f"}
,"/Users/bibianapprd/Desktop/code/react-native-tappay-hook/src/fp/getEasyWalletPrime.ts": {"path":"/Users/bibianapprd/Desktop/code/react-native-tappay-hook/src/fp/getEasyWalletPrime.ts","statementMap":{"0":{"start":{"line":6,"column":2},"end":{"line":8,"column":3}},"1":{"start":{"line":7,"column":4},"end":{"line":7,"column":54}},"2":{"start":{"line":9,"column":17},"end":{"line":9,"column":74}},"3":{"start":{"line":10,"column":2},"end":{"line":10,"column":16}}},"fnMap":{"0":{"name":"getEasyWalletPrime","decl":{"start":{"line":5,"column":22},"end":{"line":5,"column":40}},"loc":{"start":{"line":5,"column":43},"end":{"line":11,"column":1}},"line":5}},"branchMap":{"0":{"loc":{"start":{"line":6,"column":2},"end":{"line":8,"column":3}},"type":"if","locations":[{"start":{"line":6,"column":2},"end":{"line":8,"column":3}},{"start":{},"end":{}}],"line":6}},"s":{"0":3,"1":1,"2":2,"3":2},"f":{"0":3},"b":{"0":[1,2]},"_coverageSchema":"1a1c01bbd47fc00a2c39e90264f33305004495a9","hash":"9662e90c040b08a1a9feba2ab255a009388d66f1"}
,"/Users/bibianapprd/Desktop/code/react-native-tappay-hook/src/fp/getGooglePayPrime.ts": {"path":"/Users/bibianapprd/Desktop/code/react-native-tappay-hook/src/fp/getGooglePayPrime.ts","statementMap":{"0":{"start":{"line":9,"column":2},"end":{"line":11,"column":3}},"1":{"start":{"line":10,"column":4},"end":{"line":10,"column":56}},"2":{"start":{"line":12,"column":2},"end":{"line":14,"column":3}},"3":{"start":{"line":13,"column":4},"end":{"line":13,"column":11}},"4":{"start":{"line":15,"column":2},"end":{"line":17,"column":3}},"5":{"start":{"line":16,"column":4},"end":{"line":16,"column":53}},"6":{"start":{"line":18,"column":17},"end":{"line":21,"column":3}},"7":{"start":{"line":22,"column":2},"end":{"line":22,"column":16}}},"fnMap":{"0":{"name":"getGooglePayPrime","decl":{"start":{"line":5,"column":22},"end":{"line":5,"column":39}},"loc":{"start":{"line":8,"column":2},"end":{"line":23,"column":1}},"line":8}},"branchMap":{"0":{"loc":{"start":{"line":7,"column":2},"end":{"line":7,"column":30}},"type":"default-arg","locations":[{"start":{"line":7,"column":25},"end":{"line":7,"column":30}}],"line":7},"1":{"loc":{"start":{"line":9,"column":2},"end":{"line":11,"column":3}},"type":"if","locations":[{"start":{"line":9,"column":2},"end":{"line":11,"column":3}},{"start":{},"end":{}}],"line":9},"2":{"loc":{"start":{"line":12,"column":2},"end":{"line":14,"column":3}},"type":"if","locations":[{"start":{"line":12,"column":2},"end":{"line":14,"column":3}},{"start":{},"end":{}}],"line":12},"3":{"loc":{"start":{"line":15,"column":2},"end":{"line":17,"column":3}},"type":"if","locations":[{"start":{"line":15,"column":2},"end":{"line":17,"column":3}},{"start":{},"end":{}}],"line":15}},"s":{"0":4,"1":1,"2":3,"3":1,"4":2,"5":1,"6":1,"7":1},"f":{"0":4},"b":{"0":[1],"1":[1,3],"2":[1,2],"3":[1,1]},"_coverageSchema":"1a1c01bbd47fc00a2c39e90264f33305004495a9","hash":"45a1e3f3efa895b80245c1d42b2e1072ad1cb5ae"}
,"/Users/bibianapprd/Desktop/code/react-native-tappay-hook/src/fp/getJkoPayPrime.ts": {"path":"/Users/bibianapprd/Desktop/code/react-native-tappay-hook/src/fp/getJkoPayPrime.ts","statementMap":{"0":{"start":{"line":6,"column":2},"end":{"line":8,"column":3}},"1":{"start":{"line":7,"column":4},"end":{"line":7,"column":50}},"2":{"start":{"line":9,"column":17},"end":{"line":9,"column":70}},"3":{"start":{"line":10,"column":2},"end":{"line":10,"column":16}}},"fnMap":{"0":{"name":"getJkoPayPrime","decl":{"start":{"line":5,"column":22},"end":{"line":5,"column":36}},"loc":{"start":{"line":5,"column":39},"end":{"line":11,"column":1}},"line":5}},"branchMap":{"0":{"loc":{"start":{"line":6,"column":2},"end":{"line":8,"column":3}},"type":"if","locations":[{"start":{"line":6,"column":2},"end":{"line":8,"column":3}},{"start":{},"end":{}}],"line":6}},"s":{"0":3,"1":1,"2":2,"3":2},"f":{"0":3},"b":{"0":[1,2]},"_coverageSchema":"1a1c01bbd47fc00a2c39e90264f33305004495a9","hash":"f9a5f5d20829d8c6616a24af55271a2b5dd2aba7"}
,"/Users/bibianapprd/Desktop/code/react-native-tappay-hook/src/fp/getLinePayPrime.ts": {"path":"/Users/bibianapprd/Desktop/code/react-native-tappay-hook/src/fp/getLinePayPrime.ts","statementMap":{"0":{"start":{"line":6,"column":2},"end":{"line":8,"column":3}},"1":{"start":{"line":7,"column":4},"end":{"line":7,"column":51}},"2":{"start":{"line":9,"column":17},"end":{"line":9,"column":71}},"3":{"start":{"line":10,"column":2},"end":{"line":10,"column":16}}},"fnMap":{"0":{"name":"getLinePayPrime","decl":{"start":{"line":5,"column":22},"end":{"line":5,"column":37}},"loc":{"start":{"line":5,"column":40},"end":{"line":11,"column":1}},"line":5}},"branchMap":{"0":{"loc":{"start":{"line":6,"column":2},"end":{"line":8,"column":3}},"type":"if","locations":[{"start":{"line":6,"column":2},"end":{"line":8,"column":3}},{"start":{},"end":{}}],"line":6}},"s":{"0":3,"1":1,"2":2,"3":2},"f":{"0":3},"b":{"0":[1,2]},"_coverageSchema":"1a1c01bbd47fc00a2c39e90264f33305004495a9","hash":"ac580b0c5a6c517a054f437f45a327454cabc38a"}
,"/Users/bibianapprd/Desktop/code/react-native-tappay-hook/src/fp/getPiWalletPrime.ts": {"path":"/Users/bibianapprd/Desktop/code/react-native-tappay-hook/src/fp/getPiWalletPrime.ts","statementMap":{"0":{"start":{"line":6,"column":2},"end":{"line":8,"column":3}},"1":{"start":{"line":7,"column":4},"end":{"line":7,"column":52}},"2":{"start":{"line":9,"column":17},"end":{"line":9,"column":72}},"3":{"start":{"line":10,"column":2},"end":{"line":10,"column":16}}},"fnMap":{"0":{"name":"getPiWalletPrime","decl":{"start":{"line":5,"column":22},"end":{"line":5,"column":38}},"loc":{"start":{"line":5,"column":41},"end":{"line":11,"column":1}},"line":5}},"branchMap":{"0":{"loc":{"start":{"line":6,"column":2},"end":{"line":8,"column":3}},"type":"if","locations":[{"start":{"line":6,"column":2},"end":{"line":8,"column":3}},{"start":{},"end":{}}],"line":6}},"s":{"0":3,"1":1,"2":2,"3":2},"f":{"0":3},"b":{"0":[1,2]},"_coverageSchema":"1a1c01bbd47fc00a2c39e90264f33305004495a9","hash":"3292ad4047a4a4a14daa8c4bf2c6af71fa001f67"}
,"/Users/bibianapprd/Desktop/code/react-native-tappay-hook/src/fp/getPlusPayPrime.ts": {"path":"/Users/bibianapprd/Desktop/code/react-native-tappay-hook/src/fp/getPlusPayPrime.ts","statementMap":{"0":{"start":{"line":6,"column":2},"end":{"line":8,"column":3}},"1":{"start":{"line":7,"column":4},"end":{"line":7,"column":51}},"2":{"start":{"line":9,"column":17},"end":{"line":9,"column":71}},"3":{"start":{"line":10,"column":2},"end":{"line":10,"column":16}}},"fnMap":{"0":{"name":"getPlusPayPrime","decl":{"start":{"line":5,"column":22},"end":{"line":5,"column":37}},"loc":{"start":{"line":5,"column":40},"end":{"line":11,"column":1}},"line":5}},"branchMap":{"0":{"loc":{"start":{"line":6,"column":2},"end":{"line":8,"column":3}},"type":"if","locations":[{"start":{"line":6,"column":2},"end":{"line":8,"column":3}},{"start":{},"end":{}}],"line":6}},"s":{"0":3,"1":1,"2":2,"3":2},"f":{"0":3},"b":{"0":[1,2]},"_coverageSchema":"1a1c01bbd47fc00a2c39e90264f33305004495a9","hash":"1cdbac38fe79d6ce094f8fdd6ffd269ad32704c2"}
,"/Users/bibianapprd/Desktop/code/react-native-tappay-hook/src/fp/getSamsungPayPrime.ts": {"path":"/Users/bibianapprd/Desktop/code/react-native-tappay-hook/src/fp/getSamsungPayPrime.ts","statementMap":{"0":{"start":{"line":11,"column":2},"end":{"line":13,"column":3}},"1":{"start":{"line":12,"column":4},"end":{"line":12,"column":11}},"2":{"start":{"line":14,"column":2},"end":{"line":16,"column":3}},"3":{"start":{"line":15,"column":4},"end":{"line":15,"column":54}},"4":{"start":{"line":17,"column":17},"end":{"line":22,"column":3}},"5":{"start":{"line":23,"column":2},"end":{"line":23,"column":16}}},"fnMap":{"0":{"name":"getSamsungPayPrime","decl":{"start":{"line":5,"column":22},"end":{"line":5,"column":40}},"loc":{"start":{"line":10,"column":2},"end":{"line":24,"column":1}},"line":10}},"branchMap":{"0":{"loc":{"start":{"line":11,"column":2},"end":{"line":13,"column":3}},"type":"if","locations":[{"start":{"line":11,"column":2},"end":{"line":13,"column":3}},{"start":{},"end":{}}],"line":11},"1":{"loc":{"start":{"line":14,"column":2},"end":{"line":16,"column":3}},"type":"if","locations":[{"start":{"line":14,"column":2},"end":{"line":16,"column":3}},{"start":{},"end":{}}],"line":14}},"s":{"0":4,"1":1,"2":3,"3":2,"4":1,"5":1},"f":{"0":4},"b":{"0":[1,3],"1":[2,1]},"_coverageSchema":"1a1c01bbd47fc00a2c39e90264f33305004495a9","hash":"4fd786c51aa68a7866863be5c793fa6280775e5a"}
,"/Users/bibianapprd/Desktop/code/react-native-tappay-hook/src/fp/googlePayInit.ts": {"path":"/Users/bibianapprd/Desktop/code/react-native-tappay-hook/src/fp/googlePayInit.ts","statementMap":{"0":{"start":{"line":6,"column":2},"end":{"line":8,"column":3}},"1":{"start":{"line":7,"column":4},"end":{"line":7,"column":56}},"2":{"start":{"line":9,"column":17},"end":{"line":11,"column":3}},"3":{"start":{"line":12,"column":2},"end":{"line":12,"column":44}},"4":{"start":{"line":13,"column":2},"end":{"line":13,"column":16}}},"fnMap":{"0":{"name":"googlePayInit","decl":{"start":{"line":5,"column":22},"end":{"line":5,"column":35}},"loc":{"start":{"line":5,"column":58},"end":{"line":14,"column":1}},"line":5}},"branchMap":{"0":{"loc":{"start":{"line":6,"column":2},"end":{"line":8,"column":3}},"type":"if","locations":[{"start":{"line":6,"column":2},"end":{"line":8,"column":3}},{"start":{},"end":{}}],"line":6}},"s":{"0":5,"1":1,"2":4,"3":4,"4":4},"f":{"0":5},"b":{"0":[1,4]},"_coverageSchema":"1a1c01bbd47fc00a2c39e90264f33305004495a9","hash":"b600a1395271bff4217171ec0723617d57f85df7"}
,"/Users/bibianapprd/Desktop/code/react-native-tappay-hook/src/fp/index.ts": {"path":"/Users/bibianapprd/Desktop/code/react-native-tappay-hook/src/fp/index.ts","statementMap":{},"fnMap":{},"branchMap":{},"s":{},"f":{},"b":{},"_coverageSchema":"1a1c01bbd47fc00a2c39e90264f33305004495a9","hash":"dd33aadd1db6dba922188effd0d0dcc6875d3336"}
,"/Users/bibianapprd/Desktop/code/react-native-tappay-hook/src/fp/isApplePayAvailable.ts": {"path":"/Users/bibianapprd/Desktop/code/react-native-tappay-hook/src/fp/isApplePayAvailable.ts","statementMap":{"0":{"start":{"line":6,"column":2},"end":{"line":8,"column":3}},"1":{"start":{"line":7,"column":4},"end":{"line":7,"column":56}},"2":{"start":{"line":9,"column":2},"end":{"line":9,"column":68}}},"fnMap":{"0":{"name":"isApplePayAvailable","decl":{"start":{"line":5,"column":22},"end":{"line":5,"column":41}},"loc":{"start":{"line":5,"column":44},"end":{"line":10,"column":1}},"line":5}},"branchMap":{"0":{"loc":{"start":{"line":6,"column":2},"end":{"line":8,"column":3}},"type":"if","locations":[{"start":{"line":6,"column":2},"end":{"line":8,"column":3}},{"start":{},"end":{}}],"line":6}},"s":{"0":3,"1":1,"2":2},"f":{"0":3},"b":{"0":[1,2]},"_coverageSchema":"1a1c01bbd47fc00a2c39e90264f33305004495a9","hash":"27a56d3191073c16963dfd26026dfcd2b4f6b530"}
,"/Users/bibianapprd/Desktop/code/react-native-tappay-hook/src/fp/isAtomeAvailable.ts": {"path":"/Users/bibianapprd/Desktop/code/react-native-tappay-hook/src/fp/isAtomeAvailable.ts","statementMap":{"0":{"start":{"line":6,"column":2},"end":{"line":8,"column":3}},"1":{"start":{"line":7,"column":4},"end":{"line":7,"column":56}},"2":{"start":{"line":9,"column":17},"end":{"line":9,"column":72}},"3":{"start":{"line":10,"column":2},"end":{"line":10,"column":16}}},"fnMap":{"0":{"name":"isAtomeAvailable","decl":{"start":{"line":5,"column":22},"end":{"line":5,"column":38}},"loc":{"start":{"line":5,"column":41},"end":{"line":11,"column":1}},"line":5}},"branchMap":{"0":{"loc":{"start":{"line":6,"column":2},"end":{"line":8,"column":3}},"type":"if","locations":[{"start":{"line":6,"column":2},"end":{"line":8,"column":3}},{"start":{},"end":{}}],"line":6}},"s":{"0":3,"1":1,"2":2,"3":2},"f":{"0":3},"b":{"0":[1,2]},"_coverageSchema":"1a1c01bbd47fc00a2c39e90264f33305004495a9","hash":"b491f4dfa96940b9767f82b4b2c40db8a6c638f1"}
,"/Users/bibianapprd/Desktop/code/react-native-tappay-hook/src/fp/isEasyWalletAvailable.ts": {"path":"/Users/bibianapprd/Desktop/code/react-native-tappay-hook/src/fp/isEasyWalletAvailable.ts","statementMap":{"0":{"start":{"line":6,"column":2},"end":{"line":8,"column":3}},"1":{"start":{"line":7,"column":4},"end":{"line":7,"column":56}},"2":{"start":{"line":9,"column":17},"end":{"line":9,"column":77}},"3":{"start":{"line":11,"column":2},"end":{"line":11,"column":16}}},"fnMap":{"0":{"name":"isEasyWalletAvailable","decl":{"start":{"line":5,"column":22},"end":{"line":5,"column":43}},"loc":{"start":{"line":5,"column":46},"end":{"line":12,"column":1}},"line":5}},"branchMap":{"0":{"loc":{"start":{"line":6,"column":2},"end":{"line":8,"column":3}},"type":"if","locations":[{"start":{"line":6,"column":2},"end":{"line":8,"column":3}},{"start":{},"end":{}}],"line":6}},"s":{"0":3,"1":1,"2":2,"3":2},"f":{"0":3},"b":{"0":[1,2]},"_coverageSchema":"1a1c01bbd47fc00a2c39e90264f33305004495a9","hash":"8ddfda9f2f25c238f89ced31044c2e0408bb3b3b"}
,"/Users/bibianapprd/Desktop/code/react-native-tappay-hook/src/fp/isJkoPayAvailable.ts": {"path":"/Users/bibianapprd/Desktop/code/react-native-tappay-hook/src/fp/isJkoPayAvailable.ts","statementMap":{"0":{"start":{"line":6,"column":2},"end":{"line":8,"column":3}},"1":{"start":{"line":7,"column":4},"end":{"line":7,"column":56}},"2":{"start":{"line":9,"column":17},"end":{"line":9,"column":73}},"3":{"start":{"line":10,"column":2},"end":{"line":10,"column":16}}},"fnMap":{"0":{"name":"isJkoPayAvailable","decl":{"start":{"line":5,"column":22},"end":{"line":5,"column":39}},"loc":{"start":{"line":5,"column":42},"end":{"line":11,"column":1}},"line":5}},"branchMap":{"0":{"loc":{"start":{"line":6,"column":2},"end":{"line":8,"column":3}},"type":"if","locations":[{"start":{"line":6,"column":2},"end":{"line":8,"column":3}},{"start":{},"end":{}}],"line":6}},"s":{"0":3,"1":1,"2":2,"3":2},"f":{"0":3},"b":{"0":[1,2]},"_coverageSchema":"1a1c01bbd47fc00a2c39e90264f33305004495a9","hash":"558d2e3a9768953076b763e868828108b38649eb"}
,"/Users/bibianapprd/Desktop/code/react-native-tappay-hook/src/fp/isLinePayAvailable.ts": {"path":"/Users/bibianapprd/Desktop/code/react-native-tappay-hook/src/fp/isLinePayAvailable.ts","statementMap":{"0":{"start":{"line":6,"column":2},"end":{"line":8,"column":3}},"1":{"start":{"line":7,"column":4},"end":{"line":7,"column":56}},"2":{"start":{"line":9,"column":17},"end":{"line":9,"column":74}},"3":{"start":{"line":10,"column":2},"end":{"line":10,"column":16}}},"fnMap":{"0":{"name":"isLinePayAvailable","decl":{"start":{"line":5,"column":22},"end":{"line":5,"column":40}},"loc":{"start":{"line":5,"column":43},"end":{"line":11,"column":1}},"line":5}},"branchMap":{"0":{"loc":{"start":{"line":6,"column":2},"end":{"line":8,"column":3}},"type":"if","locations":[{"start":{"line":6,"column":2},"end":{"line":8,"column":3}},{"start":{},"end":{}}],"line":6}},"s":{"0":3,"1":1,"2":2,"3":2},"f":{"0":3},"b":{"0":[1,2]},"_coverageSchema":"1a1c01bbd47fc00a2c39e90264f33305004495a9","hash":"b830ac2efea271e15a16833dfb2a80941ba86f9a"}
,"/Users/bibianapprd/Desktop/code/react-native-tappay-hook/src/fp/isPiWalletAvailable.ts": {"path":"/Users/bibianapprd/Desktop/code/react-native-tappay-hook/src/fp/isPiWalletAvailable.ts","statementMap":{"0":{"start":{"line":6,"column":2},"end":{"line":8,"column":3}},"1":{"start":{"line":7,"column":4},"end":{"line":7,"column":56}},"2":{"start":{"line":9,"column":17},"end":{"line":9,"column":75}},"3":{"start":{"line":10,"column":2},"end":{"line":10,"column":16}}},"fnMap":{"0":{"name":"isPiWalletAvailable","decl":{"start":{"line":5,"column":22},"end":{"line":5,"column":41}},"loc":{"start":{"line":5,"column":44},"end":{"line":11,"column":1}},"line":5}},"branchMap":{"0":{"loc":{"start":{"line":6,"column":2},"end":{"line":8,"column":3}},"type":"if","locations":[{"start":{"line":6,"column":2},"end":{"line":8,"column":3}},{"start":{},"end":{}}],"line":6}},"s":{"0":3,"1":1,"2":2,"3":2},"f":{"0":3},"b":{"0":[1,2]},"_coverageSchema":"1a1c01bbd47fc00a2c39e90264f33305004495a9","hash":"4a00409b3858a0e21405c9d98d9755187b179c16"}
,"/Users/bibianapprd/Desktop/code/react-native-tappay-hook/src/fp/isPlusPayAvailable.ts": {"path":"/Users/bibianapprd/Desktop/code/react-native-tappay-hook/src/fp/isPlusPayAvailable.ts","statementMap":{"0":{"start":{"line":6,"column":2},"end":{"line":8,"column":3}},"1":{"start":{"line":7,"column":4},"end":{"line":7,"column":56}},"2":{"start":{"line":9,"column":17},"end":{"line":9,"column":74}},"3":{"start":{"line":10,"column":2},"end":{"line":10,"column":16}}},"fnMap":{"0":{"name":"isPlusPayAvailable","decl":{"start":{"line":5,"column":22},"end":{"line":5,"column":40}},"loc":{"start":{"line":5,"column":43},"end":{"line":11,"column":1}},"line":5}},"branchMap":{"0":{"loc":{"start":{"line":6,"column":2},"end":{"line":8,"column":3}},"type":"if","locations":[{"start":{"line":6,"column":2},"end":{"line":8,"column":3}},{"start":{},"end":{}}],"line":6}},"s":{"0":3,"1":1,"2":2,"3":2},"f":{"0":3},"b":{"0":[1,2]},"_coverageSchema":"1a1c01bbd47fc00a2c39e90264f33305004495a9","hash":"770022edb52e9505195d899be465d003f410aed5"}
,"/Users/bibianapprd/Desktop/code/react-native-tappay-hook/src/fp/jkoPayHandleUniversalLink.ts": {"path":"/Users/bibianapprd/Desktop/code/react-native-tappay-hook/src/fp/jkoPayHandleUniversalLink.ts","statementMap":{"0":{"start":{"line":6,"column":2},"end":{"line":8,"column":3}},"1":{"start":{"line":7,"column":4},"end":{"line":7,"column":50}},"2":{"start":{"line":9,"column":17},"end":{"line":11,"column":3}},"3":{"start":{"line":12,"column":2},"end":{"line":12,"column":16}}},"fnMap":{"0":{"name":"jkoPayHandleUniversalLink","decl":{"start":{"line":5,"column":22},"end":{"line":5,"column":47}},"loc":{"start":{"line":5,"column":61},"end":{"line":13,"column":1}},"line":5}},"branchMap":{"0":{"loc":{"start":{"line":6,"column":2},"end":{"line":8,"column":3}},"type":"if","locations":[{"start":{"line":6,"column":2},"end":{"line":8,"column":3}},{"start":{},"end":{}}],"line":6}},"s":{"0":3,"1":1,"2":2,"3":2},"f":{"0":3},"b":{"0":[1,2]},"_coverageSchema":"1a1c01bbd47fc00a2c39e90264f33305004495a9","hash":"e0ba7e739869e1ca6bf0a1f97cf29d857d20d05b"}
,"/Users/bibianapprd/Desktop/code/react-native-tappay-hook/src/fp/jkoPayInit.ts": {"path":"/Users/bibianapprd/Desktop/code/react-native-tappay-hook/src/fp/jkoPayInit.ts","statementMap":{"0":{"start":{"line":6,"column":2},"end":{"line":8,"column":3}},"1":{"start":{"line":7,"column":4},"end":{"line":7,"column":56}},"2":{"start":{"line":9,"column":17},"end":{"line":11,"column":3}},"3":{"start":{"line":12,"column":2},"end":{"line":12,"column":40}},"4":{"start":{"line":13,"column":2},"end":{"line":13,"column":16}}},"fnMap":{"0":{"name":"jkoPayInit","decl":{"start":{"line":5,"column":22},"end":{"line":5,"column":32}},"loc":{"start":{"line":5,"column":63},"end":{"line":14,"column":1}},"line":5}},"branchMap":{"0":{"loc":{"start":{"line":6,"column":2},"end":{"line":8,"column":3}},"type":"if","locations":[{"start":{"line":6,"column":2},"end":{"line":8,"column":3}},{"start":{},"end":{}}],"line":6}},"s":{"0":5,"1":1,"2":4,"3":4,"4":4},"f":{"0":5},"b":{"0":[1,4]},"_coverageSchema":"1a1c01bbd47fc00a2c39e90264f33305004495a9","hash":"6e29ce77ee0a26591aa7c165bf579de1871c2078"}
,"/Users/bibianapprd/Desktop/code/react-native-tappay-hook/src/fp/jkoPayRedirectWithUrl.ts": {"path":"/Users/bibianapprd/Desktop/code/react-native-tappay-hook/src/fp/jkoPayRedirectWithUrl.ts","statementMap":{"0":{"start":{"line":6,"column":2},"end":{"line":8,"column":3}},"1":{"start":{"line":7,"column":4},"end":{"line":7,"column":50}},"2":{"start":{"line":9,"column":17},"end":{"line":11,"column":3}},"3":{"start":{"line":12,"column":2},"end":{"line":12,"column":16}}},"fnMap":{"0":{"name":"jkoPayRedirectWithUrl","decl":{"start":{"line":5,"column":22},"end":{"line":5,"column":43}},"loc":{"start":{"line":5,"column":64},"end":{"line":13,"column":1}},"line":5}},"branchMap":{"0":{"loc":{"start":{"line":6,"column":2},"end":{"line":8,"column":3}},"type":"if","locations":[{"start":{"line":6,"column":2},"end":{"line":8,"column":3}},{"start":{},"end":{}}],"line":6}},"s":{"0":3,"1":1,"2":2,"3":2},"f":{"0":3},"b":{"0":[1,2]},"_coverageSchema":"1a1c01bbd47fc00a2c39e90264f33305004495a9","hash":"5e07f20f3f216135d7d223e4d23cf5d6e19a00eb"}
,"/Users/bibianapprd/Desktop/code/react-native-tappay-hook/src/fp/linePayHandleURL.ts": {"path":"/Users/bibianapprd/Desktop/code/react-native-tappay-hook/src/fp/linePayHandleURL.ts","statementMap":{"0":{"start":{"line":6,"column":2},"end":{"line":8,"column":3}},"1":{"start":{"line":7,"column":4},"end":{"line":7,"column":56}},"2":{"start":{"line":10,"column":2},"end":{"line":10,"column":72}}},"fnMap":{"0":{"name":"linePayHandleURL","decl":{"start":{"line":5,"column":22},"end":{"line":5,"column":38}},"loc":{"start":{"line":5,"column":56},"end":{"line":11,"column":1}},"line":5}},"branchMap":{"0":{"loc":{"start":{"line":6,"column":2},"end":{"line":8,"column":3}},"type":"if","locations":[{"start":{"line":6,"column":2},"end":{"line":8,"column":3}},{"start":{},"end":{}}],"line":6}},"s":{"0":3,"1":1,"2":2},"f":{"0":3},"b":{"0":[1,2]},"_coverageSchema":"1a1c01bbd47fc00a2c39e90264f33305004495a9","hash":"a43feb9311df3a90a88957dfdc125d0c9af5da9a"}
,"/Users/bibianapprd/Desktop/code/react-native-tappay-hook/src/fp/linePayInit.ts": {"path":"/Users/bibianapprd/Desktop/code/react-native-tappay-hook/src/fp/linePayInit.ts","statementMap":{"0":{"start":{"line":6,"column":2},"end":{"line":8,"column":3}},"1":{"start":{"line":7,"column":4},"end":{"line":7,"column":56}},"2":{"start":{"line":10,"column":17},"end":{"line":12,"column":3}},"3":{"start":{"line":13,"column":2},"end":{"line":13,"column":42}},"4":{"start":{"line":14,"column":2},"end":{"line":14,"column":16}}},"fnMap":{"0":{"name":"linePayInit","decl":{"start":{"line":5,"column":22},"end":{"line":5,"column":33}},"loc":{"start":{"line":5,"column":62},"end":{"line":15,"column":1}},"line":5}},"branchMap":{"0":{"loc":{"start":{"line":6,"column":2},"end":{"line":8,"column":3}},"type":"if","locations":[{"start":{"line":6,"column":2},"end":{"line":8,"column":3}},{"start":{},"end":{}}],"line":6}},"s":{"0":5,"1":1,"2":4,"3":4,"4":4},"f":{"0":5},"b":{"0":[1,4]},"_coverageSchema":"1a1c01bbd47fc00a2c39e90264f33305004495a9","hash":"43a26ea9c3caca5a44689f7a5eb568649b53b2c7"}
,"/Users/bibianapprd/Desktop/code/react-native-tappay-hook/src/fp/linePayRedirectWithUrl.ts": {"path":"/Users/bibianapprd/Desktop/code/react-native-tappay-hook/src/fp/linePayRedirectWithUrl.ts","statementMap":{"0":{"start":{"line":6,"column":2},"end":{"line":8,"column":3}},"1":{"start":{"line":7,"column":4},"end":{"line":7,"column":51}},"2":{"start":{"line":9,"column":17},"end":{"line":11,"column":3}},"3":{"start":{"line":12,"column":2},"end":{"line":12,"column":16}}},"fnMap":{"0":{"name":"linePayRedirectWithUrl","decl":{"start":{"line":5,"column":22},"end":{"line":5,"column":44}},"loc":{"start":{"line":5,"column":65},"end":{"line":13,"column":1}},"line":5}},"branchMap":{"0":{"loc":{"start":{"line":6,"column":2},"end":{"line":8,"column":3}},"type":"if","locations":[{"start":{"line":6,"column":2},"end":{"line":8,"column":3}},{"start":{},"end":{}}],"line":6}},"s":{"0":3,"1":1,"2":2,"3":2},"f":{"0":3},"b":{"0":[1,2]},"_coverageSchema":"1a1c01bbd47fc00a2c39e90264f33305004495a9","hash":"381cd09745b86cbf812d46f7ebd9c859d96b88ed"}
,"/Users/bibianapprd/Desktop/code/react-native-tappay-hook/src/fp/piWalletHandleUniversalLink.ts": {"path":"/Users/bibianapprd/Desktop/code/react-native-tappay-hook/src/fp/piWalletHandleUniversalLink.ts","statementMap":{"0":{"start":{"line":6,"column":2},"end":{"line":8,"column":3}},"1":{"start":{"line":7,"column":4},"end":{"line":7,"column":52}},"2":{"start":{"line":10,"column":4},"end":{"line":10,"column":73}},"3":{"start":{"line":11,"column":2},"end":{"line":11,"column":16}}},"fnMap":{"0":{"name":"piWalletHandleUniversalLink","decl":{"start":{"line":5,"column":22},"end":{"line":5,"column":49}},"loc":{"start":{"line":5,"column":63},"end":{"line":12,"column":1}},"line":5}},"branchMap":{"0":{"loc":{"start":{"line":6,"column":2},"end":{"line":8,"column":3}},"type":"if","locations":[{"start":{"line":6,"column":2},"end":{"line":8,"column":3}},{"start":{},"end":{}}],"line":6}},"s":{"0":3,"1":1,"2":2,"3":2},"f":{"0":3},"b":{"0":[1,2]},"_coverageSchema":"1a1c01bbd47fc00a2c39e90264f33305004495a9","hash":"19873938c0f694d285342060428e35cd8c538265"}
,"/Users/bibianapprd/Desktop/code/react-native-tappay-hook/src/fp/piWalletInit.ts": {"path":"/Users/bibianapprd/Desktop/code/react-native-tappay-hook/src/fp/piWalletInit.ts","statementMap":{"0":{"start":{"line":6,"column":2},"end":{"line":8,"column":3}},"1":{"start":{"line":7,"column":4},"end":{"line":7,"column":56}},"2":{"start":{"line":9,"column":17},"end":{"line":11,"column":3}},"3":{"start":{"line":12,"column":2},"end":{"line":12,"column":42}},"4":{"start":{"line":13,"column":2},"end":{"line":13,"column":16}}},"fnMap":{"0":{"name":"piWalletInit","decl":{"start":{"line":5,"column":22},"end":{"line":5,"column":34}},"loc":{"start":{"line":5,"column":67},"end":{"line":14,"column":1}},"line":5}},"branchMap":{"0":{"loc":{"start":{"line":6,"column":2},"end":{"line":8,"column":3}},"type":"if","locations":[{"start":{"line":6,"column":2},"end":{"line":8,"column":3}},{"start":{},"end":{}}],"line":6}},"s":{"0":5,"1":1,"2":4,"3":4,"4":4},"f":{"0":5},"b":{"0":[1,4]},"_coverageSchema":"1a1c01bbd47fc00a2c39e90264f33305004495a9","hash":"d5f6b2108ed8beea22d212ce7baa89fc6792d60b"}
,"/Users/bibianapprd/Desktop/code/react-native-tappay-hook/src/fp/piWalletRedirectWithUrl.ts": {"path":"/Users/bibianapprd/Desktop/code/react-native-tappay-hook/src/fp/piWalletRedirectWithUrl.ts","statementMap":{"0":{"start":{"line":6,"column":2},"end":{"line":8,"column":3}},"1":{"start":{"line":7,"column":4},"end":{"line":7,"column":52}},"2":{"start":{"line":9,"column":17},"end":{"line":11,"column":3}},"3":{"start":{"line":12,"column":2},"end":{"line":12,"column":16}}},"fnMap":{"0":{"name":"piWalletRedirectWithUrl","decl":{"start":{"line":5,"column":22},"end":{"line":5,"column":45}},"loc":{"start":{"line":5,"column":66},"end":{"line":13,"column":1}},"line":5}},"branchMap":{"0":{"loc":{"start":{"line":6,"column":2},"end":{"line":8,"column":3}},"type":"if","locations":[{"start":{"line":6,"column":2},"end":{"line":8,"column":3}},{"start":{},"end":{}}],"line":6}},"s":{"0":3,"1":1,"2":2,"3":2},"f":{"0":3},"b":{"0":[1,2]},"_coverageSchema":"1a1c01bbd47fc00a2c39e90264f33305004495a9","hash":"a6f1012cc7d9ee6f07e37deb1d7a0fa6662e718b"}
,"/Users/bibianapprd/Desktop/code/react-native-tappay-hook/src/fp/plusPayInit.ts": {"path":"/Users/bibianapprd/Desktop/code/react-native-tappay-hook/src/fp/plusPayInit.ts","statementMap":{"0":{"start":{"line":6,"column":2},"end":{"line":8,"column":3}},"1":{"start":{"line":7,"column":4},"end":{"line":7,"column":56}},"2":{"start":{"line":9,"column":17},"end":{"line":11,"column":3}},"3":{"start":{"line":12,"column":2},"end":{"line":12,"column":41}},"4":{"start":{"line":13,"column":2},"end":{"line":13,"column":16}}},"fnMap":{"0":{"name":"plusPayInit","decl":{"start":{"line":5,"column":22},"end":{"line":5,"column":33}},"loc":{"start":{"line":5,"column":65},"end":{"line":14,"column":1}},"line":5}},"branchMap":{"0":{"loc":{"start":{"line":6,"column":2},"end":{"line":8,"column":3}},"type":"if","locations":[{"start":{"line":6,"column":2},"end":{"line":8,"column":3}},{"start":{},"end":{}}],"line":6}},"s":{"0":5,"1":1,"2":4,"3":4,"4":4},"f":{"0":5},"b":{"0":[1,4]},"_coverageSchema":"1a1c01bbd47fc00a2c39e90264f33305004495a9","hash":"45518b7552d3fc395a081355db77d1f483e1ad14"}
,"/Users/bibianapprd/Desktop/code/react-native-tappay-hook/src/fp/plusPayRedirectWithUrl.ts": {"path":"/Users/bibianapprd/Desktop/code/react-native-tappay-hook/src/fp/plusPayRedirectWithUrl.ts","statementMap":{"0":{"start":{"line":6,"column":2},"end":{"line":8,"column":3}},"1":{"start":{"line":7,"column":4},"end":{"line":7,"column":51}},"2":{"start":{"line":9,"column":17},"end":{"line":11,"column":3}},"3":{"start":{"line":12,"column":2},"end":{"line":12,"column":16}}},"fnMap":{"0":{"name":"plusPayRedirectWithUrl","decl":{"start":{"line":5,"column":22},"end":{"line":5,"column":44}},"loc":{"start":{"line":5,"column":65},"end":{"line":13,"column":1}},"line":5}},"branchMap":{"0":{"loc":{"start":{"line":6,"column":2},"end":{"line":8,"column":3}},"type":"if","locations":[{"start":{"line":6,"column":2},"end":{"line":8,"column":3}},{"start":{},"end":{}}],"line":6}},"s":{"0":3,"1":1,"2":2,"3":2},"f":{"0":3},"b":{"0":[1,2]},"_coverageSchema":"1a1c01bbd47fc00a2c39e90264f33305004495a9","hash":"f0dcf64eea8b5d31612e7b8a5df4148cd955b528"}
,"/Users/bibianapprd/Desktop/code/react-native-tappay-hook/src/fp/plusPayhandleUniversalLink.ts": {"path":"/Users/bibianapprd/Desktop/code/react-native-tappay-hook/src/fp/plusPayhandleUniversalLink.ts","statementMap":{"0":{"start":{"line":6,"column":2},"end":{"line":8,"column":3}},"1":{"start":{"line":7,"column":4},"end":{"line":7,"column":51}},"2":{"start":{"line":10,"column":4},"end":{"line":10,"column":72}},"3":{"start":{"line":11,"column":2},"end":{"line":11,"column":16}}},"fnMap":{"0":{"name":"plusPayhandleUniversalLink","decl":{"start":{"line":5,"column":22},"end":{"line":5,"column":48}},"loc":{"start":{"line":5,"column":62},"end":{"line":12,"column":1}},"line":5}},"branchMap":{"0":{"loc":{"start":{"line":6,"column":2},"end":{"line":8,"column":3}},"type":"if","locations":[{"start":{"line":6,"column":2},"end":{"line":8,"column":3}},{"start":{},"end":{}}],"line":6}},"s":{"0":3,"1":1,"2":2,"3":2},"f":{"0":3},"b":{"0":[1,2]},"_coverageSchema":"1a1c01bbd47fc00a2c39e90264f33305004495a9","hash":"b10b08989d3f4f700c356b072786fd41f0b33843"}
,"/Users/bibianapprd/Desktop/code/react-native-tappay-hook/src/fp/samsungPayInit.ts": {"path":"/Users/bibianapprd/Desktop/code/react-native-tappay-hook/src/fp/samsungPayInit.ts","statementMap":{"0":{"start":{"line":11,"column":2},"end":{"line":13,"column":3}},"1":{"start":{"line":12,"column":4},"end":{"line":12,"column":56}},"2":{"start":{"line":14,"column":17},"end":{"line":19,"column":3}},"3":{"start":{"line":20,"column":2},"end":{"line":20,"column":44}},"4":{"start":{"line":21,"column":2},"end":{"line":21,"column":16}}},"fnMap":{"0":{"name":"samsungPayInit","decl":{"start":{"line":5,"column":22},"end":{"line":5,"column":36}},"loc":{"start":{"line":10,"column":2},"end":{"line":22,"column":1}},"line":10}},"branchMap":{"0":{"loc":{"start":{"line":11,"column":2},"end":{"line":13,"column":3}},"type":"if","locations":[{"start":{"line":11,"column":2},"end":{"line":13,"column":3}},{"start":{},"end":{}}],"line":11}},"s":{"0":5,"1":1,"2":4,"3":4,"4":4},"f":{"0":5},"b":{"0":[1,4]},"_coverageSchema":"1a1c01bbd47fc00a2c39e90264f33305004495a9","hash":"0fb11d588448c36f46f90214fb81abce5eae6dc5"}
,"/Users/bibianapprd/Desktop/code/react-native-tappay-hook/src/fp/setDirectPayTPDCard.ts": {"path":"/Users/bibianapprd/Desktop/code/react-native-tappay-hook/src/fp/setDirectPayTPDCard.ts","statementMap":{"0":{"start":{"line":11,"column":2},"end":{"line":13,"column":3}},"1":{"start":{"line":12,"column":4},"end":{"line":12,"column":56}},"2":{"start":{"line":14,"column":27},"end":{"line":19,"column":3}},"3":{"start":{"line":20,"column":63},"end":{"line":20,"column":79}},"4":{"start":{"line":22,"column":2},"end":{"line":25,"column":4}}},"fnMap":{"0":{"name":"setDirectPayTPDCard","decl":{"start":{"line":5,"column":22},"end":{"line":5,"column":41}},"loc":{"start":{"line":10,"column":2},"end":{"line":26,"column":1}},"line":10}},"branchMap":{"0":{"loc":{"start":{"line":11,"column":2},"end":{"line":13,"column":3}},"type":"if","locations":[{"start":{"line":11,"column":2},"end":{"line":13,"column":3}},{"start":{},"end":{}}],"line":11},"1":{"loc":{"start":{"line":24,"column":13},"end":{"line":24,"column":65}},"type":"binary-expr","locations":[{"start":{"line":24,"column":13},"end":{"line":24,"column":30}},{"start":{"line":24,"column":34},"end":{"line":24,"column":51}},{"start":{"line":24,"column":55},"end":{"line":24,"column":65}}],"line":24}},"s":{"0":5,"1":1,"2":4,"3":4,"4":4},"f":{"0":5},"b":{"0":[1,4],"1":[4,4,4]},"_coverageSchema":"1a1c01bbd47fc00a2c39e90264f33305004495a9","hash":"d4643dca8044c10c0299e434a52648c4c2f3af40"}
,"/Users/bibianapprd/Desktop/code/react-native-tappay-hook/src/fp/tappayInitialization.ts": {"path":"/Users/bibianapprd/Desktop/code/react-native-tappay-hook/src/fp/tappayInitialization.ts","statementMap":{"0":{"start":{"line":31,"column":2},"end":{"line":33,"column":3}},"1":{"start":{"line":32,"column":4},"end":{"line":32,"column":28}},"2":{"start":{"line":34,"column":2},"end":{"line":59,"column":4}},"3":{"start":{"line":36,"column":6},"end":{"line":36,"column":28}},"4":{"start":{"line":37,"column":6},"end":{"line":56,"column":7}},"5":{"start":{"line":38,"column":8},"end":{"line":38,"column":79}},"6":{"start":{"line":39,"column":8},"end":{"line":39,"column":24}},"7":{"start":{"line":40,"column":8},"end":{"line":40,"column":26}},"8":{"start":{"line":41,"column":8},"end":{"line":41,"column":22}},"9":{"start":{"line":42,"column":8},"end":{"line":42,"column":36}},"10":{"start":{"line":43,"column":8},"end":{"line":43,"column":35}},"11":{"start":{"line":44,"column":8},"end":{"line":44,"column":34}},"12":{"start":{"line":45,"column":8},"end":{"line":45,"column":36}},"13":{"start":{"line":46,"column":8},"end":{"line":46,"column":32}},"14":{"start":{"line":47,"column":8},"end":{"line":47,"column":36}},"15":{"start":{"line":48,"column":8},"end":{"line":48,"column":34}},"16":{"start":{"line":49,"column":8},"end":{"line":49,"column":33}},"17":{"start":{"line":50,"column":8},"end":{"line":50,"column":31}},"18":{"start":{"line":51,"column":8},"end":{"line":51,"column":35}},"19":{"start":{"line":53,"column":8},"end":{"line":53,"column":29}},"20":{"start":{"line":54,"column":8},"end":{"line":54,"column":34}},"21":{"start":{"line":55,"column":8},"end":{"line":55,"column":29}},"22":{"start":{"line":57,"column":6},"end":{"line":57,"column":16}},"23":{"start":{"line":61,"column":2},"end":{"line":61,"column":26}}},"fnMap":{"0":{"name":"tappayInitialization","decl":{"start":{"line":26,"column":16},"end":{"line":26,"column":36}},"loc":{"start":{"line":30,"column":2},"end":{"line":62,"column":1}},"line":30},"1":{"name":"(anonymous_1)","decl":{"start":{"line":35,"column":5},"end":{"line":35,"column":6}},"loc":{"start":{"line":35,"column":17},"end":{"line":58,"column":5}},"line":35}},"branchMap":{"0":{"loc":{"start":{"line":31,"column":2},"end":{"line":33,"column":3}},"type":"if","locations":[{"start":{"line":31,"column":2},"end":{"line":33,"column":3}},{"start":{},"end":{}}],"line":31},"1":{"loc":{"start":{"line":31,"column":6},"end":{"line":31,"column":74}},"type":"binary-expr","locations":[{"start":{"line":31,"column":6},"end":{"line":31,"column":26}},{"start":{"line":31,"column":30},"end":{"line":31,"column":52}},{"start":{"line":31,"column":56},"end":{"line":31,"column":74}}],"line":31}},"s":{"0":32,"1":22,"2":10,"3":10,"4":10,"5":10,"6":9,"7":9,"8":9,"9":9,"10":9,"11":9,"12":9,"13":9,"14":9,"15":9,"16":9,"17":9,"18":9,"19":1,"20":1,"21":1,"22":1,"23":10},"f":{"0":32,"1":10},"b":{"0":[22,10],"1":[32,22,22]},"_coverageSchema":"1a1c01bbd47fc00a2c39e90264f33305004495a9","hash":"e6b1435d7143a0fde896ab4ddde6ac1b5246a076"}
,"/Users/bibianapprd/Desktop/code/react-native-tappay-hook/src/hooks/index.ts": {"path":"/Users/bibianapprd/Desktop/code/react-native-tappay-hook/src/hooks/index.ts","statementMap":{},"fnMap":{},"branchMap":{},"s":{},"f":{},"b":{},"_coverageSchema":"1a1c01bbd47fc00a2c39e90264f33305004495a9","hash":"cf969f712e9f888ec23937af6f8fc7faf40e750a"}
,"/Users/bibianapprd/Desktop/code/react-native-tappay-hook/src/hooks/useSetDirectPayTPDCard.ts": {"path":"/Users/bibianapprd/Desktop/code/react-native-tappay-hook/src/hooks/useSetDirectPayTPDCard.ts","statementMap":{"0":{"start":{"line":14,"column":21},"end":{"line":20,"column":1}},"1":{"start":{"line":28,"column":40},"end":{"line":28,"column":76}},"2":{"start":{"line":30,"column":2},"end":{"line":64,"column":43}},"3":{"start":{"line":31,"column":4},"end":{"line":63,"column":9}},"4":{"start":{"line":32,"column":6},"end":{"line":62,"column":7}},"5":{"start":{"line":33,"column":28},"end":{"line":33,"column":44}},"6":{"start":{"line":34,"column":8},"end":{"line":36,"column":9}},"7":{"start":{"line":35,"column":10},"end":{"line":35,"column":62}},"8":{"start":{"line":37,"column":8},"end":{"line":37,"column":26}},"9":{"start":{"line":38,"column":29},"end":{"line":43,"column":9}},"10":{"start":{"line":50,"column":12},"end":{"line":50,"column":24}},"11":{"start":{"line":52,"column":8},"end":{"line":58,"column":11}},"12":{"start":{"line":60,"column":8},"end":{"line":60,"column":66}},"13":{"start":{"line":61,"column":8},"end":{"line":61,"column":27}},"14":{"start":{"line":66,"column":2},"end":{"line":66,"column":21}}},"fnMap":{"0":{"name":"useSetDirectPayTPDCard","decl":{"start":{"line":22,"column":16},"end":{"line":22,"column":38}},"loc":{"start":{"line":27,"column":2},"end":{"line":67,"column":1}},"line":27},"1":{"name":"(anonymous_1)","decl":{"start":{"line":30,"column":12},"end":{"line":30,"column":13}},"loc":{"start":{"line":30,"column":18},"end":{"line":64,"column":3}},"line":30},"2":{"name":"(anonymous_2)","decl":{"start":{"line":31,"column":5},"end":{"line":31,"column":6}},"loc":{"start":{"line":31,"column":17},"end":{"line":63,"column":5}},"line":31}},"branchMap":{"0":{"loc":{"start":{"line":23,"column":2},"end":{"line":23,"column":25}},"type":"default-arg","locations":[{"start":{"line":23,"column":23},"end":{"line":23,"column":25}}],"line":23},"1":{"loc":{"start":{"line":24,"column":2},"end":{"line":24,"column":23}},"type":"default-arg","locations":[{"start":{"line":24,"column":21},"end":{"line":24,"column":23}}],"line":24},"2":{"loc":{"start":{"line":25,"column":2},"end":{"line":25,"column":22}},"type":"default-arg","locations":[{"start":{"line":25,"column":20},"end":{"line":25,"column":22}}],"line":25},"3":{"loc":{"start":{"line":26,"column":2},"end":{"line":26,"column":18}},"type":"default-arg","locations":[{"start":{"line":26,"column":16},"end":{"line":26,"column":18}}],"line":26},"4":{"loc":{"start":{"line":34,"column":8},"end":{"line":36,"column":9}},"type":"if","locations":[{"start":{"line":34,"column":8},"end":{"line":36,"column":9}},{"start":{},"end":{}}],"line":34}},"s":{"0":3,"1":5,"2":5,"3":3,"4":3,"5":3,"6":3,"7":1,"8":2,"9":2,"10":2,"11":2,"12":1,"13":1,"14":5},"f":{"0":5,"1":3,"2":3},"b":{"0":[2],"1":[2],"2":[2],"3":[2],"4":[1,2]},"_coverageSchema":"1a1c01bbd47fc00a2c39e90264f33305004495a9","hash":"b1db6d1d16da1022dd6bbe6bad1233520bbb6b23"}
,"/Users/bibianapprd/Desktop/code/react-native-tappay-hook/src/hooks/useTPDApplePay.ts": {"path":"/Users/bibianapprd/Desktop/code/react-native-tappay-hook/src/hooks/useTPDApplePay.ts","statementMap":{"0":{"start":{"line":12,"column":32},"end":{"line":12,"column":47}},"1":{"start":{"line":14,"column":2},"end":{"line":35,"column":9}},"2":{"start":{"line":15,"column":4},"end":{"line":34,"column":9}},"3":{"start":{"line":16,"column":6},"end":{"line":33,"column":7}},"4":{"start":{"line":17,"column":28},"end":{"line":17,"column":44}},"5":{"start":{"line":18,"column":8},"end":{"line":20,"column":9}},"6":{"start":{"line":19,"column":10},"end":{"line":19,"column":62}},"7":{"start":{"line":21,"column":8},"end":{"line":21,"column":26}},"8":{"start":{"line":22,"column":48},"end":{"line":27,"column":9}},"9":{"start":{"line":29,"column":8},"end":{"line":29,"column":34}},"10":{"start":{"line":31,"column":8},"end":{"line":31,"column":58}},"11":{"start":{"line":32,"column":8},"end":{"line":32,"column":27}},"12":{"start":{"line":37,"column":2},"end":{"line":37,"column":19}}},"fnMap":{"0":{"name":"useTPDApplePay","decl":{"start":{"line":6,"column":16},"end":{"line":6,"column":30}},"loc":{"start":{"line":11,"column":2},"end":{"line":38,"column":1}},"line":11},"1":{"name":"(anonymous_1)","decl":{"start":{"line":14,"column":12},"end":{"line":14,"column":13}},"loc":{"start":{"line":14,"column":18},"end":{"line":35,"column":3}},"line":14},"2":{"name":"(anonymous_2)","decl":{"start":{"line":15,"column":5},"end":{"line":15,"column":6}},"loc":{"start":{"line":15,"column":17},"end":{"line":34,"column":5}},"line":15}},"branchMap":{"0":{"loc":{"start":{"line":18,"column":8},"end":{"line":20,"column":9}},"type":"if","locations":[{"start":{"line":18,"column":8},"end":{"line":20,"column":9}},{"start":{},"end":{}}],"line":18}},"s":{"0":4,"1":4,"2":3,"3":3,"4":3,"5":3,"6":1,"7":2,"8":2,"9":2,"10":1,"11":1,"12":4},"f":{"0":4,"1":3,"2":3},"b":{"0":[1,2]},"_coverageSchema":"1a1c01bbd47fc00a2c39e90264f33305004495a9","hash":"9cd2fddcaca5126450f4e26ad08b5f2c4dbbc2f7"}
,"/Users/bibianapprd/Desktop/code/react-native-tappay-hook/src/hooks/useTPDAtome.ts": {"path":"/Users/bibianapprd/Desktop/code/react-native-tappay-hook/src/hooks/useTPDAtome.ts","statementMap":{"0":{"start":{"line":7,"column":32},"end":{"line":7,"column":47}},"1":{"start":{"line":9,"column":2},"end":{"line":27,"column":28}},"2":{"start":{"line":10,"column":4},"end":{"line":26,"column":9}},"3":{"start":{"line":11,"column":6},"end":{"line":25,"column":7}},"4":{"start":{"line":12,"column":28},"end":{"line":12,"column":44}},"5":{"start":{"line":13,"column":8},"end":{"line":15,"column":9}},"6":{"start":{"line":14,"column":10},"end":{"line":14,"column":62}},"7":{"start":{"line":16,"column":8},"end":{"line":16,"column":26}},"8":{"start":{"line":17,"column":48},"end":{"line":19,"column":9}},"9":{"start":{"line":21,"column":8},"end":{"line":21,"column":34}},"10":{"start":{"line":23,"column":8},"end":{"line":23,"column":55}},"11":{"start":{"line":24,"column":8},"end":{"line":24,"column":27}},"12":{"start":{"line":29,"column":2},"end":{"line":29,"column":19}}},"fnMap":{"0":{"name":"useTPDAtome","decl":{"start":{"line":6,"column":16},"end":{"line":6,"column":27}},"loc":{"start":{"line":6,"column":57},"end":{"line":30,"column":1}},"line":6},"1":{"name":"(anonymous_1)","decl":{"start":{"line":9,"column":12},"end":{"line":9,"column":13}},"loc":{"start":{"line":9,"column":18},"end":{"line":27,"column":3}},"line":9},"2":{"name":"(anonymous_2)","decl":{"start":{"line":10,"column":5},"end":{"line":10,"column":6}},"loc":{"start":{"line":10,"column":17},"end":{"line":26,"column":5}},"line":10}},"branchMap":{"0":{"loc":{"start":{"line":13,"column":8},"end":{"line":15,"column":9}},"type":"if","locations":[{"start":{"line":13,"column":8},"end":{"line":15,"column":9}},{"start":{},"end":{}}],"line":13}},"s":{"0":5,"1":5,"2":3,"3":3,"4":3,"5":3,"6":1,"7":2,"8":2,"9":2,"10":1,"11":1,"12":5},"f":{"0":5,"1":3,"2":3},"b":{"0":[1,2]},"_coverageSchema":"1a1c01bbd47fc00a2c39e90264f33305004495a9","hash":"3f57e748bb4558f244db681962b252cf4659efc3"}
,"/Users/bibianapprd/Desktop/code/react-native-tappay-hook/src/hooks/useTPDEasyWallet.ts": {"path":"/Users/bibianapprd/Desktop/code/react-native-tappay-hook/src/hooks/useTPDEasyWallet.ts","statementMap":{"0":{"start":{"line":7,"column":32},"end":{"line":7,"column":47}},"1":{"start":{"line":9,"column":2},"end":{"line":27,"column":33}},"2":{"start":{"line":10,"column":4},"end":{"line":26,"column":9}},"3":{"start":{"line":11,"column":6},"end":{"line":25,"column":7}},"4":{"start":{"line":12,"column":28},"end":{"line":12,"column":44}},"5":{"start":{"line":13,"column":8},"end":{"line":15,"column":9}},"6":{"start":{"line":14,"column":10},"end":{"line":14,"column":62}},"7":{"start":{"line":16,"column":8},"end":{"line":16,"column":26}},"8":{"start":{"line":17,"column":48},"end":{"line":19,"column":9}},"9":{"start":{"line":21,"column":8},"end":{"line":21,"column":34}},"10":{"start":{"line":23,"column":8},"end":{"line":23,"column":60}},"11":{"start":{"line":24,"column":8},"end":{"line":24,"column":27}},"12":{"start":{"line":29,"column":2},"end":{"line":29,"column":19}}},"fnMap":{"0":{"name":"useTPDEasyWallet","decl":{"start":{"line":6,"column":16},"end":{"line":6,"column":32}},"loc":{"start":{"line":6,"column":67},"end":{"line":30,"column":1}},"line":6},"1":{"name":"(anonymous_1)","decl":{"start":{"line":9,"column":12},"end":{"line":9,"column":13}},"loc":{"start":{"line":9,"column":18},"end":{"line":27,"column":3}},"line":9},"2":{"name":"(anonymous_2)","decl":{"start":{"line":10,"column":5},"end":{"line":10,"column":6}},"loc":{"start":{"line":10,"column":17},"end":{"line":26,"column":5}},"line":10}},"branchMap":{"0":{"loc":{"start":{"line":13,"column":8},"end":{"line":15,"column":9}},"type":"if","locations":[{"start":{"line":13,"column":8},"end":{"line":15,"column":9}},{"start":{},"end":{}}],"line":13}},"s":{"0":5,"1":5,"2":3,"3":3,"4":3,"5":3,"6":1,"7":2,"8":2,"9":2,"10":1,"11":1,"12":5},"f":{"0":5,"1":3,"2":3},"b":{"0":[1,2]},"_coverageSchema":"1a1c01bbd47fc00a2c39e90264f33305004495a9","hash":"2e49cba55e93da31fe812ca726dd490f329689f6"}
,"/Users/bibianapprd/Desktop/code/react-native-tappay-hook/src/hooks/useTPDGetDeviceId.ts": {"path":"/Users/bibianapprd/Desktop/code/react-native-tappay-hook/src/hooks/useTPDGetDeviceId.ts","statementMap":{"0":{"start":{"line":7,"column":34},"end":{"line":7,"column":46}},"1":{"start":{"line":8,"column":2},"end":{"line":23,"column":9}},"2":{"start":{"line":9,"column":4},"end":{"line":22,"column":9}},"3":{"start":{"line":10,"column":6},"end":{"line":21,"column":7}},"4":{"start":{"line":11,"column":28},"end":{"line":11,"column":44}},"5":{"start":{"line":12,"column":8},"end":{"line":14,"column":9}},"6":{"start":{"line":13,"column":10},"end":{"line":13,"column":62}},"7":{"start":{"line":15,"column":8},"end":{"line":15,"column":26}},"8":{"start":{"line":16,"column":26},"end":{"line":16,"column":45}},"9":{"start":{"line":17,"column":8},"end":{"line":17,"column":31}},"10":{"start":{"line":19,"column":8},"end":{"line":19,"column":61}},"11":{"start":{"line":20,"column":8},"end":{"line":20,"column":27}},"12":{"start":{"line":25,"column":2},"end":{"line":25,"column":18}}},"fnMap":{"0":{"name":"useTPDGetDeviceId","decl":{"start":{"line":6,"column":16},"end":{"line":6,"column":33}},"loc":{"start":{"line":6,"column":36},"end":{"line":26,"column":1}},"line":6},"1":{"name":"(anonymous_1)","decl":{"start":{"line":8,"column":12},"end":{"line":8,"column":13}},"loc":{"start":{"line":8,"column":18},"end":{"line":23,"column":3}},"line":8},"2":{"name":"(anonymous_2)","decl":{"start":{"line":9,"column":5},"end":{"line":9,"column":6}},"loc":{"start":{"line":9,"column":17},"end":{"line":22,"column":5}},"line":9}},"branchMap":{"0":{"loc":{"start":{"line":12,"column":8},"end":{"line":14,"column":9}},"type":"if","locations":[{"start":{"line":12,"column":8},"end":{"line":14,"column":9}},{"start":{},"end":{}}],"line":12}},"s":{"0":3,"1":3,"2":3,"3":3,"4":3,"5":3,"6":1,"7":2,"8":2,"9":2,"10":1,"11":1,"12":3},"f":{"0":3,"1":3,"2":3},"b":{"0":[1,2]},"_coverageSchema":"1a1c01bbd47fc00a2c39e90264f33305004495a9","hash":"bbde0b5a20c7646f86050cc42cff8a821a4c4313"}
,"/Users/bibianapprd/Desktop/code/react-native-tappay-hook/src/hooks/useTPDGooglePay.ts": {"path":"/Users/bibianapprd/Desktop/code/react-native-tappay-hook/src/hooks/useTPDGooglePay.ts","statementMap":{"0":{"start":{"line":7,"column":32},"end":{"line":7,"column":47}},"1":{"start":{"line":8,"column":24},"end":{"line":8,"column":36}},"2":{"start":{"line":10,"column":2},"end":{"line":29,"column":9}},"3":{"start":{"line":11,"column":4},"end":{"line":28,"column":9}},"4":{"start":{"line":12,"column":6},"end":{"line":27,"column":7}},"5":{"start":{"line":13,"column":28},"end":{"line":13,"column":44}},"6":{"start":{"line":14,"column":8},"end":{"line":16,"column":9}},"7":{"start":{"line":15,"column":10},"end":{"line":15,"column":62}},"8":{"start":{"line":17,"column":8},"end":{"line":17,"column":26}},"9":{"start":{"line":18,"column":59},"end":{"line":20,"column":9}},"10":{"start":{"line":22,"column":8},"end":{"line":22,"column":34}},"11":{"start":{"line":23,"column":8},"end":{"line":23,"column":21}},"12":{"start":{"line":25,"column":8},"end":{"line":25,"column":59}},"13":{"start":{"line":26,"column":8},"end":{"line":26,"column":27}},"14":{"start":{"line":31,"column":2},"end":{"line":31,"column":24}}},"fnMap":{"0":{"name":"useTPDGooglePay","decl":{"start":{"line":6,"column":16},"end":{"line":6,"column":31}},"loc":{"start":{"line":6,"column":54},"end":{"line":32,"column":1}},"line":6},"1":{"name":"(anonymous_1)","decl":{"start":{"line":10,"column":12},"end":{"line":10,"column":13}},"loc":{"start":{"line":10,"column":18},"end":{"line":29,"column":3}},"line":10},"2":{"name":"(anonymous_2)","decl":{"start":{"line":11,"column":5},"end":{"line":11,"column":6}},"loc":{"start":{"line":11,"column":17},"end":{"line":28,"column":5}},"line":11}},"branchMap":{"0":{"loc":{"start":{"line":14,"column":8},"end":{"line":16,"column":9}},"type":"if","locations":[{"start":{"line":14,"column":8},"end":{"line":16,"column":9}},{"start":{},"end":{}}],"line":14}},"s":{"0":5,"1":5,"2":5,"3":3,"4":3,"5":3,"6":3,"7":1,"8":2,"9":2,"10":2,"11":2,"12":1,"13":1,"14":5},"f":{"0":5,"1":3,"2":3},"b":{"0":[1,2]},"_coverageSchema":"1a1c01bbd47fc00a2c39e90264f33305004495a9","hash":"f3e5aa3c23fc677fb8e382b2b1db5b052605d95e"}
,"/Users/bibianapprd/Desktop/code/react-native-tappay-hook/src/hooks/useTPDJkoPay.ts": {"path":"/Users/bibianapprd/Desktop/code/react-native-tappay-hook/src/hooks/useTPDJkoPay.ts","statementMap":{"0":{"start":{"line":7,"column":32},"end":{"line":7,"column":47}},"1":{"start":{"line":9,"column":2},"end":{"line":27,"column":29}},"2":{"start":{"line":10,"column":4},"end":{"line":26,"column":9}},"3":{"start":{"line":11,"column":6},"end":{"line":25,"column":7}},"4":{"start":{"line":12,"column":28},"end":{"line":12,"column":44}},"5":{"start":{"line":13,"column":8},"end":{"line":15,"column":9}},"6":{"start":{"line":14,"column":10},"end":{"line":14,"column":62}},"7":{"start":{"line":16,"column":8},"end":{"line":16,"column":26}},"8":{"start":{"line":17,"column":48},"end":{"line":19,"column":9}},"9":{"start":{"line":21,"column":8},"end":{"line":21,"column":34}},"10":{"start":{"line":23,"column":8},"end":{"line":23,"column":56}},"11":{"start":{"line":24,"column":8},"end":{"line":24,"column":27}},"12":{"start":{"line":29,"column":2},"end":{"line":29,"column":19}}},"fnMap":{"0":{"name":"useTPDJkoPay","decl":{"start":{"line":6,"column":16},"end":{"line":6,"column":28}},"loc":{"start":{"line":6,"column":59},"end":{"line":30,"column":1}},"line":6},"1":{"name":"(anonymous_1)","decl":{"start":{"line":9,"column":12},"end":{"line":9,"column":13}},"loc":{"start":{"line":9,"column":18},"end":{"line":27,"column":3}},"line":9},"2":{"name":"(anonymous_2)","decl":{"start":{"line":10,"column":5},"end":{"line":10,"column":6}},"loc":{"start":{"line":10,"column":17},"end":{"line":26,"column":5}},"line":10}},"branchMap":{"0":{"loc":{"start":{"line":13,"column":8},"end":{"line":15,"column":9}},"type":"if","locations":[{"start":{"line":13,"column":8},"end":{"line":15,"column":9}},{"start":{},"end":{}}],"line":13}},"s":{"0":5,"1":5,"2":3,"3":3,"4":3,"5":3,"6":1,"7":2,"8":2,"9":2,"10":1,"11":1,"12":5},"f":{"0":5,"1":3,"2":3},"b":{"0":[1,2]},"_coverageSchema":"1a1c01bbd47fc00a2c39e90264f33305004495a9","hash":"ebea9f9916aabd27272839690f209aa633a85082"}
,"/Users/bibianapprd/Desktop/code/react-native-tappay-hook/src/hooks/useTPDLinePay.ts": {"path":"/Users/bibianapprd/Desktop/code/react-native-tappay-hook/src/hooks/useTPDLinePay.ts","statementMap":{"0":{"start":{"line":7,"column":32},"end":{"line":7,"column":47}},"1":{"start":{"line":9,"column":2},"end":{"line":27,"column":27}},"2":{"start":{"line":10,"column":4},"end":{"line":26,"column":9}},"3":{"start":{"line":11,"column":6},"end":{"line":25,"column":7}},"4":{"start":{"line":12,"column":28},"end":{"line":12,"column":44}},"5":{"start":{"line":13,"column":8},"end":{"line":15,"column":9}},"6":{"start":{"line":14,"column":10},"end":{"line":14,"column":62}},"7":{"start":{"line":16,"column":8},"end":{"line":16,"column":26}},"8":{"start":{"line":17,"column":48},"end":{"line":19,"column":9}},"9":{"start":{"line":21,"column":8},"end":{"line":21,"column":34}},"10":{"start":{"line":23,"column":8},"end":{"line":23,"column":57}},"11":{"start":{"line":24,"column":8},"end":{"line":24,"column":27}},"12":{"start":{"line":29,"column":2},"end":{"line":29,"column":19}}},"fnMap":{"0":{"name":"useTPDLinePay","decl":{"start":{"line":6,"column":16},"end":{"line":6,"column":29}},"loc":{"start":{"line":6,"column":58},"end":{"line":30,"column":1}},"line":6},"1":{"name":"(anonymous_1)","decl":{"start":{"line":9,"column":12},"end":{"line":9,"column":13}},"loc":{"start":{"line":9,"column":18},"end":{"line":27,"column":3}},"line":9},"2":{"name":"(anonymous_2)","decl":{"start":{"line":10,"column":5},"end":{"line":10,"column":6}},"loc":{"start":{"line":10,"column":17},"end":{"line":26,"column":5}},"line":10}},"branchMap":{"0":{"loc":{"start":{"line":13,"column":8},"end":{"line":15,"column":9}},"type":"if","locations":[{"start":{"line":13,"column":8},"end":{"line":15,"column":9}},{"start":{},"end":{}}],"line":13}},"s":{"0":5,"1":5,"2":3,"3":3,"4":3,"5":3,"6":1,"7":2,"8":2,"9":2,"10":1,"11":1,"12":5},"f":{"0":5,"1":3,"2":3},"b":{"0":[1,2]},"_coverageSchema":"1a1c01bbd47fc00a2c39e90264f33305004495a9","hash":"cf0fcdd921c2e37a3d83fd54f556b37e301cd37b"}
,"/Users/bibianapprd/Desktop/code/react-native-tappay-hook/src/hooks/useTPDPiWallet.ts": {"path":"/Users/bibianapprd/Desktop/code/react-native-tappay-hook/src/hooks/useTPDPiWallet.ts","statementMap":{"0":{"start":{"line":7,"column":32},"end":{"line":7,"column":47}},"1":{"start":{"line":9,"column":2},"end":{"line":27,"column":31}},"2":{"start":{"line":10,"column":4},"end":{"line":26,"column":9}},"3":{"start":{"line":11,"column":6},"end":{"line":25,"column":7}},"4":{"start":{"line":12,"column":28},"end":{"line":12,"column":44}},"5":{"start":{"line":13,"column":8},"end":{"line":15,"column":9}},"6":{"start":{"line":14,"column":10},"end":{"line":14,"column":62}},"7":{"start":{"line":16,"column":8},"end":{"line":16,"column":26}},"8":{"start":{"line":17,"column":48},"end":{"line":19,"column":9}},"9":{"start":{"line":21,"column":8},"end":{"line":21,"column":34}},"10":{"start":{"line":23,"column":8},"end":{"line":23,"column":58}},"11":{"start":{"line":24,"column":8},"end":{"line":24,"column":27}},"12":{"start":{"line":29,"column":2},"end":{"line":29,"column":19}}},"fnMap":{"0":{"name":"useTPDPiWallet","decl":{"start":{"line":6,"column":16},"end":{"line":6,"column":30}},"loc":{"start":{"line":6,"column":63},"end":{"line":30,"column":1}},"line":6},"1":{"name":"(anonymous_1)","decl":{"start":{"line":9,"column":12},"end":{"line":9,"column":13}},"loc":{"start":{"line":9,"column":18},"end":{"line":27,"column":3}},"line":9},"2":{"name":"(anonymous_2)","decl":{"start":{"line":10,"column":5},"end":{"line":10,"column":6}},"loc":{"start":{"line":10,"column":17},"end":{"line":26,"column":5}},"line":10}},"branchMap":{"0":{"loc":{"start":{"line":13,"column":8},"end":{"line":15,"column":9}},"type":"if","locations":[{"start":{"line":13,"column":8},"end":{"line":15,"column":9}},{"start":{},"end":{}}],"line":13}},"s":{"0":5,"1":5,"2":3,"3":3,"4":3,"5":3,"6":1,"7":2,"8":2,"9":2,"10":1,"11":1,"12":5},"f":{"0":5,"1":3,"2":3},"b":{"0":[1,2]},"_coverageSchema":"1a1c01bbd47fc00a2c39e90264f33305004495a9","hash":"3df342438c33f8f9d80eaf98d766734ad3e105ae"}
,"/Users/bibianapprd/Desktop/code/react-native-tappay-hook/src/hooks/useTPDPlusPay.ts": {"path":"/Users/bibianapprd/Desktop/code/react-native-tappay-hook/src/hooks/useTPDPlusPay.ts","statementMap":{"0":{"start":{"line":7,"column":32},"end":{"line":7,"column":47}},"1":{"start":{"line":9,"column":2},"end":{"line":27,"column":30}},"2":{"start":{"line":10,"column":4},"end":{"line":26,"column":9}},"3":{"start":{"line":11,"column":6},"end":{"line":25,"column":7}},"4":{"start":{"line":12,"column":28},"end":{"line":12,"column":44}},"5":{"start":{"line":13,"column":8},"end":{"line":15,"column":9}},"6":{"start":{"line":14,"column":10},"end":{"line":14,"column":62}},"7":{"start":{"line":16,"column":8},"end":{"line":16,"column":26}},"8":{"start":{"line":17,"column":48},"end":{"line":19,"column":9}},"9":{"start":{"line":21,"column":8},"end":{"line":21,"column":34}},"10":{"start":{"line":23,"column":8},"end":{"line":23,"column":57}},"11":{"start":{"line":24,"column":8},"end":{"line":24,"column":27}},"12":{"start":{"line":29,"column":2},"end":{"line":29,"column":19}}},"fnMap":{"0":{"name":"useTPDPlusPay","decl":{"start":{"line":6,"column":16},"end":{"line":6,"column":29}},"loc":{"start":{"line":6,"column":61},"end":{"line":30,"column":1}},"line":6},"1":{"name":"(anonymous_1)","decl":{"start":{"line":9,"column":12},"end":{"line":9,"column":13}},"loc":{"start":{"line":9,"column":18},"end":{"line":27,"column":3}},"line":9},"2":{"name":"(anonymous_2)","decl":{"start":{"line":10,"column":5},"end":{"line":10,"column":6}},"loc":{"start":{"line":10,"column":17},"end":{"line":26,"column":5}},"line":10}},"branchMap":{"0":{"loc":{"start":{"line":13,"column":8},"end":{"line":15,"column":9}},"type":"if","locations":[{"start":{"line":13,"column":8},"end":{"line":15,"column":9}},{"start":{},"end":{}}],"line":13}},"s":{"0":5,"1":5,"2":3,"3":3,"4":3,"5":3,"6":1,"7":2,"8":2,"9":2,"10":1,"11":1,"12":5},"f":{"0":5,"1":3,"2":3},"b":{"0":[1,2]},"_coverageSchema":"1a1c01bbd47fc00a2c39e90264f33305004495a9","hash":"7ed5325bd41c01d6ba35e453abcd3e594bce9a9a"}
[...]
column":11},"end":{"line":69,"column":42}},"type":"binary-expr","locations":[{"start":{"line":69,"column":11},"end":{"line":69,"column":33}},{"start":{"line":69,"column":37},"end":{"line":69,"column":42}}],"line":69},"1":{"loc":{"start":{"line":76,"column":11},"end":{"line":76,"column":41}},"type":"binary-expr","locations":[{"start":{"line":76,"column":11},"end":{"line":76,"column":32}},{"start":{"line":76,"column":36},"end":{"line":76,"column":41}}],"line":76},"2":{"loc":{"start":{"line":83,"column":11},"end":{"line":83,"column":40}},"type":"binary-expr","locations":[{"start":{"line":83,"column":11},"end":{"line":83,"column":31}},{"start":{"line":83,"column":35},"end":{"line":83,"column":40}}],"line":83},"3":{"loc":{"start":{"line":90,"column":11},"end":{"line":90,"column":42}},"type":"binary-expr","locations":[{"start":{"line":90,"column":11},"end":{"line":90,"column":33}},{"start":{"line":90,"column":37},"end":{"line":90,"column":42}}],"line":90},"4":{"loc":{"start":{"line":97,"column":11},"end":{"line":97,"column":42}},"type":"binary-expr","locations":[{"start":{"line":97,"column":11},"end":{"line":97,"column":33}},{"start":{"line":97,"column":37},"end":{"line":97,"column":42}}],"line":97},"5":{"loc":{"start":{"line":104,"column":11},"end":{"line":104,"column":38}},"type":"binary-expr","locations":[{"start":{"line":104,"column":11},"end":{"line":104,"column":29}},{"start":{"line":104,"column":33},"end":{"line":104,"column":38}}],"line":104},"6":{"loc":{"start":{"line":111,"column":11},"end":{"line":111,"column":40}},"type":"binary-expr","locations":[{"start":{"line":111,"column":11},"end":{"line":111,"column":31}},{"start":{"line":111,"column":35},"end":{"line":111,"column":40}}],"line":111},"7":{"loc":{"start":{"line":118,"column":11},"end":{"line":118,"column":39}},"type":"binary-expr","locations":[{"start":{"line":118,"column":11},"end":{"line":118,"column":30}},{"start":{"line":118,"column":34},"end":{"line":118,"column":39}}],"line":118},"8":{"loc":{"start":{"line":125,"column":11},"end":{"line":125,"column":37}},"type":"binary-expr","locations":[{"start":{"line":125,"column":11},"end":{"line":125,"column":28}},{"start":{"line":125,"column":32},"end":{"line":125,"column":37}}],"line":125},"9":{"loc":{"start":{"line":132,"column":4},"end":{"line":134,"column":5}},"type":"if","locations":[{"start":{"line":132,"column":4},"end":{"line":134,"column":5}},{"start":{},"end":{}}],"line":132},"10":{"loc":{"start":{"line":132,"column":8},"end":{"line":132,"column":76}},"type":"binary-expr","locations":[{"start":{"line":132,"column":8},"end":{"line":132,"column":28}},{"start":{"line":132,"column":32},"end":{"line":132,"column":54}},{"start":{"line":132,"column":58},"end":{"line":132,"column":76}}],"line":132},"11":{"loc":{"start":{"line":163,"column":4},"end":{"line":165,"column":5}},"type":"if","locations":[{"start":{"line":163,"column":4},"end":{"line":165,"column":5}},{"start":{},"end":{}}],"line":163},"12":{"loc":{"start":{"line":166,"column":4},"end":{"line":168,"column":5}},"type":"if","locations":[{"start":{"line":166,"column":4},"end":{"line":168,"column":5}},{"start":{},"end":{}}],"line":166},"13":{"loc":{"start":{"line":180,"column":4},"end":{"line":182,"column":5}},"type":"if","locations":[{"start":{"line":180,"column":4},"end":{"line":182,"column":5}},{"start":{},"end":{}}],"line":180},"14":{"loc":{"start":{"line":195,"column":15},"end":{"line":195,"column":67}},"type":"binary-expr","locations":[{"start":{"line":195,"column":15},"end":{"line":195,"column":32}},{"start":{"line":195,"column":36},"end":{"line":195,"column":53}},{"start":{"line":195,"column":57},"end":{"line":195,"column":67}}],"line":195},"15":{"loc":{"start":{"line":199,"column":33},"end":{"line":199,"column":64}},"type":"default-arg","locations":[{"start":{"line":199,"column":55},"end":{"line":199,"column":64}}],"line":199},"16":{"loc":{"start":{"line":200,"column":4},"end":{"line":202,"column":5}},"type":"if","locations":[{"start":{"line":200,"column":4},"end":{"line":202,"column":5}},{"start":{},"end":{}}],"line":200},"17":{"loc":{"start":{"line":210,"column":4},"end":{"line":212,"column":5}},"type":"if","locations":[{"start":{"line":210,"column":4},"end":{"line":212,"column":5}},{"start":{},"end":{}}],"line":210},"18":{"loc":{"start":{"line":222,"column":4},"end":{"line":222,"column":32}},"type":"default-arg","locations":[{"start":{"line":222,"column":27},"end":{"line":222,"column":32}}],"line":222},"19":{"loc":{"start":{"line":224,"column":4},"end":{"line":226,"column":5}},"type":"if","locations":[{"start":{"line":224,"column":4},"end":{"line":226,"column":5}},{"start":{},"end":{}}],"line":224},"20":{"loc":{"start":{"line":227,"column":4},"end":{"line":229,"column":5}},"type":"if","locations":[{"start":{"line":227,"column":4},"end":{"line":229,"column":5}},{"start":{},"end":{}}],"line":227},"21":{"loc":{"start":{"line":238,"column":4},"end":{"line":240,"column":5}},"type":"if","locations":[{"start":{"line":238,"column":4},"end":{"line":240,"column":5}},{"start":{},"end":{}}],"line":238},"22":{"loc":{"start":{"line":250,"column":4},"end":{"line":252,"column":5}},"type":"if","locations":[{"start":{"line":250,"column":4},"end":{"line":252,"column":5}},{"start":{},"end":{}}],"line":250},"23":{"loc":{"start":{"line":265,"column":4},"end":{"line":267,"column":5}},"type":"if","locations":[{"start":{"line":265,"column":4},"end":{"line":267,"column":5}},{"start":{},"end":{}}],"line":265},"24":{"loc":{"start":{"line":268,"column":4},"end":{"line":270,"column":5}},"type":"if","locations":[{"start":{"line":268,"column":4},"end":{"line":270,"column":5}},{"start":{},"end":{}}],"line":268},"25":{"loc":{"start":{"line":271,"column":4},"end":{"line":273,"column":5}},"type":"if","locations":[{"start":{"line":271,"column":4},"end":{"line":273,"column":5}},{"start":{},"end":{}}],"line":271},"26":{"loc":{"start":{"line":281,"column":4},"end":{"line":283,"column":5}},"type":"if","locations":[{"start":{"line":281,"column":4},"end":{"line":283,"column":5}},{"start":{},"end":{}}],"line":281},"27":{"loc":{"start":{"line":289,"column":4},"end":{"line":291,"column":5}},"type":"if","locations":[{"start":{"line":289,"column":4},"end":{"line":291,"column":5}},{"start":{},"end":{}}],"line":289},"28":{"loc":{"start":{"line":297,"column":4},"end":{"line":299,"column":5}},"type":"if","locations":[{"start":{"line":297,"column":4},"end":{"line":299,"column":5}},{"start":{},"end":{}}],"line":297},"29":{"loc":{"start":{"line":309,"column":4},"end":{"line":311,"column":5}},"type":"if","locations":[{"start":{"line":309,"column":4},"end":{"line":311,"column":5}},{"start":{},"end":{}}],"line":309},"30":{"loc":{"start":{"line":317,"column":4},"end":{"line":319,"column":5}},"type":"if","locations":[{"start":{"line":317,"column":4},"end":{"line":319,"column":5}},{"start":{},"end":{}}],"line":317},"31":{"loc":{"start":{"line":332,"column":4},"end":{"line":334,"column":5}},"type":"if","locations":[{"start":{"line":332,"column":4},"end":{"line":334,"column":5}},{"start":{},"end":{}}],"line":332},"32":{"loc":{"start":{"line":351,"column":4},"end":{"line":353,"column":5}},"type":"if","locations":[{"start":{"line":351,"column":4},"end":{"line":353,"column":5}},{"start":{},"end":{}}],"line":351},"33":{"loc":{"start":{"line":354,"column":4},"end":{"line":356,"column":5}},"type":"if","locations":[{"start":{"line":354,"column":4},"end":{"line":356,"column":5}},{"start":{},"end":{}}],"line":354},"34":{"loc":{"start":{"line":367,"column":4},"end":{"line":369,"column":5}},"type":"if","locations":[{"start":{"line":367,"column":4},"end":{"line":369,"column":5}},{"start":{},"end":{}}],"line":367},"35":{"loc":{"start":{"line":375,"column":4},"end":{"line":377,"column":5}},"type":"if","locations":[{"start":{"line":375,"column":4},"end":{"line":377,"column":5}},{"start":{},"end":{}}],"line":375},"36":{"loc":{"start":{"line":386,"column":4},"end":{"line":388,"column":5}},"type":"if","locations":[{"start":{"line":386,"column":4},"end":{"line":388,"column":5}},{"start":{},"end":{}}],"line":386},"37":{"loc":{"start":{"line":394,"column":4},"end":{"line":396,"column":5}},"type":"if","locations":[{"start":{"line":394,"column":4},"end":{"line":396,"column":5}},{"start":{},"end":{}}],"line":394},"38":{"loc":{"start":{"line":404,"column":4},"end":{"line":406,"column":5}},"type":"if","locations":[{"start":{"line":404,"column":4},"end":{"line":406,"column":5}},{"start":{},"end":{}}],"line":404},"39":{"loc":{"start":{"line":413,"column":4},"end":{"line":415,"column":5}},"type":"if","locations":[{"start":{"line":413,"column":4},"end":{"line":415,"column":5}},{"start":{},"end":{}}],"line":413},"40":{"loc":{"start":{"line":421,"column":4},"end":{"line":423,"column":5}},"type":"if","locations":[{"start":{"line":421,"column":4},"end":{"line":423,"column":5}},{"start":{},"end":{}}],"line":421},"41":{"loc":{"start":{"line":432,"column":4},"end":{"line":434,"column":5}},"type":"if","locations":[{"start":{"line":432,"column":4},"end":{"line":434,"column":5}},{"start":{},"end":{}}],"line":432},"42":{"loc":{"start":{"line":440,"column":4},"end":{"line":442,"column":5}},"type":"if","locations":[{"start":{"line":440,"column":4},"end":{"line":442,"column":5}},{"start":{},"end":{}}],"line":440},"43":{"loc":{"start":{"line":451,"column":4},"end":{"line":453,"column":5}},"type":"if","locations":[{"start":{"line":451,"column":4},"end":{"line":453,"column":5}},{"start":{},"end":{}}],"line":451},"44":{"loc":{"start":{"line":460,"column":4},"end":{"line":462,"column":5}},"type":"if","locations":[{"start":{"line":460,"column":4},"end":{"line":462,"column":5}},{"start":{},"end":{}}],"line":460},"45":{"loc":{"start":{"line":468,"column":4},"end":{"line":470,"column":5}},"type":"if","locations":[{"start":{"line":468,"column":4},"end":{"line":470,"column":5}},{"start":{},"end":{}}],"line":468},"46":{"loc":{"start":{"line":479,"column":4},"end":{"line":481,"column":5}},"type":"if","locations":[{"start":{"line":479,"column":4},"end":{"line":481,"column":5}},{"start":{},"end":{}}],"line":479},"47":{"loc":{"start":{"line":487,"column":4},"end":{"line":489,"column":5}},"type":"if","locations":[{"start":{"line":487,"column":4},"end":{"line":489,"column":5}},{"start":{},"end":{}}],"line":487},"48":{"loc":{"start":{"line":497,"column":4},"end":{"line":499,"column":5}},"type":"if","locations":[{"start":{"line":497,"column":4},"end":{"line":499,"column":5}},{"start":{},"end":{}}],"line":497},"49":{"loc":{"start":{"line":506,"column":4},"end":{"line":508,"column":5}},"type":"if","locations":[{"start":{"line":506,"column":4},"end":{"line":508,"column":5}},{"start":{},"end":{}}],"line":506},"50":{"loc":{"start":{"line":514,"column":4},"end":{"line":516,"column":5}},"type":"if","locations":[{"start":{"line":514,"column":4},"end":{"line":516,"column":5}},{"start":{},"end":{}}],"line":514},"51":{"loc":{"start":{"line":525,"column":4},"end":{"line":527,"column":5}},"type":"if","locations":[{"start":{"line":525,"column":4},"end":{"line":527,"column":5}},{"start":{},"end":{}}],"line":525},"52":{"loc":{"start":{"line":533,"column":4},"end":{"line":535,"column":5}},"type":"if","locations":[{"start":{"line":533,"column":4},"end":{"line":535,"column":5}},{"start":{},"end":{}}],"line":533},"53":{"loc":{"start":{"line":543,"column":4},"end":{"line":545,"column":5}},"type":"if","locations":[{"start":{"line":543,"column":4},"end":{"line":545,"column":5}},{"start":{},"end":{}}],"line":543},"54":{"loc":{"start":{"line":552,"column":4},"end":{"line":554,"column":5}},"type":"if","locations":[{"start":{"line":552,"column":4},"end":{"line":554,"column":5}},{"start":{},"end":{}}],"line":552},"55":{"loc":{"start":{"line":560,"column":4},"end":{"line":562,"column":5}},"type":"if","locations":[{"start":{"line":560,"column":4},"end":{"line":562,"column":5}},{"start":{},"end":{}}],"line":560},"56":{"loc":{"start":{"line":571,"column":4},"end":{"line":573,"column":5}},"type":"if","locations":[{"start":{"line":571,"column":4},"end":{"line":573,"column":5}},{"start":{},"end":{}}],"line":571},"57":{"loc":{"start":{"line":579,"column":4},"end":{"line":581,"column":5}},"type":"if","locations":[{"start":{"line":579,"column":4},"end":{"line":581,"column":5}},{"start":{},"end":{}}],"line":579},"58":{"loc":{"start":{"line":589,"column":4},"end":{"line":591,"column":5}},"type":"if","locations":[{"start":{"line":589,"column":4},"end":{"line":591,"column":5}},{"start":{},"end":{}}],"line":589},"59":{"loc":{"start":{"line":599,"column":6},"end":{"line":601,"column":7}},"type":"if","locations":[{"start":{"line":599,"column":6},"end":{"line":601,"column":7}},{"start":{},"end":{}}],"line":599},"60":{"loc":{"start":{"line":620,"column":6},"end":{"line":622,"column":7}},"type":"if","locations":[{"start":{"line":620,"column":6},"end":{"line":622,"column":7}},{"start":{},"end":{}}],"line":620},"61":{"loc":{"start":{"line":624,"column":6},"end":{"line":627,"column":7}},"type":"if","locations":[{"start":{"line":624,"column":6},"end":{"line":627,"column":7}},{"start":{},"end":{}}],"line":624},"62":{"loc":{"start":{"line":640,"column":6},"end":{"line":642,"column":7}},"type":"if","locations":[{"start":{"line":640,"column":6},"end":{"line":642,"column":7}},{"start":{},"end":{}}],"line":640},"63":{"loc":{"start":{"line":649,"column":6},"end":{"line":652,"column":7}},"type":"if","locations":[{"start":{"line":649,"column":6},"end":{"line":652,"column":7}},{"start":{},"end":{}}],"line":649},"64":{"loc":{"start":{"line":660,"column":6},"end":{"line":662,"column":7}},"type":"if","locations":[{"start":{"line":660,"column":6},"end":{"line":662,"column":7}},{"start":{},"end":{}}],"line":660},"65":{"loc":{"start":{"line":664,"column":6},"end":{"line":667,"column":7}},"type":"if","locations":[{"start":{"line":664,"column":6},"end":{"line":667,"column":7}},{"start":{},"end":{}}],"line":664},"66":{"loc":{"start":{"line":680,"column":6},"end":{"line":682,"column":7}},"type":"if","locations":[{"start":{"line":680,"column":6},"end":{"line":682,"column":7}},{"start":{},"end":{}}],"line":680},"67":{"loc":{"start":{"line":689,"column":6},"end":{"line":692,"column":7}},"type":"if","locations":[{"start":{"line":689,"column":6},"end":{"line":692,"column":7}},{"start":{},"end":{}}],"line":689},"68":{"loc":{"start":{"line":700,"column":6},"end":{"line":702,"column":7}},"type":"if","locations":[{"start":{"line":700,"column":6},"end":{"line":702,"column":7}},{"start":{},"end":{}}],"line":700},"69":{"loc":{"start":{"line":704,"column":6},"end":{"line":707,"column":7}},"type":"if","locations":[{"start":{"line":704,"column":6},"end":{"line":707,"column":7}},{"start":{},"end":{}}],"line":704},"70":{"loc":{"start":{"line":715,"column":6},"end":{"line":717,"column":7}},"type":"if","locations":[{"start":{"line":715,"column":6},"end":{"line":717,"column":7}},{"start":{},"end":{}}],"line":715},"71":{"loc":{"start":{"line":721,"column":6},"end":{"line":724,"column":7}},"type":"if","locations":[{"start":{"line":721,"column":6},"end":{"line":724,"column":7}},{"start":{},"end":{}}],"line":721},"72":{"loc":{"start":{"line":732,"column":6},"end":{"line":734,"column":7}},"type":"if","locations":[{"start":{"line":732,"column":6},"end":{"line":734,"column":7}},{"start":{},"end":{}}],"line":732},"73":{"loc":{"start":{"line":749,"column":6},"end":{"line":751,"column":7}},"type":"if","locations":[{"start":{"line":749,"column":6},"end":{"line":751,"column":7}},{"start":{},"end":{}}],"line":749}},"s":{"0":11,"1":7,"2":3,"3":7,"4":38,"5":7,"6":106,"7":9,"8":12,"9":15,"10":4,"11":11,"12":3,"13":11,"14":7,"15":11,"16":4,"17":11,"18":10,"19":11,"20":10,"21":11,"22":9,"23":11,"24":9,"25":11,"26":9,"27":9,"28":10,"29":2,"30":8,"31":8,"32":8,"33":8,"34":7,"35":7,"36":7,"37":7,"38":7,"39":7,"40":7,"41":7,"42":7,"43":7,"44":7,"45":7,"46":7,"47":1,"48":1,"49":1,"50":8,"51":10,"52":1,"53":9,"54":2,"55":7,"56":7,"57":7,"58":5,"59":2,"60":3,"61":3,"62":3,"63":4,"64":1,"65":3,"66":3,"67":6,"68":2,"69":4,"70":4,"71":4,"72":5,"73":1,"74":4,"75":2,"76":2,"77":2,"78":3,"79":1,"80":2,"81":6,"82":2,"83":4,"84":4,"85":4,"86":5,"87":1,"88":4,"89":1,"90":3,"91":1,"92":2,"93":2,"94":3,"95":1,"96":2,"97":3,"98":1,"99":2,"100":2,"101":6,"102":2,"103":4,"104":4,"105":4,"106":4,"107":1,"108":3,"109":3,"110":3,"111":1,"112":2,"113":2,"114":6,"115":2,"116":4,"117":4,"118":4,"119":5,"120":1,"121":4,"122":2,"123":2,"124":2,"125":3,"126":1,"127":2,"128":2,"129":6,"130":2,"131":4,"132":4,"133":4,"134":4,"135":1,"136":3,"137":3,"138":3,"139":1,"140":2,"141":2,"142":3,"143":1,"144":2,"145":2,"146":3,"147":1,"148":2,"149":2,"150":6,"151":2,"152":4,"153":4,"154":4,"155":4,"156":1,"157":3,"158":3,"159":3,"160":1,"161":2,"162":2,"163":3,"164":1,"165":2,"166":2,"167":3,"168":1,"169":2,"170":2,"171":6,"172":2,"173":4,"174":4,"175":4,"176":3,"177":1,"178":2,"179":2,"180":3,"181":1,"182":2,"183":2,"184":3,"185":1,"186":2,"187":2,"188":3,"189":1,"190":2,"191":2,"192":6,"193":2,"194":4,"195":4,"196":4,"197":3,"198":1,"199":2,"200":2,"201":3,"202":1,"203":2,"204":2,"205":3,"206":1,"207":2,"208":2,"209":3,"210":1,"211":2,"212":2,"213":3,"214":1,"215":2,"216":2,"217":2,"218":3,"219":1,"220":2,"221":2,"222":3,"223":1,"224":2,"225":2,"226":3,"227":1,"228":2,"229":2,"230":3,"231":3,"232":1,"233":2,"234":1,"235":1,"236":1,"237":1,"238":1,"239":4,"240":4,"241":1,"242":3,"243":2,"244":1,"245":1,"246":1,"247":4,"248":4,"249":1,"250":3,"251":2,"252":1,"253":1,"254":1,"255":4,"256":4,"257":1,"258":3,"259":2,"260":1,"261":1,"262":1,"263":4,"264":4,"265":1,"266":3,"267":2,"268":1,"269":1,"270":1,"271":4,"272":4,"273":1,"274":3,"275":2,"276":1,"277":1,"278":1,"279":4,"280":4,"281":1,"282":3,"283":2,"284":1,"285":1,"286":1,"287":4,"288":4,"289":1,"290":3,"291":1,"292":4,"293":4,"294":1,"295":3,"296":1},"f":{"0":11,"1":7,"2":3,"3":7,"4":38,"5":7,"6":106,"7":9,"8":12,"9":15,"10":4,"11":11,"12":3,"13":11,"14":7,"15":11,"16":4,"17":11,"18":10,"19":11,"20":10,"21":11,"22":9,"23":11,"24":9,"25":11,"26":9,"27":9,"28":10,"29":8,"30":10,"31":5,"32":4,"33":6,"34":5,"35":3,"36":6,"37":5,"38":3,"39":3,"40":6,"41":4,"42":3,"43":6,"44":5,"45":3,"46":6,"47":4,"48":3,"49":3,"50":3,"51":6,"52":4,"53":3,"54":3,"55":3,"56":6,"57":3,"58":3,"59":3,"60":3,"61":6,"62":3,"63":3,"64":3,"65":3,"66":3,"67":3,"68":3,"69":3,"70":3,"71":4,"72":4,"73":4,"74":4,"75":4,"76":4,"77":4,"78":4},"b":{"0":[4,2],"1":[3,1],"2":[7,2],"3":[4,2],"4":[10,3],"5":[10,3],"6":[9,3],"7":[9,3],"8":[9,3],"9":[2,8],"10":[10,2,2],"11":[1,9],"12":[2,7],"13":[2,3],"14":[3,3,3],"15":[4],"16":[1,3],"17":[2,4],"18":[1],"19":[1,4],"20":[2,2],"21":[1,2],"22":[2,4],"23":[1,4],"24":[1,3],"25":[1,2],"26":[1,2],"27":[1,2],"28":[2,4],"29":[1,3],"30":[1,2],"31":[2,4],"32":[1,4],"33":[2,2],"34":[1,2],"35":[2,4],"36":[1,3],"37":[1,2],"38":[1,2],"39":[1,2],"40":[2,4],"41":[1,3],"42":[1,2],"43":[1,2],"44":[1,2],"45":[2,4],"46":[1,2],"47":[1,2],"48":[1,2],"49":[1,2],"50":[2,4],"51":[1,2],"52":[1,2],"53":[1,2],"54":[1,2],"55":[1,2],"56":[1,2],"57":[1,2],"58":[1,2],"59":[1,2],"60":[1,3],"61":[1,1],"62":[1,3],"63":[1,1],"64":[1,3],"65":[1,1],"66":[1,3],"67":[1,1],"68":[1,3],"69":[1,1],"70":[1,3],"71":[1,1],"72":[1,3],"73":[1,3]},"_coverageSchema":"1a1c01bbd47fc00a2c39e90264f33305004495a9","hash":"8a4c243dfac84745746971d7da191eb524769eaf"}
,"/Users/bibianapprd/Desktop/code/react-native-tappay-hook/src/oop/index.ts": {"path":"/Users/bibianapprd/Desktop/code/react-native-tappay-hook/src/oop/index.ts","statementMap":{},"fnMap":{},"branchMap":{},"s":{},"f":{},"b":{},"_coverageSchema":"1a1c01bbd47fc00a2c39e90264f33305004495a9","hash":"403e6b240d0409065918eb8ac512f425219fb725"}
,"/Users/bibianapprd/Desktop/code/react-native-tappay-hook/src/oop/instance.ts": {"path":"/Users/bibianapprd/Desktop/code/react-native-tappay-hook/src/oop/instance.ts","statementMap":{"0":{"start":{"line":3,"column":22},"end":{"line":3,"column":34}}},"fnMap":{},"branchMap":{},"s":{"0":3},"f":{},"b":{},"_coverageSchema":"1a1c01bbd47fc00a2c39e90264f33305004495a9","hash":"99469647303f261aeacbb800bbb93f1ced37aeaa"}
}
