TN:
SF:src/cacheStatus.ts
FN:16,getAppId
FN:19,setAppId
FN:22,getAppKey
FN:25,setAppKey
FN:28,getProd
FN:31,setProd
FN:35,getInitPromise
FN:38,setInitPromise
FN:42,getStatusDeviceId
FN:45,setStatusDeviceId
FN:49,getGooglePlayIsReady
FN:52,setGooglePlayIsReady
FN:56,getApplePlayIsReady
FN:59,setApplePlayIsReady
FN:63,getLinePlayIsReady
FN:66,setLinePlayIsReady
FN:70,getSamsungPayIsReady
FN:73,setSamsungPayIsReady
FN:77,getJkoPayIsReady
FN:80,setJkoPayIsReady
FN:84,getEasyWalletIsReady
FN:87,setEasyWalletIsReady
FN:91,getPiWalletIsReady
FN:94,setPiWalletIsReady
FN:98,getPlusPayIsReady
FN:101,setPlusPayIsReady
FN:105,getAtomeIsReady
FN:108,setAtomeIsReady
FNF:28
FNH:28
FNDA:45,getAppId
FNDA:336,setAppId
FNDA:27,getAppKey
FNDA:336,setAppKey
FNDA:71,getProd
FNDA:63,setProd
FNDA:284,getInitPromise
FNDA:164,setInitPromise
FNDA:36,getStatusDeviceId
FNDA:63,setStatusDeviceId
FNDA:8,getGooglePlayIsReady
FNDA:53,setGooglePlayIsReady
FNDA:7,getApplePlayIsReady
FNDA:53,setApplePlayIsReady
FNDA:15,getLinePlayIsReady
FNDA:53,setLinePlayIsReady
FNDA:9,getSamsungPayIsReady
FNDA:53,setSamsungPayIsReady
FNDA:21,getJkoPayIsReady
FNDA:53,setJkoPayIsReady
FNDA:21,getEasyWalletIsReady
FNDA:53,setEasyWalletIsReady
FNDA:20,getPiWalletIsReady
FNDA:53,setPiWalletIsReady
FNDA:20,getPlusPayIsReady
FNDA:53,setPlusPayIsReady
FNDA:20,getAtomeIsReady
FNDA:51,setAtomeIsReady
DA:1,10
DA:2,10
DA:3,10
DA:4,10
DA:5,10
DA:6,10
DA:7,10
DA:8,10
DA:9,10
DA:10,10
DA:11,10
DA:12,10
DA:13,10
DA:14,10
DA:17,45
DA:20,336
DA:23,27
DA:26,336
DA:29,71
DA:32,63
DA:36,284
DA:39,164
DA:43,36
DA:46,63
DA:50,8
DA:53,53
DA:57,7
DA:60,53
DA:64,15
DA:67,53
DA:71,9
DA:74,53
DA:78,21
DA:81,53
DA:85,21
DA:88,53
DA:92,20
DA:95,53
DA:99,20
DA:102,53
DA:106,20
DA:109,51
LF:42
LH:42
BRF:0
BRH:0
end_of_record
TN:
SF:src/fp/applePayInit.ts
FN:5,applePayInit
FNF:1
FNH:1
FNDA:5,applePayInit
DA:11,5
DA:12,1
DA:15,4
DA:21,4
DA:22,4
LF:5
LH:5
BRDA:11,0,0,1
BRDA:11,0,1,4
BRF:2
BRH:2
end_of_record
TN:
SF:src/fp/atomeInit.ts
FN:5,atomeInit
FNF:1
FNH:1
FNDA:5,atomeInit
DA:6,5
DA:7,1
DA:9,4
DA:12,4
DA:13,4
LF:5
LH:5
BRDA:6,0,0,1
BRDA:6,0,1,4
BRF:2
BRH:2
end_of_record
TN:
SF:src/fp/atomeRedirectWithUrl.ts
FN:5,atomeRedirectWithUrl
FNF:1
FNH:1
FNDA:3,atomeRedirectWithUrl
DA:6,3
DA:7,1
DA:9,2
DA:12,2
LF:4
LH:4
BRDA:6,0,0,1
BRDA:6,0,1,2
BRF:2
BRH:2
end_of_record
TN:
SF:src/fp/atomehandleUniversalLink.ts
FN:5,atomehandleUniversalLink
FNF:1
FNH:1
FNDA:3,atomehandleUniversalLink
DA:6,3
DA:7,1
DA:9,2
DA:12,2
LF:4
LH:4
BRDA:6,0,0,1
BRDA:6,0,1,2
BRF:2
BRH:2
end_of_record
TN:
SF:src/fp/easyWalletHandleUniversalLink.ts
FN:5,easyWalletHandleUniversalLink
FNF:1
FNH:1
FNDA:3,easyWalletHandleUniversalLink
DA:6,3
DA:7,1
DA:10,2
DA:11,2
LF:4
LH:4
BRDA:6,0,0,1
BRDA:6,0,1,2
BRF:2
BRH:2
end_of_record
TN:
SF:src/fp/easyWalletInit.ts
FN:5,easyWalletInit
FNF:1
FNH:1
FNDA:5,easyWalletInit
DA:6,5
DA:7,1
DA:9,4
DA:12,4
DA:13,4
LF:5
LH:5
BRDA:6,0,0,1
BRDA:6,0,1,4
BRF:2
BRH:2
end_of_record
TN:
SF:src/fp/easyWalletRedirectWithUrl.ts
FN:5,easyWalletRedirectWithUrl
FNF:1
FNH:1
FNDA:3,easyWalletRedirectWithUrl
DA:6,3
DA:7,1
DA:9,2
DA:12,2
LF:4
LH:4
BRDA:6,0,0,1
BRDA:6,0,1,2
BRF:2
BRH:2
end_of_record
TN:
SF:src/fp/getApplePayPrime.ts
FN:5,getApplePayPrime
FNF:1
FNH:1
FNDA:4,getApplePayPrime
DA:6,4
DA:7,1
DA:9,3
DA:10,1
DA:12,2
DA:13,1
DA:15,1
DA:16,1
LF:8
LH:8
BRDA:6,0,0,1
BRDA:6,0,1,3
BRDA:9,1,0,1
BRDA:9,1,1,2
BRDA:12,2,0,1
BRDA:12,2,1,1
BRF:6
BRH:6
end_of_record
TN:
SF:src/fp/getAtomePrime.ts
FN:5,getAtomePrime
FNF:1
FNH:1
FNDA:3,getAtomePrime
DA:6,3
DA:7,1
DA:9,2
DA:10,2
LF:4
LH:4
BRDA:6,0,0,1
BRDA:6,0,1,2
BRF:2
BRH:2
end_of_record
TN:
SF:src/fp/getDeviceId.ts
FN:9,getDeviceId
FNF:1
FNH:1
FNDA:14,getDeviceId
DA:10,14
DA:11,1
DA:13,13
DA:14,13
DA:15,4
DA:17,9
DA:18,9
DA:19,9
LF:8
LH:8
BRDA:10,0,0,1
BRDA:10,0,1,13
BRDA:14,1,0,4
BRDA:14,1,1,9
BRF:4
BRH:4
end_of_record
TN:
SF:src/fp/getDirectPayPrime.ts
FN:5,getDirectPayPrime
FNF:1
FNH:1
FNDA:3,getDirectPayPrime
DA:6,3
DA:7,1
DA:9,2
DA:12,2
LF:4
LH:4
BRDA:5,0,0,3
BRDA:6,1,0,1
BRDA:6,1,1,2
BRF:3
BRH:3
end_of_record
TN:
SF:src/fp/getEasyWalletPrime.ts
FN:5,getEasyWalletPrime
FNF:1
FNH:1
FNDA:3,getEasyWalletPrime
DA:6,3
DA:7,1
DA:9,2
DA:10,2
LF:4
LH:4
BRDA:6,0,0,1
BRDA:6,0,1,2
BRF:2
BRH:2
end_of_record
TN:
SF:src/fp/getGooglePayPrime.ts
FN:5,getGooglePayPrime
FNF:1
FNH:1
FNDA:4,getGooglePayPrime
DA:9,4
DA:10,1
DA:12,3
DA:13,1
DA:15,2
DA:16,1
DA:18,1
DA:22,1
LF:8
LH:8
BRDA:7,0,0,1
BRDA:9,1,0,1
BRDA:9,1,1,3
BRDA:12,2,0,1
BRDA:12,2,1,2
BRDA:15,3,0,1
BRDA:15,3,1,1
BRF:7
BRH:7
end_of_record
TN:
SF:src/fp/getJkoPayPrime.ts
FN:5,getJkoPayPrime
FNF:1
FNH:1
FNDA:3,getJkoPayPrime
DA:6,3
DA:7,1
DA:9,2
DA:10,2
LF:4
LH:4
BRDA:6,0,0,1
BRDA:6,0,1,2
BRF:2
BRH:2
end_of_record
TN:
SF:src/fp/getLinePayPrime.ts
FN:5,getLinePayPrime
FNF:1
FNH:1
FNDA:3,getLinePayPrime
DA:6,3
DA:7,1
DA:9,2
DA:10,2
LF:4
LH:4
BRDA:6,0,0,1
BRDA:6,0,1,2
BRF:2
BRH:2
end_of_record
TN:
SF:src/fp/getPiWalletPrime.ts
FN:5,getPiWalletPrime
FNF:1
FNH:1
FNDA:3,getPiWalletPrime
DA:6,3
DA:7,1
DA:9,2
DA:10,2
LF:4
LH:4
BRDA:6,0,0,1
BRDA:6,0,1,2
BRF:2
BRH:2
end_of_record
TN:
SF:src/fp/getPlusPayPrime.ts
FN:5,getPlusPayPrime
FNF:1
FNH:1
FNDA:3,getPlusPayPrime
DA:6,3
DA:7,1
DA:9,2
DA:10,2
LF:4
LH:4
BRDA:6,0,0,1
BRDA:6,0,1,2
BRF:2
BRH:2
end_of_record
TN:
SF:src/fp/getSamsungPayPrime.ts
FN:5,getSamsungPayPrime
FNF:1
FNH:1
FNDA:4,getSamsungPayPrime
DA:11,4
DA:12,1
DA:14,3
DA:15,2
DA:17,1
DA:23,1
LF:6
LH:6
BRDA:11,0,0,1
BRDA:11,0,1,3
BRDA:14,1,0,2
BRDA:14,1,1,1
BRF:4
BRH:4
end_of_record
TN:
SF:src/fp/googlePayInit.ts
FN:5,googlePayInit
FNF:1
FNH:1
FNDA:5,googlePayInit
DA:6,5
DA:7,1
DA:9,4
DA:12,4
DA:13,4
LF:5
LH:5
BRDA:6,0,0,1
BRDA:6,0,1,4
BRF:2
BRH:2
end_of_record
TN:
SF:src/fp/index.ts
FNF:0
FNH:0
LF:0
LH:0
BRF:0
BRH:0
end_of_record
TN:
SF:src/fp/isApplePayAvailable.ts
FN:5,isApplePayAvailable
FNF:1
FNH:1
FNDA:3,isApplePayAvailable
DA:6,3
DA:7,1
DA:9,2
LF:3
LH:3
BRDA:6,0,0,1
BRDA:6,0,1,2
BRF:2
BRH:2
end_of_record
TN:
SF:src/fp/isAtomeAvailable.ts
FN:5,isAtomeAvailable
FNF:1
FNH:1
FNDA:3,isAtomeAvailable
DA:6,3
DA:7,1
DA:9,2
DA:10,2
LF:4
LH:4
BRDA:6,0,0,1
BRDA:6,0,1,2
BRF:2
BRH:2
end_of_record
TN:
SF:src/fp/isEasyWalletAvailable.ts
FN:5,isEasyWalletAvailable
FNF:1
FNH:1
FNDA:3,isEasyWalletAvailable
DA:6,3
DA:7,1
DA:9,2
DA:11,2
LF:4
LH:4
BRDA:6,0,0,1
BRDA:6,0,1,2
BRF:2
BRH:2
end_of_record
TN:
SF:src/fp/isJkoPayAvailable.ts
FN:5,isJkoPayAvailable
FNF:1
FNH:1
FNDA:3,isJkoPayAvailable
DA:6,3
DA:7,1
DA:9,2
DA:10,2
LF:4
LH:4
BRDA:6,0,0,1
BRDA:6,0,1,2
BRF:2
BRH:2
end_of_record
TN:
SF:src/fp/isLinePayAvailable.ts
FN:5,isLinePayAvailable
FNF:1
FNH:1
FNDA:3,isLinePayAvailable
DA:6,3
DA:7,1
DA:9,2
DA:10,2
LF:4
LH:4
BRDA:6,0,0,1
BRDA:6,0,1,2
BRF:2
BRH:2
end_of_record
TN:
SF:src/fp/isPiWalletAvailable.ts
FN:5,isPiWalletAvailable
FNF:1
FNH:1
FNDA:3,isPiWalletAvailable
DA:6,3
DA:7,1
DA:9,2
DA:10,2
LF:4
LH:4
BRDA:6,0,0,1
BRDA:6,0,1,2
BRF:2
BRH:2
end_of_record
TN:
SF:src/fp/isPlusPayAvailable.ts
FN:5,isPlusPayAvailable
FNF:1
FNH:1
FNDA:3,isPlusPayAvailable
DA:6,3
DA:7,1
DA:9,2
DA:10,2
LF:4
LH:4
BRDA:6,0,0,1
BRDA:6,0,1,2
BRF:2
BRH:2
end_of_record
TN:
SF:src/fp/jkoPayHandleUniversalLink.ts
FN:5,jkoPayHandleUniversalLink
FNF:1
FNH:1
FNDA:3,jkoPayHandleUniversalLink
DA:6,3
DA:7,1
DA:9,2
DA:12,2
LF:4
LH:4
BRDA:6,0,0,1
BRDA:6,0,1,2
BRF:2
BRH:2
end_of_record
TN:
SF:src/fp/jkoPayInit.ts
FN:5,jkoPayInit
FNF:1
FNH:1
FNDA:5,jkoPayInit
DA:6,5
DA:7,1
DA:9,4
DA:12,4
DA:13,4
LF:5
LH:5
BRDA:6,0,0,1
BRDA:6,0,1,4
BRF:2
BRH:2
end_of_record
TN:
SF:src/fp/jkoPayRedirectWithUrl.ts
FN:5,jkoPayRedirectWithUrl
FNF:1
FNH:1
FNDA:3,jkoPayRedirectWithUrl
DA:6,3
DA:7,1
DA:9,2
DA:12,2
LF:4
LH:4
BRDA:6,0,0,1
BRDA:6,0,1,2
BRF:2
BRH:2
end_of_record
TN:
SF:src/fp/linePayHandleURL.ts
FN:5,linePayHandleURL
FNF:1
FNH:1
FNDA:3,linePayHandleURL
DA:6,3
DA:7,1
DA:10,2
LF:3
LH:3
BRDA:6,0,0,1
BRDA:6,0,1,2
BRF:2
BRH:2
end_of_record
TN:
SF:src/fp/linePayInit.ts
FN:5,linePayInit
FNF:1
FNH:1
FNDA:5,linePayInit
DA:6,5
DA:7,1
DA:10,4
DA:13,4
DA:14,4
LF:5
LH:5
BRDA:6,0,0,1
BRDA:6,0,1,4
BRF:2
BRH:2
end_of_record
TN:
SF:src/fp/linePayRedirectWithUrl.ts
FN:5,linePayRedirectWithUrl
FNF:1
FNH:1
FNDA:3,linePayRedirectWithUrl
DA:6,3
DA:7,1
DA:9,2
DA:12,2
LF:4
LH:4
BRDA:6,0,0,1
BRDA:6,0,1,2
BRF:2
BRH:2
end_of_record
TN:
SF:src/fp/piWalletHandleUniversalLink.ts
FN:5,piWalletHandleUniversalLink
FNF:1
FNH:1
FNDA:3,piWalletHandleUniversalLink
DA:6,3
DA:7,1
DA:10,2
DA:11,2
LF:4
LH:4
BRDA:6,0,0,1
BRDA:6,0,1,2
BRF:2
BRH:2
end_of_record
TN:
SF:src/fp/piWalletInit.ts
FN:5,piWalletInit
FNF:1
FNH:1
FNDA:5,piWalletInit
DA:6,5
DA:7,1
DA:9,4
DA:12,4
DA:13,4
LF:5
LH:5
BRDA:6,0,0,1
BRDA:6,0,1,4
BRF:2
BRH:2
end_of_record
TN:
SF:src/fp/piWalletRedirectWithUrl.ts
FN:5,piWalletRedirectWithUrl
FNF:1
FNH:1
FNDA:3,piWalletRedirectWithUrl
DA:6,3
DA:7,1
DA:9,2
DA:12,2
LF:4
LH:4
BRDA:6,0,0,1
BRDA:6,0,1,2
BRF:2
BRH:2
end_of_record
TN:
SF:src/fp/plusPayInit.ts
FN:5,plusPayInit
FNF:1
FNH:1
FNDA:5,plusPayInit
DA:6,5
DA:7,1
DA:9,4
DA:12,4
DA:13,4
LF:5
LH:5
BRDA:6,0,0,1
BRDA:6,0,1,4
BRF:2
BRH:2
end_of_record
TN:
SF:src/fp/plusPayRedirectWithUrl.ts
FN:5,plusPayRedirectWithUrl
FNF:1
FNH:1
FNDA:3,plusPayRedirectWithUrl
DA:6,3
DA:7,1
DA:9,2
DA:12,2
LF:4
LH:4
BRDA:6,0,0,1
BRDA:6,0,1,2
BRF:2
BRH:2
end_of_record
TN:
SF:src/fp/plusPayhandleUniversalLink.ts
FN:5,plusPayhandleUniversalLink
FNF:1
FNH:1
FNDA:3,plusPayhandleUniversalLink
DA:6,3
DA:7,1
DA:10,2
DA:11,2
LF:4
LH:4
BRDA:6,0,0,1
BRDA:6,0,1,2
BRF:2
BRH:2
end_of_record
TN:
SF:src/fp/samsungPayInit.ts
FN:5,samsungPayInit
FNF:1
FNH:1
FNDA:5,samsungPayInit
DA:11,5
DA:12,1
DA:14,4
DA:20,4
DA:21,4
LF:5
LH:5
BRDA:11,0,0,1
BRDA:11,0,1,4
BRF:2
BRH:2
end_of_record
TN:
SF:src/fp/setDirectPayTPDCard.ts
FN:5,setDirectPayTPDCard
FNF:1
FNH:1
FNDA:5,setDirectPayTPDCard
DA:11,5
DA:12,1
DA:14,4
DA:20,4
DA:22,4
LF:5
LH:5
BRDA:11,0,0,1
BRDA:11,0,1,4
BRDA:24,1,0,4
BRDA:24,1,1,4
BRDA:24,1,2,4
BRF:5
BRH:5
end_of_record
TN:
SF:src/fp/tappayInitialization.ts
FN:26,tappayInitialization
FN:35,(anonymous_1)
FNF:2
FNH:2
FNDA:32,tappayInitialization
FNDA:10,(anonymous_1)
DA:31,32
DA:32,22
DA:34,10
DA:36,10
DA:37,10
DA:38,10
DA:39,9
DA:40,9
DA:41,9
DA:42,9
DA:43,9
DA:44,9
DA:45,9
DA:46,9
DA:47,9
DA:48,9
DA:49,9
DA:50,9
DA:51,9
DA:53,1
DA:54,1
DA:55,1
DA:57,1
DA:61,10
LF:24
LH:24
BRDA:31,0,0,22
BRDA:31,0,1,10
BRDA:31,1,0,32
BRDA:31,1,1,22
BRDA:31,1,2,22
BRF:5
BRH:5
end_of_record
TN:
SF:src/hooks/index.ts
FNF:0
FNH:0
LF:0
LH:0
BRF:0
BRH:0
end_of_record
TN:
SF:src/hooks/useSetDirectPayTPDCard.ts
FN:22,useSetDirectPayTPDCard
FN:30,(anonymous_1)
FN:31,(anonymous_2)
FNF:3
FNH:3
FNDA:5,useSetDirectPayTPDCard
FNDA:3,(anonymous_1)
FNDA:3,(anonymous_2)
DA:14,3
DA:28,5
DA:30,5
DA:31,3
DA:32,3
DA:33,3
DA:34,3
DA:35,1
DA:37,2
DA:38,2
DA:50,2
DA:52,2
DA:60,1
DA:61,1
DA:66,5
LF:15
LH:15
BRDA:23,0,0,2
BRDA:24,1,0,2
BRDA:25,2,0,2
BRDA:26,3,0,2
BRDA:34,4,0,1
BRDA:34,4,1,2
BRF:6
BRH:6
end_of_record
TN:
SF:src/hooks/useTPDApplePay.ts
FN:6,useTPDApplePay
FN:14,(anonymous_1)
FN:15,(anonymous_2)
FNF:3
FNH:3
FNDA:4,useTPDApplePay
FNDA:3,(anonymous_1)
FNDA:3,(anonymous_2)
DA:12,4
DA:14,4
DA:15,3
DA:16,3
DA:17,3
DA:18,3
DA:19,1
DA:21,2
DA:22,2
DA:29,2
DA:31,1
DA:32,1
DA:37,4
LF:13
LH:13
BRDA:18,0,0,1
BRDA:18,0,1,2
BRF:2
BRH:2
end_of_record
TN:
SF:src/hooks/useTPDAtome.ts
FN:6,useTPDAtome
FN:9,(anonymous_1)
FN:10,(anonymous_2)
FNF:3
FNH:3
FNDA:5,useTPDAtome
FNDA:3,(anonymous_1)
FNDA:3,(anonymous_2)
DA:7,5
DA:9,5
DA:10,3
DA:11,3
DA:12,3
DA:13,3
DA:14,1
DA:16,2
DA:17,2
DA:21,2
DA:23,1
DA:24,1
DA:29,5
LF:13
LH:13
BRDA:13,0,0,1
BRDA:13,0,1,2
BRF:2
BRH:2
end_of_record
TN:
SF:src/hooks/useTPDEasyWallet.ts
FN:6,useTPDEasyWallet
FN:9,(anonymous_1)
FN:10,(anonymous_2)
FNF:3
FNH:3
FNDA:5,useTPDEasyWallet
FNDA:3,(anonymous_1)
FNDA:3,(anonymous_2)
DA:7,5
DA:9,5
DA:10,3
DA:11,3
DA:12,3
DA:13,3
DA:14,1
DA:16,2
DA:17,2
DA:21,2
DA:23,1
DA:24,1
DA:29,5
LF:13
LH:13
BRDA:13,0,0,1
BRDA:13,0,1,2
BRF:2
BRH:2
end_of_record
TN:
SF:src/hooks/useTPDGetDeviceId.ts
FN:6,useTPDGetDeviceId
FN:8,(anonymous_1)
FN:9,(anonymous_2)
FNF:3
FNH:3
FNDA:3,useTPDGetDeviceId
FNDA:3,(anonymous_1)
FNDA:3,(anonymous_2)
DA:7,3
DA:8,3
DA:9,3
DA:10,3
DA:11,3
DA:12,3
DA:13,1
DA:15,2
DA:16,2
DA:17,2
DA:19,1
DA:20,1
DA:25,3
LF:13
LH:13
BRDA:12,0,0,1
BRDA:12,0,1,2
BRF:2
BRH:2
end_of_record
TN:
SF:src/hooks/useTPDGooglePay.ts
FN:6,useTPDGooglePay
FN:10,(anonymous_1)
FN:11,(anonymous_2)
FNF:3
FNH:3
FNDA:5,useTPDGooglePay
FNDA:3,(anonymous_1)
FNDA:3,(anonymous_2)
DA:7,5
DA:8,5
DA:10,5
DA:11,3
DA:12,3
DA:13,3
DA:14,3
DA:15,1
DA:17,2
DA:18,2
DA:22,2
DA:23,2
DA:25,1
DA:26,1
DA:31,5
LF:15
LH:15
BRDA:14,0,0,1
BRDA:14,0,1,2
BRF:2
BRH:2
end_of_record
TN:
SF:src/hooks/useTPDJkoPay.ts
FN:6,useTPDJkoPay
FN:9,(anonymous_1)
FN:10,(anonymous_2)
FNF:3
FNH:3
FNDA:5,useTPDJkoPay
FNDA:3,(anonymous_1)
FNDA:3,(anonymous_2)
DA:7,5
DA:9,5
DA:10,3
DA:11,3
DA:12,3
DA:13,3
DA:14,1
DA:16,2
DA:17,2
DA:21,2
DA:23,1
DA:24,1
DA:29,5
LF:13
LH:13
BRDA:13,0,0,1
BRDA:13,0,1,2
BRF:2
BRH:2
end_of_record
TN:
SF:src/hooks/useTPDLinePay.ts
FN:6,useTPDLinePay
FN:9,(anonymous_1)
FN:10,(anonymous_2)
FNF:3
FNH:3
FNDA:5,useTPDLinePay
FNDA:3,(anonymous_1)
FNDA:3,(anonymous_2)
DA:7,5
DA:9,5
DA:10,3
DA:11,3
DA:12,3
DA:13,3
DA:14,1
DA:16,2
DA:17,2
DA:21,2
DA:23,1
DA:24,1
DA:29,5
LF:13
LH:13
BRDA:13,0,0,1
BRDA:13,0,1,2
BRF:2
BRH:2
end_of_record
TN:
SF:src/hooks/useTPDPiWallet.ts
FN:6,useTPDPiWallet
FN:9,(anonymous_1)
FN:10,(anonymous_2)
FNF:3
FNH:3
FNDA:5,useTPDPiWallet
FNDA:3,(anonymous_1)
FNDA:3,(anonymous_2)
DA:7,5
DA:9,5
DA:10,3
DA:11,3
DA:12,3
DA:13,3
DA:14,1
DA:16,2
DA:17,2
DA:21,2
DA:23,1
DA:24,1
DA:29,5
LF:13
LH:13
BRDA:13,0,0,1
BRDA:13,0,1,2
BRF:2
BRH:2
end_of_record
TN:
SF:src/hooks/useTPDPlusPay.ts
FN:6,useTPDPlusPay
FN:9,(anonymous_1)
FN:10,(anonymous_2)
FNF:3
FNH:3
FNDA:5,useTPDPlusPay
FNDA:3,(anonymous_1)
FNDA:3,(anonymous_2)
DA:7,5
DA:9,5
DA:10,3
DA:11,3
DA:12,3
DA:13,3
DA:14,1
DA:16,2
DA:17,2
DA:21,2
DA:23,1
DA:24,1
DA:29,5
LF:13
LH:13
BRDA:13,0,0,1
BRDA:13,0,1,2
BRF:2
BRH:2
end_of_record
TN:
SF:src/hooks/useTPDSamsungPay.ts
FN:6,useTPDSamsungPay
FN:14,(anonymous_1)
FN:15,(anonymous_2)
FNF:3
FNH:3
FNDA:4,useTPDSamsungPay
FNDA:3,(anonymous_1)
FNDA:3,(anonymous_2)
DA:12,4
DA:14,4
DA:15,3
DA:16,3
DA:17,3
DA:18,3
DA:19,1
DA:21,2
DA:22,2
DA:29,2
DA:31,1
DA:32,1
DA:37,4
LF:13
LH:13
BRDA:18,0,0,1
BRDA:18,0,1,2
BRF:2
BRH:2
end_of_record
TN:
SF:src/oop/constructor.ts
FN:35,(anonymous_0)
FN:38,(anonymous_1)
FN:41,(anonymous_2)
FN:44,(anonymous_3)
FN:47,(anonymous_4)
FN:50,(anonymous_5)
FN:54,(anonymous_6)
FN:57,(anonymous_7)
FN:61,(anonymous_8)
FN:64,(anonymous_9)
FN:68,(anonymous_10)
FN:71,(anonymous_11)
FN:75,(anonymous_12)
FN:78,(anonymous_13)
FN:82,(anonymous_14)
FN:85,(anonymous_15)
FN:89,(anonymous_16)
FN:92,(anonymous_17)
FN:96,(anonymous_18)
FN:99,(anonymous_19)
FN:103,(anonymous_20)
FN:106,(anonymous_21)
FN:110,(anonymous_22)
FN:113,(anonymous_23)
FN:117,(anonymous_24)
FN:120,(anonymous_25)
FN:124,(anonymous_26)
FN:127,(anonymous_27)
FN:131,(anonymous_28)
FN:135,(anonymous_29)
FN:162,(anonymous_30)
FN:174,(anonymous_31)
FN:199,(anonymous_32)
FN:209,(anonymous_33)
FN:220,(anonymous_34)
FN:237,(anonymous_35)
FN:244,(anonymous_36)
FN:264,(anonymous_37)
FN:280,(anonymous_38)
FN:288,(anonymous_39)
FN:296,(anonymous_40)
FN:308,(anonymous_41)
FN:316,(anonymous_42)
FN:326,(anonymous_43)
FN:345,(anonymous_44)
FN:366,(anonymous_45)
FN:374,(anonymous_46)
FN:385,(anonymous_47)
FN:393,(anonymous_48)
FN:403,(anonymous_49)
FN:412,(anonymous_50)
FN:420,(anonymous_51)
FN:431,(anonymous_52)
FN:439,(anonymous_53)
FN:450,(anonymous_54)
FN:459,(anonymous_55)
FN:467,(anonymous_56)
FN:478,(anonymous_57)
FN:486,(anonymous_58)
FN:496,(anonymous_59)
FN:505,(anonymous_60)
FN:513,(anonymous_61)
FN:524,(anonymous_62)
FN:532,(anonymous_63)
FN:542,(anonymous_64)
FN:551,(anonymous_65)
FN:559,(anonymous_66)
FN:570,(anonymous_67)
FN:578,(anonymous_68)
FN:588,(anonymous_69)
FN:597,(anonymous_70)
FN:618,(anonymous_71)
FN:633,(anonymous_72)
FN:658,(anonymous_73)
FN:673,(anonymous_74)
FN:698,(anonymous_75)
FN:713,(anonymous_76)
FN:730,(anonymous_77)
FN:747,(anonymous_78)
FNF:79
FNH:79
FNDA:11,(anonymous_0)
FNDA:7,(anonymous_1)
FNDA:3,(anonymous_2)
FNDA:7,(anonymous_3)
FNDA:38,(anonymous_4)
FNDA:7,(anonymous_5)
FNDA:106,(anonymous_6)
FNDA:9,(anonymous_7)
FNDA:12,(anonymous_8)
FNDA:15,(anonymous_9)
FNDA:4,(anonymous_10)
FNDA:11,(anonymous_11)
FNDA:3,(anonymous_12)
FNDA:11,(anonymous_13)
FNDA:7,(anonymous_14)
FNDA:11,(anonymous_15)
FNDA:4,(anonymous_16)
FNDA:11,(anonymous_17)
FNDA:10,(anonymous_18)
FNDA:11,(anonymous_19)
FNDA:10,(anonymous_20)
FNDA:11,(anonymous_21)
FNDA:9,(anonymous_22)
FNDA:11,(anonymous_23)
FNDA:9,(anonymous_24)
FNDA:11,(anonymous_25)
FNDA:9,(anonymous_26)
FNDA:9,(anonymous_27)
FNDA:10,(anonymous_28)
FNDA:8,(anonymous_29)
FNDA:10,(anonymous_30)
FNDA:5,(anonymous_31)
FNDA:4,(anonymous_32)
FNDA:6,(anonymous_33)
FNDA:5,(anonymous_34)
FNDA:3,(anonymous_35)
FNDA:6,(anonymous_36)
FNDA:5,(anonymous_37)
FNDA:3,(anonymous_38)
FNDA:3,(anonymous_39)
FNDA:6,(anonymous_40)
FNDA:4,(anonymous_41)
FNDA:3,(anonymous_42)
FNDA:6,(anonymous_43)
FNDA:5,(anonymous_44)
FNDA:3,(anonymous_45)
FNDA:6,(anonymous_46)
FNDA:4,(anonymous_47)
FNDA:3,(anonymous_48)
FNDA:3,(anonymous_49)
FNDA:3,(anonymous_50)
FNDA:6,(anonymous_51)
FNDA:4,(anonymous_52)
FNDA:3,(anonymous_53)
FNDA:3,(anonymous_54)
FNDA:3,(anonymous_55)
FNDA:6,(anonymous_56)
FNDA:3,(anonymous_57)
FNDA:3,(anonymous_58)
FNDA:3,(anonymous_59)
FNDA:3,(anonymous_60)
FNDA:6,(anonymous_61)
FNDA:3,(anonymous_62)
FNDA:3,(anonymous_63)
FNDA:3,(anonymous_64)
FNDA:3,(anonymous_65)
FNDA:3,(anonymous_66)
FNDA:3,(anonymous_67)
FNDA:3,(anonymous_68)
FNDA:3,(anonymous_69)
FNDA:3,(anonymous_70)
FNDA:4,(anonymous_71)
FNDA:4,(anonymous_72)
FNDA:4,(anonymous_73)
FNDA:4,(anonymous_74)
FNDA:4,(anonymous_75)
FNDA:4,(anonymous_76)
FNDA:4,(anonymous_77)
FNDA:4,(anonymous_78)
DA:36,11
DA:39,7
DA:42,3
DA:45,7
DA:48,38
DA:51,7
DA:55,106
DA:58,9
DA:62,12
DA:65,15
DA:69,4
DA:72,11
DA:76,3
DA:79,11
DA:83,7
DA:86,11
DA:90,4
DA:93,11
DA:97,10
DA:100,11
DA:104,10
DA:107,11
DA:111,9
DA:114,11
DA:118,9
DA:121,11
DA:125,9
DA:128,9
DA:132,10
DA:133,2
DA:135,8
DA:136,8
DA:137,8
DA:138,8
DA:139,7
DA:140,7
DA:141,7
DA:142,7
DA:143,7
DA:144,7
DA:145,7
DA:146,7
DA:147,7
DA:148,7
DA:149,7
DA:150,7
DA:151,7
DA:153,1
DA:154,1
DA:155,1
DA:159,8
DA:163,10
DA:164,1
DA:166,9
DA:167,2
DA:169,7
DA:170,7
DA:171,7
DA:180,5
DA:181,2
DA:183,3
DA:191,3
DA:193,3
DA:200,4
DA:201,1
DA:203,3
DA:206,3
DA:210,6
DA:211,2
DA:213,4
DA:216,4
DA:217,4
DA:224,5
DA:225,1
DA:227,4
DA:228,2
DA:230,2
DA:234,2
DA:238,3
DA:239,1
DA:241,2
DA:250,6
DA:251,2
DA:254,4
DA:260,4
DA:261,4
DA:265,5
DA:266,1
DA:268,4
DA:269,1
DA:271,3
DA:272,1
DA:274,2
DA:277,2
DA:281,3
DA:282,1
DA:285,2
DA:289,3
DA:290,1
DA:292,2
DA:293,2
DA:297,6
DA:298,2
DA:301,4
DA:304,4
DA:305,4
DA:309,4
DA:310,1
DA:312,3
DA:313,3
DA:317,3
DA:318,1
DA:320,2
DA:323,2
DA:332,6
DA:333,2
DA:335,4
DA:341,4
DA:342,4
DA:351,5
DA:352,1
DA:354,4
DA:355,2
DA:357,2
DA:363,2
DA:367,3
DA:368,1
DA:370,2
DA:371,2
DA:375,6
DA:376,2
DA:378,4
DA:381,4
DA:382,4
DA:386,4
DA:387,1
DA:389,3
DA:390,3
DA:394,3
DA:395,1
DA:397,2
DA:400,2
DA:404,3
DA:405,1
DA:408,2
DA:409,2
DA:413,3
DA:414,1
DA:416,2
DA:417,2
DA:421,6
DA:422,2
DA:424,4
DA:427,4
DA:428,4
DA:432,4
DA:433,1
DA:435,3
DA:436,3
DA:440,3
DA:441,1
DA:444,2
DA:447,2
DA:451,3
DA:452,1
DA:455,2
DA:456,2
DA:460,3
DA:461,1
DA:463,2
DA:464,2
DA:468,6
DA:469,2
DA:471,4
DA:474,4
DA:475,4
DA:479,3
DA:480,1
DA:482,2
DA:483,2
DA:487,3
DA:488,1
DA:490,2
DA:493,2
DA:497,3
DA:498,1
DA:501,2
DA:502,2
DA:506,3
DA:507,1
DA:509,2
DA:510,2
DA:514,6
DA:515,2
DA:517,4
DA:520,4
DA:521,4
DA:525,3
DA:526,1
DA:528,2
DA:529,2
DA:533,3
DA:534,1
DA:536,2
DA:539,2
DA:543,3
DA:544,1
DA:547,2
DA:548,2
DA:552,3
DA:553,1
DA:555,2
DA:556,2
DA:560,3
DA:561,1
DA:563,2
DA:566,2
DA:567,2
DA:571,3
DA:572,1
DA:574,2
DA:575,2
DA:579,3
DA:580,1
DA:582,2
DA:585,2
DA:589,3
DA:590,1
DA:593,2
DA:594,2
DA:598,3
DA:599,3
DA:600,1
DA:602,2
DA:608,1
DA:610,1
DA:611,1
DA:612,1
DA:614,1
DA:619,4
DA:620,4
DA:621,1
DA:623,3
DA:624,2
DA:625,1
DA:626,1
DA:629,1
DA:639,4
DA:640,4
DA:641,1
DA:643,3
DA:649,2
DA:650,1
DA:651,1
DA:654,1
DA:659,4
DA:660,4
DA:661,1
DA:663,3
DA:664,2
DA:665,1
DA:666,1
DA:669,1
DA:679,4
DA:680,4
DA:681,1
DA:683,3
DA:689,2
DA:690,1
DA:691,1
DA:694,1
DA:699,4
DA:700,4
DA:701,1
DA:703,3
DA:704,2
DA:705,1
DA:706,1
DA:709,1
DA:714,4
DA:715,4
DA:716,1
DA:718,3
DA:721,2
DA:722,1
DA:723,1
DA:726,1
DA:731,4
DA:732,4
DA:733,1
DA:736,3
DA:743,1
DA:748,4
DA:749,4
DA:750,1
DA:753,3
DA:760,1
LF:297
LH:297
BRDA:69,0,0,4
BRDA:69,0,1,2
BRDA:76,1,0,3
BRDA:76,1,1,1
BRDA:83,2,0,7
BRDA:83,2,1,2
BRDA:90,3,0,4
BRDA:90,3,1,2
BRDA:97,4,0,10
BRDA:97,4,1,3
BRDA:104,5,0,10
BRDA:104,5,1,3
BRDA:111,6,0,9
BRDA:111,6,1,3
BRDA:118,7,0,9
BRDA:118,7,1,3
BRDA:125,8,0,9
BRDA:125,8,1,3
BRDA:132,9,0,2
BRDA:132,9,1,8
BRDA:132,10,0,10
BRDA:132,10,1,2
BRDA:132,10,2,2
BRDA:163,11,0,1
BRDA:163,11,1,9
BRDA:166,12,0,2
BRDA:166,12,1,7
BRDA:180,13,0,2
BRDA:180,13,1,3
BRDA:195,14,0,3
BRDA:195,14,1,3
BRDA:195,14,2,3
BRDA:199,15,0,4
BRDA:200,16,0,1
BRDA:200,16,1,3
BRDA:210,17,0,2
BRDA:210,17,1,4
BRDA:222,18,0,1
BRDA:224,19,0,1
BRDA:224,19,1,4
BRDA:227,20,0,2
BRDA:227,20,1,2
BRDA:238,21,0,1
BRDA:238,21,1,2
BRDA:250,22,0,2
BRDA:250,22,1,4
BRDA:265,23,0,1
BRDA:265,23,1,4
BRDA:268,24,0,1
BRDA:268,24,1,3
BRDA:271,25,0,1
BRDA:271,25,1,2
BRDA:281,26,0,1
BRDA:281,26,1,2
BRDA:289,27,0,1
BRDA:289,27,1,2
BRDA:297,28,0,2
BRDA:297,28,1,4
BRDA:309,29,0,1
BRDA:309,29,1,3
BRDA:317,30,0,1
BRDA:317,30,1,2
BRDA:332,31,0,2
BRDA:332,31,1,4
BRDA:351,32,0,1
BRDA:351,32,1,4
BRDA:354,33,0,2
BRDA:354,33,1,2
BRDA:367,34,0,1
BRDA:367,34,1,2
BRDA:375,35,0,2
BRDA:375,35,1,4
BRDA:386,36,0,1
BRDA:386,36,1,3
BRDA:394,37,0,1
BRDA:394,37,1,2
BRDA:404,38,0,1
BRDA:404,38,1,2
BRDA:413,39,0,1
BRDA:413,39,1,2
BRDA:421,40,0,2
BRDA:421,40,1,4
BRDA:432,41,0,1
BRDA:432,41,1,3
BRDA:440,42,0,1
BRDA:440,42,1,2
BRDA:451,43,0,1
BRDA:451,43,1,2
BRDA:460,44,0,1
BRDA:460,44,1,2
BRDA:468,45,0,2
BRDA:468,45,1,4
BRDA:479,46,0,1
BRDA:479,46,1,2
BRDA:487,47,0,1
BRDA:487,47,1,2
BRDA:497,48,0,1
BRDA:497,48,1,2
BRDA:506,49,0,1
BRDA:506,49,1,2
BRDA:514,50,0,2
BRDA:514,50,1,4
BRDA:525,51,0,1
BRDA:525,51,1,2
BRDA:533,52,0,1
BRDA:533,52,1,2
BRDA:543,53,0,1
BRDA:543,53,1,2
BRDA:552,54,0,1
BRDA:552,54,1,2
BRDA:560,55,0,1
BRDA:560,55,1,2
BRDA:571,56,0,1
BRDA:571,56,1,2
BRDA:579,57,0,1
BRDA:579,57,1,2
BRDA:589,58,0,1
BRDA:589,58,1,2
BRDA:599,59,0,1
BRDA:599,59,1,2
BRDA:620,60,0,1
BRDA:620,60,1,3
BRDA:624,61,0,1
BRDA:624,61,1,1
BRDA:640,62,0,1
BRDA:640,62,1,3
BRDA:649,63,0,1
BRDA:649,63,1,1
BRDA:660,64,0,1
BRDA:660,64,1,3
BRDA:664,65,0,1
BRDA:664,65,1,1
BRDA:680,66,0,1
BRDA:680,66,1,3
BRDA:689,67,0,1
BRDA:689,67,1,1
BRDA:700,68,0,1
BRDA:700,68,1,3
BRDA:704,69,0,1
BRDA:704,69,1,1
BRDA:715,70,0,1
BRDA:715,70,1,3
BRDA:721,71,0,1
BRDA:721,71,1,1
BRDA:732,72,0,1
BRDA:732,72,1,3
BRDA:749,73,0,1
BRDA:749,73,1,3
BRF:148
BRH:148
end_of_record
TN:
SF:src/oop/index.ts
FNF:0
FNH:0
LF:0
LH:0
BRF:0
BRH:0
end_of_record
TN:
SF:src/oop/instance.ts
FNF:0
FNH:0
DA:3,3
LF:1
LH:1
BRF:0
BRH:0
end_of_record
