TN:
SF:src/cacheStatus.ts
FN:16,getAppId
FN:19,setAppId
FN:22,getAppKey
FN:25,setAppKey
FN:28,getProd
FN:31,setProd
FN:35,getInitPromise
FN:38,setInitPromise
FN:42,getStatusDeviceId
FN:45,setStatusDeviceId
FN:49,getGooglePlayIsReady
FN:52,setGooglePlayIsReady
FN:56,getApplePlayIsReady
FN:59,setApplePlayIsReady
FN:63,getLinePlayIsReady
FN:66,setLinePlayIsReady
FN:70,getSamsungPayIsReady
FN:73,setSamsungPayIsReady
FN:77,getJkoPayIsReady
FN:80,setJkoPayIsReady
FN:84,getEasyWalletIsReady
FN:87,setEasyWalletIsReady
FN:91,getPiWalletIsReady
FN:94,setPiWalletIsReady
FN:98,getPlusPayIsReady
FN:101,setPlusPayIsReady
FN:105,getAtomeIsReady
FN:108,setAtomeIsReady
FNF:28
FNH:28
FNDA:3,getAppId
FNDA:362,setAppId
FNDA:3,getAppKey
FNDA:362,setAppKey
FNDA:47,getProd
FNDA:87,setProd
FNDA:310,getInitPromise
FNDA:194,setInitPromise
FNDA:82,getStatusDeviceId
FNDA:113,setStatusDeviceId
FNDA:8,getGooglePlayIsReady
FNDA:77,setGooglePlayIsReady
FNDA:7,getApplePlayIsReady
FNDA:77,setApplePlayIsReady
FNDA:15,getLinePlayIsReady
FNDA:77,setLinePlayIsReady
FNDA:9,getSamsungPayIsReady
FNDA:77,setSamsungPayIsReady
FNDA:21,getJkoPayIsReady
FNDA:77,setJkoPayIsReady
FNDA:21,getEasyWalletIsReady
FNDA:77,setEasyWalletIsReady
FNDA:20,getPiWalletIsReady
FNDA:77,setPiWalletIsReady
FNDA:20,getPlusPayIsReady
FNDA:77,setPlusPayIsReady
FNDA:20,getAtomeIsReady
FNDA:75,setAtomeIsReady
DA:1,10
DA:2,10
DA:3,10
DA:4,10
DA:5,10
DA:6,10
DA:7,10
DA:8,10
DA:9,10
DA:10,10
DA:11,10
DA:12,10
DA:13,10
DA:14,10
DA:17,3
DA:20,362
DA:23,3
DA:26,362
DA:29,47
DA:32,87
DA:36,310
DA:39,194
DA:43,82
DA:46,113
DA:50,8
DA:53,77
DA:57,7
DA:60,77
DA:64,15
DA:67,77
DA:71,9
DA:74,77
DA:78,21
DA:81,77
DA:85,21
DA:88,77
DA:92,20
DA:95,77
DA:99,20
DA:102,77
DA:106,20
DA:109,75
LF:42
LH:42
BRF:0
BRH:0
end_of_record
TN:
SF:src/fp/applePayInit.ts
FN:5,applePayInit
FNF:1
FNH:1
FNDA:5,applePayInit
DA:11,5
DA:12,1
DA:15,4
DA:21,4
DA:22,4
LF:5
LH:5
BRDA:11,0,0,1
BRDA:11,0,1,4
BRF:2
BRH:2
end_of_record
TN:
SF:src/fp/atomeInit.ts
FN:5,atomeInit
FNF:1
FNH:1
FNDA:5,atomeInit
DA:6,5
DA:7,1
DA:9,4
DA:12,4
DA:13,4
LF:5
LH:5
BRDA:6,0,0,1
BRDA:6,0,1,4
BRF:2
BRH:2
end_of_record
TN:
SF:src/fp/atomeRedirectWithUrl.ts
FN:5,atomeRedirectWithUrl
FNF:1
FNH:1
FNDA:3,atomeRedirectWithUrl
DA:6,3
DA:7,1
DA:9,2
DA:12,2
LF:4
LH:4
BRDA:6,0,0,1
BRDA:6,0,1,2
BRF:2
BRH:2
end_of_record
TN:
SF:src/fp/atomehandleUniversalLink.ts
FN:5,atomehandleUniversalLink
FNF:1
FNH:1
FNDA:3,atomehandleUniversalLink
DA:6,3
DA:7,1
DA:9,2
DA:12,2
LF:4
LH:4
BRDA:6,0,0,1
BRDA:6,0,1,2
BRF:2
BRH:2
end_of_record
TN:
SF:src/fp/easyWalletHandleUniversalLink.ts
FN:5,easyWalletHandleUniversalLink
FNF:1
FNH:1
FNDA:3,easyWalletHandleUniversalLink
DA:6,3
DA:7,1
DA:10,2
DA:11,2
LF:4
LH:4
BRDA:6,0,0,1
BRDA:6,0,1,2
BRF:2
BRH:2
end_of_record
TN:
SF:src/fp/easyWalletInit.ts
FN:5,easyWalletInit
FNF:1
FNH:1
FNDA:5,easyWalletInit
DA:6,5
DA:7,1
DA:9,4
DA:12,4
DA:13,4
LF:5
LH:5
BRDA:6,0,0,1
BRDA:6,0,1,4
BRF:2
BRH:2
end_of_record
TN:
SF:src/fp/easyWalletRedirectWithUrl.ts
FN:5,easyWalletRedirectWithUrl
FNF:1
FNH:1
FNDA:3,easyWalletRedirectWithUrl
DA:6,3
DA:7,1
DA:9,2
DA:12,2
LF:4
LH:4
BRDA:6,0,0,1
BRDA:6,0,1,2
BRF:2
BRH:2
end_of_record
TN:
SF:src/fp/getApplePayPrime.ts
FN:5,getApplePayPrime
FNF:1
FNH:1
FNDA:4,getApplePayPrime
DA:6,4
DA:7,1
DA:9,3
DA:10,1
DA:12,2
DA:13,1
DA:15,1
DA:16,1
LF:8
LH:8
BRDA:6,0,0,1
BRDA:6,0,1,3
BRDA:9,1,0,1
BRDA:9,1,1,2
BRDA:12,2,0,1
BRDA:12,2,1,1
BRF:6
BRH:6
end_of_record
TN:
SF:src/fp/getAtomePrime.ts
FN:5,getAtomePrime
FNF:1
FNH:1
FNDA:3,getAtomePrime
DA:6,3
DA:7,1
DA:9,2
DA:10,2
LF:4
LH:4
BRDA:6,0,0,1
BRDA:6,0,1,2
BRF:2
BRH:2
end_of_record
TN:
SF:src/fp/getDeviceId.ts
FN:9,getDeviceId
FNF:1
FNH:1
FNDA:36,getDeviceId
DA:10,36
DA:11,1
DA:13,35
DA:14,35
DA:15,4
DA:17,31
DA:18,31
DA:19,31
LF:8
LH:8
BRDA:10,0,0,1
BRDA:10,0,1,35
BRDA:14,1,0,4
BRDA:14,1,1,31
BRF:4
BRH:4
end_of_record
TN:
SF:src/fp/getDirectPayPrime.ts
FN:5,getDirectPayPrime
FNF:1
FNH:1
FNDA:3,getDirectPayPrime
DA:6,3
DA:7,1
DA:9,2
DA:12,2
LF:4
LH:4
BRDA:5,0,0,3
BRDA:6,1,0,1
BRDA:6,1,1,2
BRF:3
BRH:3
end_of_record
TN:
SF:src/fp/getEasyWalletPrime.ts
FN:5,getEasyWalletPrime
FNF:1
FNH:1
FNDA:3,getEasyWalletPrime
DA:6,3
DA:7,1
DA:9,2
DA:10,2
LF:4
LH:4
BRDA:6,0,0,1
BRDA:6,0,1,2
BRF:2
BRH:2
end_of_record
TN:
SF:src/fp/getGooglePayPrime.ts
FN:5,getGooglePayPrime
FNF:1
FNH:1
FNDA:4,getGooglePayPrime
DA:9,4
DA:10,1
DA:12,3
DA:13,1
DA:15,2
DA:16,1
DA:18,1
DA:22,1
LF:8
LH:8
BRDA:7,0,0,1
BRDA:9,1,0,1
BRDA:9,1,1,3
BRDA:12,2,0,1
BRDA:12,2,1,2
BRDA:15,3,0,1
BRDA:15,3,1,1
BRF:7
BRH:7
end_of_record
TN:
SF:src/fp/getJkoPayPrime.ts
FN:5,getJkoPayPrime
FNF:1
FNH:1
FNDA:3,getJkoPayPrime
DA:6,3
DA:7,1
DA:9,2
DA:10,2
LF:4
LH:4
BRDA:6,0,0,1
BRDA:6,0,1,2
BRF:2
BRH:2
end_of_record
TN:
SF:src/fp/getLinePayPrime.ts
FN:5,getLinePayPrime
FNF:1
FNH:1
FNDA:3,getLinePayPrime
DA:6,3
DA:7,1
DA:9,2
DA:10,2
LF:4
LH:4
BRDA:6,0,0,1
BRDA:6,0,1,2
BRF:2
BRH:2
end_of_record
TN:
SF:src/fp/getPiWalletPrime.ts
FN:5,getPiWalletPrime
FNF:1
FNH:1
FNDA:3,getPiWalletPrime
DA:6,3
DA:7,1
DA:9,2
DA:10,2
LF:4
LH:4
BRDA:6,0,0,1
BRDA:6,0,1,2
BRF:2
BRH:2
end_of_record
TN:
SF:src/fp/getPlusPayPrime.ts
FN:5,getPlusPayPrime
FNF:1
FNH:1
FNDA:3,getPlusPayPrime
DA:6,3
DA:7,1
DA:9,2
DA:10,2
LF:4
LH:4
BRDA:6,0,0,1
BRDA:6,0,1,2
BRF:2
BRH:2
end_of_record
TN:
SF:src/fp/getSamsungPayPrime.ts
FN:5,getSamsungPayPrime
FNF:1
FNH:1
FNDA:4,getSamsungPayPrime
DA:11,4
DA:12,1
DA:14,3
DA:15,2
DA:17,1
DA:23,1
LF:6
LH:6
BRDA:11,0,0,1
BRDA:11,0,1,3
BRDA:14,1,0,2
BRDA:14,1,1,1
BRF:4
BRH:4
end_of_record
TN:
SF:src/fp/googlePayInit.ts
FN:5,googlePayInit
FNF:1
FNH:1
FNDA:5,googlePayInit
DA:6,5
DA:7,1
DA:9,4
DA:12,4
DA:13,4
LF:5
LH:5
BRDA:6,0,0,1
BRDA:6,0,1,4
BRF:2
BRH:2
end_of_record
TN:
SF:src/fp/index.ts
FNF:0
FNH:0
LF:0
LH:0
BRF:0
BRH:0
end_of_record
TN:
SF:src/fp/isApplePayAvailable.ts
FN:5,isApplePayAvailable
FNF:1
FNH:1
FNDA:3,isApplePayAvailable
DA:6,3
DA:7,1
DA:9,2
LF:3
LH:3
BRDA:6,0,0,1
BRDA:6,0,1,2
BRF:2
BRH:2
end_of_record
TN:
SF:src/fp/isAtomeAvailable.ts
FN:5,isAtomeAvailable
FNF:1
FNH:1
FNDA:3,isAtomeAvailable
DA:6,3
DA:7,1
DA:9,2
DA:10,2
LF:4
LH:4
BRDA:6,0,0,1
BRDA:6,0,1,2
BRF:2
BRH:2
end_of_record
TN:
SF:src/fp/isEasyWalletAvailable.ts
FN:5,isEasyWalletAvailable
FNF:1
FNH:1
FNDA:3,isEasyWalletAvailable
DA:6,3
DA:7,1
DA:9,2
DA:11,2
LF:4
LH:4
BRDA:6,0,0,1
BRDA:6,0,1,2
BRF:2
BRH:2
end_of_record
TN:
SF:src/fp/isJkoPayAvailable.ts
FN:5,isJkoPayAvailable
FNF:1
FNH:1
FNDA:3,isJkoPayAvailable
DA:6,3
DA:7,1
DA:9,2
DA:10,2
LF:4
LH:4
BRDA:6,0,0,1
BRDA:6,0,1,2
BRF:2
BRH:2
end_of_record
TN:
SF:src/fp/isLinePayAvailable.ts
FN:5,isLinePayAvailable
FNF:1
FNH:1
FNDA:3,isLinePayAvailable
DA:6,3
DA:7,1
DA:9,2
DA:10,2
LF:4
LH:4
BRDA:6,0,0,1
BRDA:6,0,1,2
BRF:2
BRH:2
end_of_record
TN:
SF:src/fp/isPiWalletAvailable.ts
FN:5,isPiWalletAvailable
FNF:1
FNH:1
FNDA:3,isPiWalletAvailable
DA:6,3
DA:7,1
DA:9,2
DA:10,2
LF:4
LH:4
BRDA:6,0,0,1
BRDA:6,0,1,2
BRF:2
BRH:2
end_of_record
TN:
SF:src/fp/isPlusPayAvailable.ts
FN:5,isPlusPayAvailable
FNF:1
FNH:1
FNDA:3,isPlusPayAvailable
DA:6,3
DA:7,1
DA:9,2
DA:10,2
LF:4
LH:4
BRDA:6,0,0,1
BRDA:6,0,1,2
BRF:2
BRH:2
end_of_record
TN:
SF:src/fp/jkoPayHandleUniversalLink.ts
FN:5,jkoPayHandleUniversalLink
FNF:1
FNH:1
FNDA:3,jkoPayHandleUniversalLink
DA:6,3
DA:7,1
DA:9,2
DA:12,2
LF:4
LH:4
BRDA:6,0,0,1
BRDA:6,0,1,2
BRF:2
BRH:2
end_of_record
TN:
SF:src/fp/jkoPayInit.ts
FN:5,jkoPayInit
FNF:1
FNH:1
FNDA:5,jkoPayInit
DA:6,5
DA:7,1
DA:9,4
DA:12,4
DA:13,4
LF:5
LH:5
BRDA:6,0,0,1
BRDA:6,0,1,4
BRF:2
BRH:2
end_of_record
TN:
SF:src/fp/jkoPayRedirectWithUrl.ts
FN:5,jkoPayRedirectWithUrl
FNF:1
FNH:1
FNDA:3,jkoPayRedirectWithUrl
DA:6,3
DA:7,1
DA:9,2
DA:12,2
LF:4
LH:4
BRDA:6,0,0,1
BRDA:6,0,1,2
BRF:2
BRH:2
end_of_record
TN:
SF:src/fp/linePayHandleURL.ts
FN:5,linePayHandleURL
FNF:1
FNH:1
FNDA:3,linePayHandleURL
DA:6,3
DA:7,1
DA:10,2
LF:3
LH:3
BRDA:6,0,0,1
BRDA:6,0,1,2
BRF:2
BRH:2
end_of_record
TN:
SF:src/fp/linePayInit.ts
FN:5,linePayInit
FNF:1
FNH:1
FNDA:5,linePayInit
DA:6,5
DA:7,1
DA:10,4
DA:13,4
DA:14,4
LF:5
LH:5
BRDA:6,0,0,1
BRDA:6,0,1,4
BRF:2
BRH:2
end_of_record
TN:
SF:src/fp/linePayRedirectWithUrl.ts
FN:5,linePayRedirectWithUrl
FNF:1
FNH:1
FNDA:3,linePayRedirectWithUrl
DA:6,3
DA:7,1
DA:9,2
DA:12,2
LF:4
LH:4
BRDA:6,0,0,1
BRDA:6,0,1,2
BRF:2
BRH:2
end_of_record
TN:
SF:src/fp/piWalletHandleUniversalLink.ts
FN:5,piWalletHandleUniversalLink
FNF:1
FNH:1
FNDA:3,piWalletHandleUniversalLink
DA:6,3
DA:7,1
DA:10,2
DA:11,2
LF:4
LH:4
BRDA:6,0,0,1
BRDA:6,0,1,2
BRF:2
BRH:2
end_of_record
TN:
SF:src/fp/piWalletInit.ts
FN:5,piWalletInit
FNF:1
FNH:1
FNDA:5,piWalletInit
DA:6,5
DA:7,1
DA:9,4
DA:12,4
DA:13,4
LF:5
LH:5
BRDA:6,0,0,1
BRDA:6,0,1,4
BRF:2
BRH:2
end_of_record
TN:
SF:src/fp/piWalletRedirectWithUrl.ts
FN:5,piWalletRedirectWithUrl
FNF:1
FNH:1
FNDA:3,piWalletRedirectWithUrl
DA:6,3
DA:7,1
DA:9,2
DA:12,2
LF:4
LH:4
BRDA:6,0,0,1
BRDA:6,0,1,2
BRF:2
BRH:2
end_of_record
TN:
SF:src/fp/plusPayInit.ts
FN:5,plusPayInit
FNF:1
FNH:1
FNDA:5,plusPayInit
DA:6,5
DA:7,1
DA:9,4
DA:12,4
DA:13,4
LF:5
LH:5
BRDA:6,0,0,1
BRDA:6,0,1,4
BRF:2
BRH:2
end_of_record
TN:
SF:src/fp/plusPayRedirectWithUrl.ts
FN:5,plusPayRedirectWithUrl
FNF:1
FNH:1
FNDA:3,plusPayRedirectWithUrl
DA:6,3
DA:7,1
DA:9,2
DA:12,2
LF:4
LH:4
BRDA:6,0,0,1
BRDA:6,0,1,2
BRF:2
BRH:2
end_of_record
TN:
SF:src/fp/plusPayhandleUniversalLink.ts
FN:5,plusPayhandleUniversalLink
FNF:1
FNH:1
FNDA:3,plusPayhandleUniversalLink
DA:6,3
DA:7,1
DA:10,2
DA:11,2
LF:4
LH:4
BRDA:6,0,0,1
BRDA:6,0,1,2
BRF:2
BRH:2
end_of_record
TN:
SF:src/fp/samsungPayInit.ts
FN:5,samsungPayInit
FNF:1
FNH:1
FNDA:5,samsungPayInit
DA:11,5
DA:12,1
DA:14,4
DA:20,4
DA:21,4
LF:5
LH:5
BRDA:11,0,0,1
BRDA:11,0,1,4
BRF:2
BRH:2
end_of_record
TN:
SF:src/fp/setDirectPayTPDCard.ts
FN:5,setDirectPayTPDCard
FNF:1
FNH:1
FNDA:5,setDirectPayTPDCard
DA:11,5
DA:12,1
DA:14,4
DA:20,4
DA:22,4
LF:5
LH:5
BRDA:11,0,0,1
BRDA:11,0,1,4
BRDA:24,1,0,4
BRDA:24,1,1,4
BRDA:24,1,2,4
BRF:5
BRH:5
end_of_record
TN:
SF:src/fp/tappayInitialization.ts
FN:26,tappayInitialization
FN:36,(anonymous_1)
FNF:2
FNH:2
FNDA:33,tappayInitialization
FNDA:33,(anonymous_1)
DA:35,33
DA:37,33
DA:38,33
DA:39,33
DA:40,31
DA:41,31
DA:42,31
DA:43,31
DA:44,31
DA:45,31
DA:46,31
DA:47,31
DA:48,31
DA:49,31
DA:50,31
DA:51,31
DA:52,31
DA:54,2
DA:55,1
DA:57,1
DA:59,2
DA:61,2
DA:65,33
LF:23
LH:23
BRDA:54,0,0,1
BRDA:54,0,1,1
BRF:2
BRH:2
end_of_record
TN:
SF:src/hooks/index.ts
FNF:0
FNH:0
LF:0
LH:0
BRF:0
BRH:0
end_of_record
TN:
SF:src/hooks/useSetDirectPayTPDCard.ts
FN:22,useSetDirectPayTPDCard
FN:30,(anonymous_1)
FN:31,(anonymous_2)
FNF:3
FNH:3
FNDA:5,useSetDirectPayTPDCard
FNDA:3,(anonymous_1)
FNDA:3,(anonymous_2)
DA:14,3
DA:28,5
DA:30,5
DA:31,3
DA:32,3
DA:33,3
DA:34,3
DA:35,1
DA:37,2
DA:38,2
DA:50,2
DA:52,2
DA:60,1
DA:61,1
DA:66,5
LF:15
LH:15
BRDA:23,0,0,2
BRDA:24,1,0,2
BRDA:25,2,0,2
BRDA:26,3,0,2
BRDA:34,4,0,1
BRDA:34,4,1,2
BRF:6
BRH:6
end_of_record
TN:
SF:src/hooks/useTPDApplePay.ts
FN:6,useTPDApplePay
FN:14,(anonymous_1)
FN:15,(anonymous_2)
FNF:3
FNH:3
FNDA:4,useTPDApplePay
FNDA:3,(anonymous_1)
FNDA:3,(anonymous_2)
DA:12,4
DA:14,4
DA:15,3
DA:16,3
DA:17,3
DA:18,3
DA:19,1
DA:21,2
DA:22,2
DA:29,2
DA:31,1
DA:32,1
DA:37,4
LF:13
LH:13
BRDA:18,0,0,1
BRDA:18,0,1,2
BRF:2
BRH:2
end_of_record
TN:
SF:src/hooks/useTPDAtome.ts
FN:6,useTPDAtome
FN:9,(anonymous_1)
FN:10,(anonymous_2)
FNF:3
FNH:3
FNDA:5,useTPDAtome
FNDA:3,(anonymous_1)
FNDA:3,(anonymous_2)
DA:7,5
DA:9,5
DA:10,3
DA:11,3
DA:12,3
DA:13,3
DA:14,1
DA:16,2
DA:17,2
DA:21,2
DA:23,1
DA:24,1
DA:29,5
LF:13
LH:13
BRDA:13,0,0,1
BRDA:13,0,1,2
BRF:2
BRH:2
end_of_record
TN:
SF:src/hooks/useTPDEasyWallet.ts
FN:6,useTPDEasyWallet
FN:9,(anonymous_1)
FN:10,(anonymous_2)
FNF:3
FNH:3
FNDA:5,useTPDEasyWallet
FNDA:3,(anonymous_1)
FNDA:3,(anonymous_2)
DA:7,5
DA:9,5
DA:10,3
DA:11,3
DA:12,3
DA:13,3
DA:14,1
DA:16,2
DA:17,2
DA:21,2
DA:23,1
DA:24,1
DA:29,5
LF:13
LH:13
BRDA:13,0,0,1
BRDA:13,0,1,2
BRF:2
BRH:2
end_of_record
TN:
SF:src/hooks/useTPDGetDeviceId.ts
FN:6,useTPDGetDeviceId
FN:8,(anonymous_1)
FN:9,(anonymous_2)
FNF:3
FNH:3
FNDA:3,useTPDGetDeviceId
FNDA:3,(anonymous_1)
FNDA:3,(anonymous_2)
DA:7,3
DA:8,3
DA:9,3
DA:10,3
DA:11,3
DA:12,3
DA:13,1
DA:15,2
DA:16,2
DA:17,2
DA:19,1
DA:20,1
DA:25,3
LF:13
LH:13
BRDA:12,0,0,1
BRDA:12,0,1,2
BRF:2
BRH:2
end_of_record
TN:
SF:src/hooks/useTPDGooglePay.ts
FN:6,useTPDGooglePay
FN:10,(anonymous_1)
FN:11,(anonymous_2)
FNF:3
FNH:3
FNDA:5,useTPDGooglePay
FNDA:3,(anonymous_1)
FNDA:3,(anonymous_2)
DA:7,5
DA:8,5
DA:10,5
DA:11,3
DA:12,3
DA:13,3
DA:14,3
DA:15,1
DA:17,2
DA:18,2
DA:22,2
DA:23,2
DA:25,1
DA:26,1
DA:31,5
LF:15
LH:15
BRDA:14,0,0,1
BRDA:14,0,1,2
BRF:2
BRH:2
end_of_record
TN:
SF:src/hooks/useTPDJkoPay.ts
FN:6,useTPDJkoPay
FN:9,(anonymous_1)
FN:10,(anonymous_2)
FNF:3
FNH:3
FNDA:5,useTPDJkoPay
FNDA:3,(anonymous_1)
FNDA:3,(anonymous_2)
DA:7,5
DA:9,5
DA:10,3
DA:11,3
DA:12,3
DA:13,3
DA:14,1
DA:16,2
DA:17,2
DA:21,2
DA:23,1
DA:24,1
DA:29,5
LF:13
LH:13
BRDA:13,0,0,1
BRDA:13,0,1,2
BRF:2
BRH:2
end_of_record
TN:
SF:src/hooks/useTPDLinePay.ts
FN:6,useTPDLinePay
FN:9,(anonymous_1)
FN:10,(anonymous_2)
FNF:3
FNH:3
FNDA:5,useTPDLinePay
FNDA:3,(anonymous_1)
FNDA:3,(anonymous_2)
DA:7,5
DA:9,5
DA:10,3
DA:11,3
DA:12,3
DA:13,3
DA:14,1
DA:16,2
DA:17,2
DA:21,2
DA:23,1
DA:24,1
DA:29,5
LF:13
LH:13
BRDA:13,0,0,1
BRDA:13,0,1,2
BRF:2
BRH:2
end_of_record
TN:
SF:src/hooks/useTPDPiWallet.ts
FN:6,useTPDPiWallet
FN:9,(anonymous_1)
FN:10,(anonymous_2)
FNF:3
FNH:3
FNDA:5,useTPDPiWallet
FNDA:3,(anonymous_1)
FNDA:3,(anonymous_2)
DA:7,5
DA:9,5
DA:10,3
DA:11,3
DA:12,3
DA:13,3
DA:14,1
DA:16,2
DA:17,2
DA:21,2
DA:23,1
DA:24,1
DA:29,5
LF:13
LH:13
BRDA:13,0,0,1
BRDA:13,0,1,2
BRF:2
BRH:2
end_of_record
TN:
SF:src/hooks/useTPDPlusPay.ts
FN:6,useTPDPlusPay
FN:9,(anonymous_1)
FN:10,(anonymous_2)
FNF:3
FNH:3
FNDA:5,useTPDPlusPay
FNDA:3,(anonymous_1)
FNDA:3,(anonymous_2)
DA:7,5
DA:9,5
DA:10,3
DA:11,3
DA:12,3
DA:13,3
DA:14,1
DA:16,2
DA:17,2
DA:21,2
DA:23,1
DA:24,1
DA:29,5
LF:13
LH:13
BRDA:13,0,0,1
BRDA:13,0,1,2
BRF:2
BRH:2
end_of_record
TN:
SF:src/hooks/useTPDSamsungPay.ts
FN:6,useTPDSamsungPay
FN:14,(anonymous_1)
FN:15,(anonymous_2)
FNF:3
FNH:3
FNDA:4,useTPDSamsungPay
FNDA:3,(anonymous_1)
FNDA:3,(anonymous_2)
DA:12,4
DA:14,4
DA:15,3
DA:16,3
DA:17,3
DA:18,3
DA:19,1
DA:21,2
DA:22,2
DA:29,2
DA:31,1
DA:32,1
DA:37,4
LF:13
LH:13
BRDA:18,0,0,1
BRDA:18,0,1,2
BRF:2
BRH:2
end_of_record
TN:
SF:src/oop/constructor.ts
FN:35,(anonymous_0)
FN:38,(anonymous_1)
FN:41,(anonymous_2)
FN:44,(anonymous_3)
FN:47,(anonymous_4)
FN:50,(anonymous_5)
FN:54,(anonymous_6)
FN:57,(anonymous_7)
FN:61,(anonymous_8)
FN:64,(anonymous_9)
FN:68,(anonymous_10)
FN:71,(anonymous_11)
FN:75,(anonymous_12)
FN:78,(anonymous_13)
FN:82,(anonymous_14)
FN:85,(anonymous_15)
FN:89,(anonymous_16)
FN:92,(anonymous_17)
FN:96,(anonymous_18)
FN:99,(anonymous_19)
FN:103,(anonymous_20)
FN:106,(anonymous_21)
FN:110,(anonymous_22)
FN:113,(anonymous_23)
FN:117,(anonymous_24)
FN:120,(anonymous_25)
FN:124,(anonymous_26)
FN:127,(anonymous_27)
FN:131,(anonymous_28)
FN:140,(anonymous_29)
FN:170,(anonymous_30)
FN:182,(anonymous_31)
FN:207,(anonymous_32)
FN:217,(anonymous_33)
FN:228,(anonymous_34)
FN:245,(anonymous_35)
FN:252,(anonymous_36)
FN:272,(anonymous_37)
FN:288,(anonymous_38)
FN:296,(anonymous_39)
FN:304,(anonymous_40)
FN:316,(anonymous_41)
FN:324,(anonymous_42)
FN:334,(anonymous_43)
FN:353,(anonymous_44)
FN:374,(anonymous_45)
FN:382,(anonymous_46)
FN:393,(anonymous_47)
FN:401,(anonymous_48)
FN:411,(anonymous_49)
FN:420,(anonymous_50)
FN:428,(anonymous_51)
FN:439,(anonymous_52)
FN:447,(anonymous_53)
FN:458,(anonymous_54)
FN:467,(anonymous_55)
FN:475,(anonymous_56)
FN:486,(anonymous_57)
FN:494,(anonymous_58)
FN:504,(anonymous_59)
FN:513,(anonymous_60)
FN:521,(anonymous_61)
FN:532,(anonymous_62)
FN:540,(anonymous_63)
FN:550,(anonymous_64)
FN:559,(anonymous_65)
FN:567,(anonymous_66)
FN:578,(anonymous_67)
FN:586,(anonymous_68)
FN:596,(anonymous_69)
FN:605,(anonymous_70)
FN:626,(anonymous_71)
FN:641,(anonymous_72)
FN:666,(anonymous_73)
FN:681,(anonymous_74)
FN:706,(anonymous_75)
FN:721,(anonymous_76)
FN:738,(anonymous_77)
FN:755,(anonymous_78)
FNF:79
FNH:79
FNDA:1,(anonymous_0)
FNDA:9,(anonymous_1)
FNDA:1,(anonymous_2)
FNDA:9,(anonymous_3)
FNDA:36,(anonymous_4)
FNDA:9,(anonymous_5)
FNDA:109,(anonymous_6)
FNDA:13,(anonymous_7)
FNDA:14,(anonymous_8)
FNDA:20,(anonymous_9)
FNDA:4,(anonymous_10)
FNDA:13,(anonymous_11)
FNDA:3,(anonymous_12)
FNDA:13,(anonymous_13)
FNDA:7,(anonymous_14)
FNDA:13,(anonymous_15)
FNDA:4,(anonymous_16)
FNDA:13,(anonymous_17)
FNDA:10,(anonymous_18)
FNDA:13,(anonymous_19)
FNDA:10,(anonymous_20)
FNDA:13,(anonymous_21)
FNDA:9,(anonymous_22)
FNDA:13,(anonymous_23)
FNDA:9,(anonymous_24)
FNDA:13,(anonymous_25)
FNDA:9,(anonymous_26)
FNDA:11,(anonymous_27)
FNDA:11,(anonymous_28)
FNDA:11,(anonymous_29)
FNDA:12,(anonymous_30)
FNDA:5,(anonymous_31)
FNDA:4,(anonymous_32)
FNDA:6,(anonymous_33)
FNDA:5,(anonymous_34)
FNDA:3,(anonymous_35)
FNDA:6,(anonymous_36)
FNDA:5,(anonymous_37)
FNDA:3,(anonymous_38)
FNDA:3,(anonymous_39)
FNDA:6,(anonymous_40)
FNDA:4,(anonymous_41)
FNDA:3,(anonymous_42)
FNDA:6,(anonymous_43)
FNDA:5,(anonymous_44)
FNDA:3,(anonymous_45)
FNDA:6,(anonymous_46)
FNDA:4,(anonymous_47)
FNDA:3,(anonymous_48)
FNDA:3,(anonymous_49)
FNDA:3,(anonymous_50)
FNDA:6,(anonymous_51)
FNDA:4,(anonymous_52)
FNDA:3,(anonymous_53)
FNDA:3,(anonymous_54)
FNDA:3,(anonymous_55)
FNDA:6,(anonymous_56)
FNDA:3,(anonymous_57)
FNDA:3,(anonymous_58)
FNDA:3,(anonymous_59)
FNDA:3,(anonymous_60)
FNDA:6,(anonymous_61)
FNDA:3,(anonymous_62)
FNDA:3,(anonymous_63)
FNDA:3,(anonymous_64)
FNDA:3,(anonymous_65)
FNDA:3,(anonymous_66)
FNDA:3,(anonymous_67)
FNDA:3,(anonymous_68)
FNDA:3,(anonymous_69)
FNDA:3,(anonymous_70)
FNDA:4,(anonymous_71)
FNDA:4,(anonymous_72)
FNDA:4,(anonymous_73)
FNDA:4,(anonymous_74)
FNDA:4,(anonymous_75)
FNDA:4,(anonymous_76)
FNDA:4,(anonymous_77)
FNDA:4,(anonymous_78)
DA:36,1
DA:39,9
DA:42,1
DA:45,9
DA:48,36
DA:51,9
DA:55,109
DA:58,13
DA:62,14
DA:65,20
DA:69,4
DA:72,13
DA:76,3
DA:79,13
DA:83,7
DA:86,13
DA:90,4
DA:93,13
DA:97,10
DA:100,13
DA:104,10
DA:107,13
DA:111,9
DA:114,13
DA:118,9
DA:121,13
DA:125,9
DA:128,11
DA:140,11
DA:141,11
DA:142,11
DA:143,11
DA:144,9
DA:145,9
DA:146,9
DA:147,9
DA:148,9
DA:149,9
DA:150,9
DA:151,9
DA:152,9
DA:153,9
DA:154,9
DA:155,9
DA:156,9
DA:158,2
DA:159,1
DA:161,1
DA:163,2
DA:167,11
DA:171,12
DA:172,1
DA:174,11
DA:175,2
DA:177,9
DA:178,9
DA:179,9
DA:188,5
DA:189,2
DA:191,3
DA:199,3
DA:201,3
DA:208,4
DA:209,1
DA:211,3
DA:214,3
DA:218,6
DA:219,2
DA:221,4
DA:224,4
DA:225,4
DA:232,5
DA:233,1
DA:235,4
DA:236,2
DA:238,2
DA:242,2
DA:246,3
DA:247,1
DA:249,2
DA:258,6
DA:259,2
DA:262,4
DA:268,4
DA:269,4
DA:273,5
DA:274,1
DA:276,4
DA:277,1
DA:279,3
DA:280,1
DA:282,2
DA:285,2
DA:289,3
DA:290,1
DA:293,2
DA:297,3
DA:298,1
DA:300,2
DA:301,2
DA:305,6
DA:306,2
DA:309,4
DA:312,4
DA:313,4
DA:317,4
DA:318,1
DA:320,3
DA:321,3
DA:325,3
DA:326,1
DA:328,2
DA:331,2
DA:340,6
DA:341,2
DA:343,4
DA:349,4
DA:350,4
DA:359,5
DA:360,1
DA:362,4
DA:363,2
DA:365,2
DA:371,2
DA:375,3
DA:376,1
DA:378,2
DA:379,2
DA:383,6
DA:384,2
DA:386,4
DA:389,4
DA:390,4
DA:394,4
DA:395,1
DA:397,3
DA:398,3
DA:402,3
DA:403,1
DA:405,2
DA:408,2
DA:412,3
DA:413,1
DA:416,2
DA:417,2
DA:421,3
DA:422,1
DA:424,2
DA:425,2
DA:429,6
DA:430,2
DA:432,4
DA:435,4
DA:436,4
DA:440,4
DA:441,1
DA:443,3
DA:444,3
DA:448,3
DA:449,1
DA:452,2
DA:455,2
DA:459,3
DA:460,1
DA:463,2
DA:464,2
DA:468,3
DA:469,1
DA:471,2
DA:472,2
DA:476,6
DA:477,2
DA:479,4
DA:482,4
DA:483,4
DA:487,3
DA:488,1
DA:490,2
DA:491,2
DA:495,3
DA:496,1
DA:498,2
DA:501,2
DA:505,3
DA:506,1
DA:509,2
DA:510,2
DA:514,3
DA:515,1
DA:517,2
DA:518,2
DA:522,6
DA:523,2
DA:525,4
DA:528,4
DA:529,4
DA:533,3
DA:534,1
DA:536,2
DA:537,2
DA:541,3
DA:542,1
DA:544,2
DA:547,2
DA:551,3
DA:552,1
DA:555,2
DA:556,2
DA:560,3
DA:561,1
DA:563,2
DA:564,2
DA:568,3
DA:569,1
DA:571,2
DA:574,2
DA:575,2
DA:579,3
DA:580,1
DA:582,2
DA:583,2
DA:587,3
DA:588,1
DA:590,2
DA:593,2
DA:597,3
DA:598,1
DA:601,2
DA:602,2
DA:606,3
DA:607,3
DA:608,1
DA:610,2
DA:616,1
DA:618,1
DA:619,1
DA:620,1
DA:622,1
DA:627,4
DA:628,4
DA:629,1
DA:631,3
DA:632,2
DA:633,1
DA:634,1
DA:637,1
DA:647,4
DA:648,4
DA:649,1
DA:651,3
DA:657,2
DA:658,1
DA:659,1
DA:662,1
DA:667,4
DA:668,4
DA:669,1
DA:671,3
DA:672,2
DA:673,1
DA:674,1
DA:677,1
DA:687,4
DA:688,4
DA:689,1
DA:691,3
DA:697,2
DA:698,1
DA:699,1
DA:702,1
DA:707,4
DA:708,4
DA:709,1
DA:711,3
DA:712,2
DA:713,1
DA:714,1
DA:717,1
DA:722,4
DA:723,4
DA:724,1
DA:726,3
DA:729,2
DA:730,1
DA:731,1
DA:734,1
DA:739,4
DA:740,4
DA:741,1
DA:744,3
DA:751,1
DA:756,4
DA:757,4
DA:758,1
DA:761,3
DA:768,1
LF:296
LH:296
BRDA:69,0,0,4
BRDA:69,0,1,2
BRDA:76,1,0,3
BRDA:76,1,1,1
BRDA:83,2,0,7
BRDA:83,2,1,2
BRDA:90,3,0,4
BRDA:90,3,1,2
BRDA:97,4,0,10
BRDA:97,4,1,3
BRDA:104,5,0,10
BRDA:104,5,1,3
BRDA:111,6,0,9
BRDA:111,6,1,3
BRDA:118,7,0,9
BRDA:118,7,1,3
BRDA:125,8,0,9
BRDA:125,8,1,3
BRDA:158,9,0,1
BRDA:158,9,1,1
BRDA:171,10,0,1
BRDA:171,10,1,11
BRDA:174,11,0,2
BRDA:174,11,1,9
BRDA:188,12,0,2
BRDA:188,12,1,3
BRDA:203,13,0,3
BRDA:203,13,1,3
BRDA:203,13,2,3
BRDA:207,14,0,4
BRDA:208,15,0,1
BRDA:208,15,1,3
BRDA:218,16,0,2
BRDA:218,16,1,4
BRDA:230,17,0,1
BRDA:232,18,0,1
BRDA:232,18,1,4
BRDA:235,19,0,2
BRDA:235,19,1,2
BRDA:246,20,0,1
BRDA:246,20,1,2
BRDA:258,21,0,2
BRDA:258,21,1,4
BRDA:273,22,0,1
BRDA:273,22,1,4
BRDA:276,23,0,1
BRDA:276,23,1,3
BRDA:279,24,0,1
BRDA:279,24,1,2
BRDA:289,25,0,1
BRDA:289,25,1,2
BRDA:297,26,0,1
BRDA:297,26,1,2
BRDA:305,27,0,2
BRDA:305,27,1,4
BRDA:317,28,0,1
BRDA:317,28,1,3
BRDA:325,29,0,1
BRDA:325,29,1,2
BRDA:340,30,0,2
BRDA:340,30,1,4
BRDA:359,31,0,1
BRDA:359,31,1,4
BRDA:362,32,0,2
BRDA:362,32,1,2
BRDA:375,33,0,1
BRDA:375,33,1,2
BRDA:383,34,0,2
BRDA:383,34,1,4
BRDA:394,35,0,1
BRDA:394,35,1,3
BRDA:402,36,0,1
BRDA:402,36,1,2
BRDA:412,37,0,1
BRDA:412,37,1,2
BRDA:421,38,0,1
BRDA:421,38,1,2
BRDA:429,39,0,2
BRDA:429,39,1,4
BRDA:440,40,0,1
BRDA:440,40,1,3
BRDA:448,41,0,1
BRDA:448,41,1,2
BRDA:459,42,0,1
BRDA:459,42,1,2
BRDA:468,43,0,1
BRDA:468,43,1,2
BRDA:476,44,0,2
BRDA:476,44,1,4
BRDA:487,45,0,1
BRDA:487,45,1,2
BRDA:495,46,0,1
BRDA:495,46,1,2
BRDA:505,47,0,1
BRDA:505,47,1,2
BRDA:514,48,0,1
BRDA:514,48,1,2
BRDA:522,49,0,2
BRDA:522,49,1,4
BRDA:533,50,0,1
BRDA:533,50,1,2
BRDA:541,51,0,1
BRDA:541,51,1,2
BRDA:551,52,0,1
BRDA:551,52,1,2
BRDA:560,53,0,1
BRDA:560,53,1,2
BRDA:568,54,0,1
BRDA:568,54,1,2
BRDA:579,55,0,1
BRDA:579,55,1,2
BRDA:587,56,0,1
BRDA:587,56,1,2
BRDA:597,57,0,1
BRDA:597,57,1,2
BRDA:607,58,0,1
BRDA:607,58,1,2
BRDA:628,59,0,1
BRDA:628,59,1,3
BRDA:632,60,0,1
BRDA:632,60,1,1
BRDA:648,61,0,1
BRDA:648,61,1,3
BRDA:657,62,0,1
BRDA:657,62,1,1
BRDA:668,63,0,1
BRDA:668,63,1,3
BRDA:672,64,0,1
BRDA:672,64,1,1
BRDA:688,65,0,1
BRDA:688,65,1,3
BRDA:697,66,0,1
BRDA:697,66,1,1
BRDA:708,67,0,1
BRDA:708,67,1,3
BRDA:712,68,0,1
BRDA:712,68,1,1
BRDA:723,69,0,1
BRDA:723,69,1,3
BRDA:729,70,0,1
BRDA:729,70,1,1
BRDA:740,71,0,1
BRDA:740,71,1,3
BRDA:757,72,0,1
BRDA:757,72,1,3
BRF:145
BRH:145
end_of_record
TN:
SF:src/oop/index.ts
FNF:0
FNH:0
LF:0
LH:0
BRF:0
BRH:0
end_of_record
TN:
SF:src/oop/instance.ts
FNF:0
FNH:0
DA:3,3
LF:1
LH:1
BRF:0
BRH:0
end_of_record
